[10:19:16.780] Global cache location '/home/jorge/.cache/typescript/4.0', safe file path '/home/jorge/.config/yarn/global/node_modules/typescript/lib/typingSafeList.json', types map path /home/jorge/.config/yarn/global/node_modules/typescript/lib/typesMap.json
[10:19:16.781] Processing cache location '/home/jorge/.cache/typescript/4.0'
[10:19:16.781] Trying to find '/home/jorge/.cache/typescript/4.0/package.json'...
[10:19:16.998] Loaded content of '/home/jorge/.cache/typescript/4.0/package.json': {"private":true,"dependencies":{"types-registry":"^0.1.517"},"devDependencies":{"@types/abbrev":"^1.1.1","@types/accepts":"^1.3.5","@types/ajv-errors":"^1.0.2","@types/ajv-keywords":"^3.4.0","@types/ansi-styles":"^3.2.1","@types/anymatch":"^1.3.1","@types/are-we-there-yet":"^1.1.0","@types/argparse":"^2.0.4","@types/aria-query":"^4.2.0","@types/arr-diff":"^4.0.0","@types/arr-union":"^3.1.0","@types/array-find-index":"^1.0.0","@types/array-unique":"^0.3.0","@types/array.prototype.flat":"^1.2.1","@types/array.prototype.flatmap":"^1.2.2","@types/asap":"^2.0.0","@types/asn1":"^0.2.0","@types/assert":"^1.5.2","@types/assert-plus":"^1.0.4","@types/async":"^3.2.4","@types/atob":"^2.1.2","@types/autoprefixer":"^9.7.2","@types/aws4":"^1.5.1","@types/babel-code-frame":"^6.20.4","@types/babel-plugin-macros":"^2.8.4","@types/babel__core":"^7.1.10","@types/babylon":"^6.16.5","@types/backo2":"^1.0.1","@types/balanced-match":"^1.0.1","@types/base16":"^1.0.2","@types/base64-arraybuffer":"^0.1.0","@types/base64-js":"^1.3.0","@types/base64id":"^2.0.0","@types/big.js":"^6.0.0","@types/bl":"^2.1.0","@types/bluebird":"^3.5.33","@types/bmp-js":"^0.1.0","@types/bn.js":"^4.11.6","@types/body-parser":"^1.19.0","@types/bonjour":"^3.5.8","@types/brace-expansion":"^1.1.0","@types/braces":"^3.0.0","@types/brorand":"^1.0.30","@types/browser-resolve":"^2.0.0","@types/browserslist":"^4.8.0","@types/bser":"^2.0.0","@types/buffer-equal":"0.0.30","@types/buffer-from":"^1.1.0","@types/buffer-json":"^2.0.0","@types/buffer-xor":"^2.0.0","@types/bytes":"^3.1.0","@types/cacache":"^12.0.1","@types/callsite":"^1.0.30","@types/caniuse-api":"^3.0.1","@types/caniuse-lite":"^1.0.0","@types/case-sensitive-paths-webpack-plugin":"^2.1.4","@types/caseless":"^0.12.2","@types/chardet":"^0.8.0","@types/check-types":"^7.3.1","@types/chownr":"^1.0.0","@types/ci-info":"^2.0.0","@types/cipher-base":"^1.0.0","@types/classnames":"^2.2.11","@types/clean-css":"^4.2.2","@types/clone":"^2.1.0","@types/clone-deep":"^4.0.1","@types/cloneable-readable":"^2.0.0","@types/co":"^4.6.2","@types/codemirror":"0.0.98","@types/color":"^3.0.1","@types/color-convert":"^1.9.0","@types/color-name":"^1.1.1","@types/color-string":"^1.5.0","@types/combined-stream":"^1.0.2","@types/common-tags":"^1.8.0","@types/commondir":"^1.0.0","@types/component-emitter":"^1.2.10","@types/compose-function":"0.0.30","@types/compressible":"^2.0.0","@types/compression":"^1.7.0","@types/concat-map":"0.0.0","@types/concat-stream":"^1.6.0","@types/concurrently":"^5.2.1","@types/confusing-browser-globals":"^1.0.0","@types/connect-history-api-fallback":"^1.3.3","@types/contains-path":"^1.0.0","@types/content-disposition":"^0.5.3","@types/content-type":"^1.1.3","@types/convert-source-map":"^1.5.1","@types/cookie":"^0.4.0","@types/cookie-signature":"^1.0.3","@types/core-js":"^2.5.4","@types/create-hash":"^1.2.2","@types/create-hmac":"^1.1.0","@types/cross-spawn":"^6.0.2","@types/css":"0.0.31","@types/css-declaration-sorter":"^5.1.0","@types/css-tree":"^1.0.4","@types/cssesc":"^3.0.0","@types/cssnano":"^4.0.0","@types/csso":"^3.5.1","@types/cssom":"^0.4.1","@types/cssstyle":"^2.2.1","@types/d":"^1.0.0","@types/dashdash":"^1.14.0","@types/data-urls":"^2.0.0","@types/debug":"^4.1.5","@types/decode-uri-component":"^0.2.0","@types/dedent":"^0.7.0","@types/deep-equal":"^1.0.1","@types/deep-extend":"^0.4.31","@types/default-gateway":"^3.0.1","@types/define-properties":"^1.1.3","@types/depd":"^1.1.32","@types/destroy":"^1.0.0","@types/detect-node":"^2.0.0","@types/diff-match-patch":"^1.0.32","@types/diffie-hellman":"^5.0.0","@types/dir-glob":"^2.0.0","@types/doctrine":"0.0.3","@types/domexception":"^2.0.1","@types/domhandler":"^2.4.1","@types/domutils":"^1.7.3","@types/duplexify":"^3.6.0","@types/duplicate-package-checker-webpack-plugin":"^2.1.0","@types/ee-first":"^1.1.0","@types/ejs":"^3.0.5","@types/elliptic":"^6.4.12","@types/encodeurl":"^1.0.0","@types/end-of-stream":"^1.4.0","@types/engine.io":"^3.1.4","@types/engine.io-client":"^3.1.4","@types/enhanced-resolve":"^3.0.6","@types/entities":"^1.1.1","@types/es-abstract":"^1.17.2","@types/es-to-primitive":"^1.2.4","@types/es6-promisify":"^6.0.0","@types/escape-html":"^1.0.0","@types/escodegen":"0.0.6","@types/eslint":"^7.2.5","@types/eslint-scope":"^3.7.0","@types/eslint-visitor-keys":"^1.0.0","@types/esprima":"^4.0.2","@types/esquery":"^1.0.1","@types/estraverse":"^5.1.0","@types/etag":"^1.8.0","@types/event-stream":"^3.3.34","@types/events":"^3.0.0","@types/eventsource":"^1.1.5","@types/exenv":"^1.2.0","@types/exit":"^0.1.31","@types/expand-tilde":"^2.0.0","@types/express":"^4.17.9","@types/extend":"^3.0.1","@types/extsprintf":"^1.4.1","@types/fast-levenshtein":"0.0.1","@types/favicons":"^5.5.0","@types/fb-watchman":"^2.0.0","@types/fbemitter":"^2.0.32","@types/file-entry-cache":"^5.0.1","@types/file-loader":"^4.2.0","@types/file-saver":"^2.0.1","@types/finalhandler":"^1.1.0","@types/find-cache-dir":"^3.2.0","@types/find-root":"^1.1.2","@types/findup-sync":"^2.0.2","@types/flat-cache":"^2.0.0","@types/flush-write-stream":"^1.0.0","@types/flux":"^3.1.9","@types/follow-redirects":"^1.13.0","@types/forever-agent":"^0.6.0","@types/forwarded":"^0.1.0","@types/fresh":"^0.5.0","@types/from":"^0.1.29","@types/from2":"^2.3.0","@types/fs-extra":"^9.0.4","@types/function-bind":"^1.1.6","@types/get-caller-file":"^1.0.0","@types/get-value":"^3.0.1","@types/getpass":"^0.1.0","@types/git-revision-webpack-plugin":"^3.0.0","@types/glob":"^7.1.3","@types/glob-parent":"^5.1.0","@types/glob-to-regexp":"^0.4.0","@types/global-modules":"^2.0.0","@types/global-prefix":"^3.0.0","@types/graceful-fs":"^4.1.4","@types/has":"^1.0.0","@types/has-ansi":"^3.0.0","@types/has-symbols":"^1.0.0","@types/he":"^1.1.1","@types/hex-color-regex":"^1.1.0","@types/history":"^4.7.8","@types/hoist-non-react-statics":"^3.3.1","@types/hosted-git-info":"^3.0.1","@types/html-encoding-sniffer":"^2.0.1","@types/html-entities":"^1.2.16","@types/html-escaper":"^3.0.0","@types/html-minifier-terser":"^5.1.1","@types/htmlparser2":"^3.10.2","@types/http-errors":"^1.8.0","@types/http-proxy":"^1.17.4","@types/http-proxy-middleware":"^0.19.3","@types/icss-utils":"^4.1.0","@types/iferr":"^1.0.2","@types/imurmurhash":"^0.1.1","@types/inherits":"0.0.30","@types/ini":"^1.3.30","@types/inquirer":"^7.3.1","@types/insert-css":"^2.0.0","@types/internal-slot":"^1.0.1","@types/interpret":"^1.1.1","@types/invariant":"^2.2.34","@types/ip":"^1.1.0","@types/is-buffer":"^2.0.0","@types/is-callable":"^1.1.0","@types/is-ci":"^2.0.0","@types/is-date-object":"^1.0.1","@types/is-finite":"^1.0.0","@types/is-function":"^1.0.0","@types/is-glob":"^4.0.1","@types/is-number":"^7.0.1","@types/is-object":"^1.0.1","@types/is-promise":"^2.1.0","@types/is-regex":"^1.0.0","@types/is-typedarray":"^1.0.0","@types/is-utf8":"^0.2.0","@types/is-windows":"^1.0.0","@types/isarray":"^2.0.0","@types/isexe":"^2.0.0","@types/isomorphic-fetch":"0.0.35","@types/isstream":"^0.1.0","@types/istanbul-lib-coverage":"^2.0.3","@types/istanbul-lib-instrument":"^1.7.4","@types/istanbul-lib-report":"^3.0.0","@types/istanbul-lib-source-maps":"^4.0.1","@types/istanbul-reports":"^3.0.0","@types/jake":"0.0.32","@types/js-yaml":"^3.12.5","@types/jsbn":"^1.2.29","@types/jsdom":"^16.2.5","@types/jsesc":"^2.5.1","@types/json-parse-better-errors":"^1.0.0","@types/json-schema":"^7.0.6","@types/json-schema-traverse":"^0.4.0","@types/json-stringify-safe":"^5.0.0","@types/json2mq":"^0.2.0","@types/json3":"^3.3.2","@types/json5":"0.0.30","@types/jsonfile":"^6.0.0","@types/jsontoxml":"^1.0.1","@types/jwt-decode":"^2.2.1","@types/kind-of":"^6.0.0","@types/language-tags":"^1.0.0","@types/less":"^3.0.1","@types/loader-runner":"^2.2.3","@types/loader-utils":"^2.0.1","@types/lodash":"^4.14.165","@types/lodash.curry":"^4.1.6","@types/lodash.defaultsdeep":"^4.6.6","@types/lodash.flow":"^3.5.6","@types/lodash.memoize":"^4.1.6","@types/lodash.sortby":"^4.7.6","@types/lodash.template":"^4.5.0","@types/lodash.uniq":"^4.5.6","@types/lolex":"^5.1.0","@types/lru-cache":"^5.1.0","@types/lz-string":"^1.3.34","@types/md5":"^2.2.1","@types/media-typer":"^1.1.0","@types/memory-fs":"^0.3.2","@types/meow":"^5.0.0","@types/merge-descriptors":"^1.0.1","@types/merge-stream":"^1.1.2","@types/merge2":"^1.3.0","@types/methods":"^1.1.1","@types/micromatch":"^4.0.1","@types/mime":"^2.0.3","@types/mime-db":"^1.43.0","@types/mime-types":"^2.1.0","@types/min-document":"^2.19.0","@types/min-indent":"^1.0.0","@types/mini-css-extract-plugin":"^1.2.1","@types/minimalistic-assert":"^1.0.1","@types/minimatch":"^3.0.3","@types/minimist":"^1.2.1","@types/minipass":"^2.2.0","@types/mkdirp":"^1.0.1","@types/move-concurrently":"^1.0.2","@types/ms":"^0.7.31","@types/mute-stream":"0.0.0","@types/natural-compare":"^1.4.0","@types/ncp":"^2.0.4","@types/negotiator":"^0.6.1","@types/nested-error-stacks":"^2.1.0","@types/next-tick":"^1.0.0","@types/nice-try":"^2.1.0","@types/node-abi":"^2.10.0","@types/node-fetch":"^2.5.7","@types/node-forge":"^0.9.5","@types/node-int64":"^0.4.29","@types/node-notifier":"^8.0.0","@types/nopt":"^3.0.29","@types/normalize-package-data":"^2.4.0","@types/normalize-path":"^3.0.0","@types/npmlog":"^4.1.2","@types/num2fraction":"^1.2.0","@types/number-is-nan":"^1.0.0","@types/object-assign":"^4.0.30","@types/object-hash":"^1.3.4","@types/object-inspect":"^1.8.0","@types/object-keys":"^1.0.1","@types/object.fromentries":"^2.0.0","@types/object.getownpropertydescriptors":"^2.1.1","@types/object.pick":"^1.3.0","@types/omggif":"^1.0.1","@types/on-finished":"^2.3.1","@types/on-headers":"^1.0.0","@types/once":"^1.4.0","@types/opener":"^1.4.0","@types/optimize-css-assets-webpack-plugin":"^5.0.1","@types/original":"^1.0.0","@types/os-tmpdir":"^1.0.0","@types/pako":"^1.0.1","@types/parallel-transform":"^1.1.0","@types/parse-author":"^2.0.0","@types/parse-json":"^4.0.0","@types/parse-passwd":"^1.0.0","@types/parse5":"^5.0.3","@types/parseurl":"^1.3.1","@types/pascalcase":"^1.0.0","@types/path-is-absolute":"^1.0.0","@types/path-is-inside":"^1.0.0","@types/path-parse":"^1.0.19","@types/pbkdf2":"^3.1.0","@types/picomatch":"^2.2.1","@types/pify":"^3.0.2","@types/pixelmatch":"^5.2.2","@types/pngjs":"^3.4.2","@types/postcss-calc":"^7.0.0","@types/postcss-custom-properties":"^9.1.0","@types/postcss-flexbugs-fixes":"^4.2.0","@types/postcss-focus-within":"^4.0.0","@types/postcss-gap-properties":"^2.0.0","@types/postcss-load-config":"^2.0.1","@types/postcss-modules-extract-imports":"^2.0.0","@types/postcss-modules-local-by-default":"^1.2.0","@types/postcss-modules-scope":"^1.1.0","@types/postcss-modules-values":"^3.0.0","@types/postcss-normalize":"^9.0.0","@types/postcss-preset-env":"^6.7.0","@types/postcss-safe-parser":"^4.0.0","@types/prelude-ls":"^1.1.29","@types/prettier":"^2.1.5","@types/pretty-time":"^1.1.0","@types/progress":"^2.0.3","@types/promise-inflight":"^1.0.0","@types/prompts":"^2.0.9","@types/prop-types":"^15.7.3","@types/proxy-addr":"^2.0.0","@types/proxy-from-env":"^1.0.1","@types/ps-tree":"^1.1.0","@types/psl":"^1.1.0","@types/pump":"^1.1.0","@types/pumpify":"^1.4.1","@types/punycode":"^2.1.0","@types/q":"^1.5.4","@types/qs":"^6.9.5","@types/querystringify":"^2.0.0","@types/raf":"^3.4.0","@types/randombytes":"^2.0.0","@types/range-parser":"^1.2.3","@types/rc":"^1.1.0","@types/rc-slider":"^8.6.6","@types/rc-switch":"^1.9.0","@types/rc-tooltip":"^3.7.3","@types/rc-tree":"^1.11.3","@types/react":"^17.0.0","@types/react-dev-utils":"^9.0.4","@types/react-dom":"^16.9.9","@types/react-is":"^16.7.1","@types/react-lifecycles-compat":"^3.0.1","@types/react-router":"^5.1.8","@types/react-router-dom":"^5.1.6","@types/react-textarea-autosize":"^4.3.5","@types/readable-stream":"^2.3.9","@types/readline-sync":"^1.4.3","@types/recursive-readdir":"^2.2.0","@types/regenerator-runtime":"^0.13.0","@types/relateurl":"^0.2.28","@types/repeat-element":"^1.1.0","@types/repeat-string":"^1.6.0","@types/repeating":"^3.0.0","@types/replace-ext":"^2.0.0","@types/request":"^2.48.5","@types/request-promise-native":"^1.0.17","@types/require-directory":"^2.1.1","@types/requires-port":"^1.0.0","@types/resize-img":"^1.1.0","@types/resolve":"^1.17.1","@types/retry":"^0.12.0","@types/rimraf":"^3.0.0","@types/ripemd160":"^2.0.0","@types/rsvp":"^4.0.3","@types/run-parallel":"^1.1.0","@types/rx":"^4.1.2","@types/safe-regex":"^1.1.2","@types/safer-buffer":"^2.1.0","@types/sane":"^2.0.0","@types/sass-loader":"^8.0.0","@types/sax":"^1.2.1","@types/scheduler":"^0.16.1","@types/semver":"^7.3.4","@types/send":"^0.14.5","@types/sentry__webpack-plugin":"^1.9.2","@types/serialize-javascript":"^4.0.0","@types/serve-index":"^1.7.30","@types/serve-static":"^1.13.8","@types/set-value":"^2.0.0","@types/setimmediate":"^1.0.2","@types/sha.js":"^2.4.0","@types/shallowequal":"^1.1.1","@types/sharp":"^0.26.0","@types/shebang-command":"^1.2.0","@types/shell-quote":"^1.7.0","@types/signal-exit":"^3.0.0","@types/slice-ansi":"^4.0.0","@types/socket.io":"^2.1.11","@types/socket.io-client":"^1.4.34","@types/socket.io-parser":"^2.2.1","@types/sockjs":"^0.3.32","@types/sockjs-client":"^1.1.1","@types/source-list-map":"^0.1.2","@types/source-map-support":"^0.5.3","@types/spdx-correct":"^2.0.0","@types/spdx-expression-parse":"^3.0.0","@types/spdy":"^3.4.4","@types/split":"^1.0.0","@types/sprintf":"^0.1.0","@types/sprintf-js":"^1.1.2","@types/sshpk":"^1.10.5","@types/ssri":"^7.1.0","@types/stack-utils":"^2.0.0","@types/statuses":"^2.0.0","@types/stream-each":"^1.2.0","@types/stream-shift":"^1.0.0","@types/strict-uri-encode":"^2.0.0","@types/string-natural-compare":"^3.0.0","@types/string.prototype.matchall":"^4.0.0","@types/stringify-object":"^3.3.0","@types/strip-comments":"^2.0.0","@types/supports-color":"^7.2.0","@types/svg-parser":"^2.0.1","@types/svgo":"^1.3.3","@types/symbol-tree":"^3.2.1","@types/table":"^6.0.0","@types/tapable":"^1.0.6","@types/tar":"^4.0.4","@types/tar-fs":"^2.0.0","@types/tar-stream":"^2.1.0","@types/terser-webpack-plugin":"^5.0.2","@types/testing-library__jest-dom":"^5.9.5","@types/text-table":"^0.2.1","@types/through":"0.0.30","@types/through2":"^2.0.36","@types/timsort":"^0.3.0","@types/tinycolor2":"^1.4.2","@types/tlds":"^1.199.0","@types/tmp":"^0.2.0","@types/to-ico":"^1.1.0","@types/tough-cookie":"^4.0.0","@types/tryer":"^1.0.1","@types/type-check":"^0.3.27","@types/type-detect":"^4.0.1","@types/type-is":"^1.6.3","@types/ua-parser-js":"^0.7.33","@types/underscore":"^1.10.24","@types/uniq":"0.0.27","@types/unist":"^2.0.3","@types/universalify":"^1.0.0","@types/urix":"^0.1.0","@types/url-parse":"^1.4.3","@types/url-regex-safe":"^1.0.0","@types/utif":"^3.0.1","@types/util-deprecate":"^1.0.0","@types/util.promisify":"^1.0.4","@types/utils-merge":"0.0.28","@types/uuid":"^8.3.0","@types/validate-npm-package-license":"^3.0.0","@types/vary":"^1.1.0","@types/verror":"^1.10.4","@types/vinyl":"^2.0.4","@types/w3c-xmlserializer":"^2.0.1","@types/warning":"^3.0.0","@types/watchpack":"^1.1.5","@types/webidl-conversions":"^6.1.0","@types/webpack":"^4.41.25","@types/webpack-bundle-analyzer":"^3.9.0","@types/webpack-dev-middleware":"^3.7.2","@types/webpack-dev-server":"^3.11.1","@types/webpack-hot-middleware":"^2.25.3","@types/webpack-manifest-plugin":"^2.1.0","@types/webpack-merge":"^4.1.5","@types/webpack-sources":"^2.0.0","@types/webpackbar":"^4.0.0","@types/whatwg-encoding":"^1.0.0","@types/whatwg-mimetype":"^2.1.0","@types/whatwg-url":"^8.0.0","@types/which":"^1.3.2","@types/which-pm-runs":"^1.0.0","@types/workbox-build":"^5.0.0","@types/workbox-sw":"^4.3.1","@types/workbox-webpack-plugin":"^5.1.5","@types/wrap-ansi":"^3.0.0","@types/write":"^2.0.0","@types/write-file-atomic":"^3.0.1","@types/ws":"^7.4.0","@types/xml2js":"^0.4.5","@types/xregexp":"^4.3.0","@types/xtend":"^4.0.3","@types/y18n":"^4.0.0","@types/yallist":"^3.0.1","@types/yargs":"^15.0.10","@types/yargs-parser":"^15.0.0","@types/yeast":"^0.1.1"}}
[10:19:16.998] Loaded content of '/home/jorge/.cache/typescript/4.0/package-lock.json'
[10:19:17.159] Adding entry into typings cache: 'abbrev' => '/home/jorge/.cache/typescript/4.0/node_modules/@types/abbrev/index.d.ts'
[10:19:17.258] Adding entry into typings cache: 'accepts' => '/home/jorge/.cache/typescript/4.0/node_modules/@types/accepts/index.d.ts'
[10:19:17.360] Adding entry into typings cache: 'ajv-errors' => '/home/jorge/.cache/typescript/4.0/node_modules/@types/ajv-errors/index.d.ts'
[10:19:17.481] Adding entry into typings cache: 'ajv-keywords' => '/home/jorge/.cache/typescript/4.0/node_modules/ajv-keywords/ajv-keywords.d.ts'
[10:19:17.708] Adding entry into typings cache: 'ansi-styles' => '/home/jorge/.cache/typescript/4.0/node_modules/@types/ansi-styles/index.d.ts'
[10:19:17.836] Adding entry into typings cache: 'anymatch' => '/home/jorge/.cache/typescript/4.0/node_modules/@types/anymatch/index.d.ts'
[10:19:17.908] Adding entry into typings cache: 'are-we-there-yet' => '/home/jorge/.cache/typescript/4.0/node_modules/@types/are-we-there-yet/index.d.ts'
[10:19:17.951] Adding entry into typings cache: 'argparse' => '/home/jorge/.cache/typescript/4.0/node_modules/@types/argparse/index.d.ts'
[10:19:17.979] Adding entry into typings cache: 'aria-query' => '/home/jorge/.cache/typescript/4.0/node_modules/@types/aria-query/index.d.ts'
[10:19:18.101] Adding entry into typings cache: 'arr-diff' => '/home/jorge/.cache/typescript/4.0/node_modules/@types/arr-diff/index.d.ts'
[10:19:18.118] Adding entry into typings cache: 'arr-union' => '/home/jorge/.cache/typescript/4.0/node_modules/@types/arr-union/index.d.ts'
[10:19:18.142] Adding entry into typings cache: 'array-find-index' => '/home/jorge/.cache/typescript/4.0/node_modules/@types/array-find-index/index.d.ts'
[10:19:18.157] Adding entry into typings cache: 'array-unique' => '/home/jorge/.cache/typescript/4.0/node_modules/@types/array-unique/index.d.ts'
[10:19:18.196] Adding entry into typings cache: 'array.prototype.flat' => '/home/jorge/.cache/typescript/4.0/node_modules/@types/array.prototype.flat/index.d.ts'
[10:19:18.230] Adding entry into typings cache: 'array.prototype.flatmap' => '/home/jorge/.cache/typescript/4.0/node_modules/@types/array.prototype.flatmap/index.d.ts'
[10:19:18.238] Adding entry into typings cache: 'asap' => '/home/jorge/.cache/typescript/4.0/node_modules/@types/asap/index.d.ts'
[10:19:18.246] Adding entry into typings cache: 'asn1' => '/home/jorge/.cache/typescript/4.0/node_modules/@types/asn1/index.d.ts'
[10:19:18.262] Adding entry into typings cache: 'assert' => '/home/jorge/.cache/typescript/4.0/node_modules/@types/assert/index.d.ts'
[10:19:18.273] Adding entry into typings cache: 'assert-plus' => '/home/jorge/.cache/typescript/4.0/node_modules/@types/assert-plus/index.d.ts'
[10:19:18.275] Adding entry into typings cache: 'async' => '/home/jorge/.cache/typescript/4.0/node_modules/@types/async/index.d.ts'
[10:19:18.304] Adding entry into typings cache: 'atob' => '/home/jorge/.cache/typescript/4.0/node_modules/@types/atob/index.d.ts'
[10:19:18.367] Adding entry into typings cache: 'autoprefixer' => '/home/jorge/.cache/typescript/4.0/node_modules/@types/autoprefixer/index.d.ts'
[10:19:18.422] Adding entry into typings cache: 'aws4' => '/home/jorge/.cache/typescript/4.0/node_modules/@types/aws4/index.d.ts'
[10:19:18.490] Adding entry into typings cache: 'babel-code-frame' => '/home/jorge/.cache/typescript/4.0/node_modules/@types/babel-code-frame/index.d.ts'
[10:19:18.509] Adding entry into typings cache: 'babel-plugin-macros' => '/home/jorge/.cache/typescript/4.0/node_modules/@types/babel-plugin-macros/index.d.ts'
[10:19:18.518] Adding entry into typings cache: 'babel__core' => '/home/jorge/.cache/typescript/4.0/node_modules/@types/babel__core/index.d.ts'
[10:19:18.581] Adding entry into typings cache: 'babylon' => '/home/jorge/.cache/typescript/4.0/node_modules/@types/babylon/index.d.ts'
[10:19:18.620] Adding entry into typings cache: 'backo2' => '/home/jorge/.cache/typescript/4.0/node_modules/@types/backo2/index.d.ts'
[10:19:18.631] Adding entry into typings cache: 'balanced-match' => '/home/jorge/.cache/typescript/4.0/node_modules/@types/balanced-match/index.d.ts'
[10:19:18.637] Adding entry into typings cache: 'base16' => '/home/jorge/.cache/typescript/4.0/node_modules/@types/base16/index.d.ts'
[10:19:18.643] Adding entry into typings cache: 'base64-arraybuffer' => '/home/jorge/.cache/typescript/4.0/node_modules/@types/base64-arraybuffer/index.d.ts'
[10:19:18.645] Adding entry into typings cache: 'base64-js' => '/home/jorge/.cache/typescript/4.0/node_modules/@types/base64-js/index.d.ts'
[10:19:18.673] Adding entry into typings cache: 'base64id' => '/home/jorge/.cache/typescript/4.0/node_modules/@types/base64id/index.d.ts'
[10:19:18.684] Adding entry into typings cache: 'big.js' => '/home/jorge/.cache/typescript/4.0/node_modules/@types/big.js/index.d.ts'
[10:19:18.714] Adding entry into typings cache: 'bl' => '/home/jorge/.cache/typescript/4.0/node_modules/@types/bl/index.d.ts'
[10:19:18.764] Adding entry into typings cache: 'bluebird' => '/home/jorge/.cache/typescript/4.0/node_modules/@types/bluebird/index.d.ts'
[10:19:18.776] Adding entry into typings cache: 'bmp-js' => '/home/jorge/.cache/typescript/4.0/node_modules/@types/bmp-js/index.d.ts'
[10:19:18.839] Adding entry into typings cache: 'bn.js' => '/home/jorge/.cache/typescript/4.0/node_modules/@types/bn.js/index.d.ts'
[10:19:18.945] Adding entry into typings cache: 'body-parser' => '/home/jorge/.cache/typescript/4.0/node_modules/@types/body-parser/index.d.ts'
[10:19:18.985] Adding entry into typings cache: 'bonjour' => '/home/jorge/.cache/typescript/4.0/node_modules/@types/bonjour/index.d.ts'
[10:19:19.21] Adding entry into typings cache: 'brace-expansion' => '/home/jorge/.cache/typescript/4.0/node_modules/@types/brace-expansion/index.d.ts'
[10:19:19.108] Adding entry into typings cache: 'braces' => '/home/jorge/.cache/typescript/4.0/node_modules/@types/braces/index.d.ts'
[10:19:19.123] Adding entry into typings cache: 'brorand' => '/home/jorge/.cache/typescript/4.0/node_modules/@types/brorand/index.d.ts'
[10:19:19.163] Adding entry into typings cache: 'browser-resolve' => '/home/jorge/.cache/typescript/4.0/node_modules/@types/browser-resolve/index.d.ts'
[10:19:19.289] Adding entry into typings cache: 'browserslist' => '/home/jorge/.cache/typescript/4.0/node_modules/@types/browserslist/index.d.ts'
[10:19:19.338] Adding entry into typings cache: 'bser' => '/home/jorge/.cache/typescript/4.0/node_modules/@types/bser/index.d.ts'
[10:19:19.392] Adding entry into typings cache: 'buffer-equal' => '/home/jorge/.cache/typescript/4.0/node_modules/@types/buffer-equal/index.d.ts'
[10:19:19.472] Adding entry into typings cache: 'buffer-from' => '/home/jorge/.cache/typescript/4.0/node_modules/@types/buffer-from/index.d.ts'
[10:19:19.534] Adding entry into typings cache: 'buffer-json' => '/home/jorge/.cache/typescript/4.0/node_modules/@types/buffer-json/index.d.ts'
[10:19:19.544] Adding entry into typings cache: 'buffer-xor' => '/home/jorge/.cache/typescript/4.0/node_modules/@types/buffer-xor/index.d.ts'
[10:19:19.548] Adding entry into typings cache: 'bytes' => '/home/jorge/.cache/typescript/4.0/node_modules/@types/bytes/index.d.ts'
[10:19:19.553] Adding entry into typings cache: 'cacache' => '/home/jorge/.cache/typescript/4.0/node_modules/@types/cacache/index.d.ts'
[10:19:19.588] Adding entry into typings cache: 'callsite' => '/home/jorge/.cache/typescript/4.0/node_modules/@types/callsite/index.d.ts'
[10:19:19.596] Adding entry into typings cache: 'caniuse-api' => '/home/jorge/.cache/typescript/4.0/node_modules/@types/caniuse-api/index.d.ts'
[10:19:19.661] Adding entry into typings cache: 'caniuse-lite' => '/home/jorge/.cache/typescript/4.0/node_modules/@types/caniuse-lite/index.d.ts'
[10:19:19.801] Adding entry into typings cache: 'case-sensitive-paths-webpack-plugin' => '/home/jorge/.cache/typescript/4.0/node_modules/@types/case-sensitive-paths-webpack-plugin/index.d.ts'
[10:19:19.845] Adding entry into typings cache: 'caseless' => '/home/jorge/.cache/typescript/4.0/node_modules/@types/caseless/index.d.ts'
[10:19:19.867] Adding entry into typings cache: 'chardet' => '/home/jorge/.cache/typescript/4.0/node_modules/@types/chardet/index.d.ts'
[10:19:19.898] Adding entry into typings cache: 'check-types' => '/home/jorge/.cache/typescript/4.0/node_modules/@types/check-types/index.d.ts'
[10:19:19.925] Adding entry into typings cache: 'chownr' => '/home/jorge/.cache/typescript/4.0/node_modules/@types/chownr/index.d.ts'
[10:19:19.959] Adding entry into typings cache: 'ci-info' => '/home/jorge/.cache/typescript/4.0/node_modules/@types/ci-info/index.d.ts'
[10:19:19.988] Adding entry into typings cache: 'cipher-base' => '/home/jorge/.cache/typescript/4.0/node_modules/@types/cipher-base/index.d.ts'
[10:19:20.16] Adding entry into typings cache: 'classnames' => '/home/jorge/.cache/typescript/4.0/node_modules/@types/classnames/index.d.ts'
[10:19:20.52] Adding entry into typings cache: 'clean-css' => '/home/jorge/.cache/typescript/4.0/node_modules/@types/clean-css/index.d.ts'
[10:19:20.68] Adding entry into typings cache: 'clone' => '/home/jorge/.cache/typescript/4.0/node_modules/@types/clone/index.d.ts'
[10:19:20.98] Adding entry into typings cache: 'clone-deep' => '/home/jorge/.cache/typescript/4.0/node_modules/@types/clone-deep/index.d.ts'
[10:19:20.99] Adding entry into typings cache: 'cloneable-readable' => '/home/jorge/.cache/typescript/4.0/node_modules/@types/cloneable-readable/index.d.ts'
[10:19:20.100] Adding entry into typings cache: 'co' => '/home/jorge/.cache/typescript/4.0/node_modules/@types/co/index.d.ts'
[10:19:20.121] Adding entry into typings cache: 'codemirror' => '/home/jorge/.cache/typescript/4.0/node_modules/@types/codemirror/index.d.ts'
[10:19:20.141] Adding entry into typings cache: 'color' => '/home/jorge/.cache/typescript/4.0/node_modules/@types/color/index.d.ts'
[10:19:20.162] Adding entry into typings cache: 'color-convert' => '/home/jorge/.cache/typescript/4.0/node_modules/@types/color-convert/index.d.ts'
[10:19:20.165] Adding entry into typings cache: 'color-name' => '/home/jorge/.cache/typescript/4.0/node_modules/@types/color-name/index.d.ts'
[10:19:20.177] Adding entry into typings cache: 'color-string' => '/home/jorge/.cache/typescript/4.0/node_modules/@types/color-string/index.d.ts'
[10:19:20.203] Adding entry into typings cache: 'combined-stream' => '/home/jorge/.cache/typescript/4.0/node_modules/@types/combined-stream/index.d.ts'
[10:19:20.204] Adding entry into typings cache: 'common-tags' => '/home/jorge/.cache/typescript/4.0/node_modules/@types/common-tags/index.d.ts'
[10:19:20.216] Adding entry into typings cache: 'commondir' => '/home/jorge/.cache/typescript/4.0/node_modules/@types/commondir/index.d.ts'
[10:19:20.260] Adding entry into typings cache: 'component-emitter' => '/home/jorge/.cache/typescript/4.0/node_modules/@types/component-emitter/index.d.ts'
[10:19:20.291] Adding entry into typings cache: 'compose-function' => '/home/jorge/.cache/typescript/4.0/node_modules/@types/compose-function/index.d.ts'
[10:19:20.306] Adding entry into typings cache: 'compressible' => '/home/jorge/.cache/typescript/4.0/node_modules/@types/compressible/index.d.ts'
[10:19:20.307] Adding entry into typings cache: 'compression' => '/home/jorge/.cache/typescript/4.0/node_modules/@types/compression/index.d.ts'
[10:19:20.324] Adding entry into typings cache: 'concat-map' => '/home/jorge/.cache/typescript/4.0/node_modules/@types/concat-map/index.d.ts'
[10:19:20.349] Adding entry into typings cache: 'concat-stream' => '/home/jorge/.cache/typescript/4.0/node_modules/@types/concat-stream/index.d.ts'
[10:19:20.377] Adding entry into typings cache: 'concurrently' => '/home/jorge/.cache/typescript/4.0/node_modules/@types/concurrently/index.d.ts'
[10:19:20.409] Adding entry into typings cache: 'confusing-browser-globals' => '/home/jorge/.cache/typescript/4.0/node_modules/@types/confusing-browser-globals/index.d.ts'
[10:19:20.465] Adding entry into typings cache: 'connect-history-api-fallback' => '/home/jorge/.cache/typescript/4.0/node_modules/@types/connect-history-api-fallback/index.d.ts'
[10:19:20.518] Adding entry into typings cache: 'contains-path' => '/home/jorge/.cache/typescript/4.0/node_modules/@types/contains-path/index.d.ts'
[10:19:20.533] Adding entry into typings cache: 'content-disposition' => '/home/jorge/.cache/typescript/4.0/node_modules/@types/content-disposition/index.d.ts'
[10:19:20.535] Adding entry into typings cache: 'content-type' => '/home/jorge/.cache/typescript/4.0/node_modules/@types/content-type/index.d.ts'
[10:19:20.548] Adding entry into typings cache: 'convert-source-map' => '/home/jorge/.cache/typescript/4.0/node_modules/@types/convert-source-map/index.d.ts'
[10:19:20.549] Adding entry into typings cache: 'cookie' => '/home/jorge/.cache/typescript/4.0/node_modules/@types/cookie/index.d.ts'
[10:19:20.559] Adding entry into typings cache: 'cookie-signature' => '/home/jorge/.cache/typescript/4.0/node_modules/@types/cookie-signature/index.d.ts'
[10:19:20.576] Adding entry into typings cache: 'core-js' => '/home/jorge/.cache/typescript/4.0/node_modules/@types/core-js/index.d.ts'
[10:19:20.577] Adding entry into typings cache: 'create-hash' => '/home/jorge/.cache/typescript/4.0/node_modules/@types/create-hash/index.d.ts'
[10:19:20.593] Adding entry into typings cache: 'create-hmac' => '/home/jorge/.cache/typescript/4.0/node_modules/@types/create-hmac/index.d.ts'
[10:19:20.618] Adding entry into typings cache: 'cross-spawn' => '/home/jorge/.cache/typescript/4.0/node_modules/@types/cross-spawn/index.d.ts'
[10:19:20.656] Adding entry into typings cache: 'css' => '/home/jorge/.cache/typescript/4.0/node_modules/@types/css/index.d.ts'
[10:19:20.691] Adding entry into typings cache: 'css-declaration-sorter' => '/home/jorge/.cache/typescript/4.0/node_modules/@types/css-declaration-sorter/index.d.ts'
[10:19:20.720] Adding entry into typings cache: 'css-tree' => '/home/jorge/.cache/typescript/4.0/node_modules/@types/css-tree/index.d.ts'
[10:19:20.735] Adding entry into typings cache: 'cssesc' => '/home/jorge/.cache/typescript/4.0/node_modules/@types/cssesc/index.d.ts'
[10:19:20.775] Adding entry into typings cache: 'cssnano' => '/home/jorge/.cache/typescript/4.0/node_modules/@types/cssnano/index.d.ts'
[10:19:20.792] Adding entry into typings cache: 'csso' => '/home/jorge/.cache/typescript/4.0/node_modules/@types/csso/index.d.ts'
[10:19:20.804] Adding entry into typings cache: 'cssom' => '/home/jorge/.cache/typescript/4.0/node_modules/@types/cssom/index.d.ts'
[10:19:20.815] Adding entry into typings cache: 'cssstyle' => '/home/jorge/.cache/typescript/4.0/node_modules/@types/cssstyle/index.d.ts'
[10:19:20.840] Adding entry into typings cache: 'd' => '/home/jorge/.cache/typescript/4.0/node_modules/@types/d/index.d.ts'
[10:19:20.865] Adding entry into typings cache: 'dashdash' => '/home/jorge/.cache/typescript/4.0/node_modules/@types/dashdash/index.d.ts'
[10:19:20.897] Adding entry into typings cache: 'data-urls' => '/home/jorge/.cache/typescript/4.0/node_modules/@types/data-urls/index.d.ts'
[10:19:21.16] Adding entry into typings cache: 'debug' => '/home/jorge/.cache/typescript/4.0/node_modules/@types/debug/index.d.ts'
[10:19:21.68] Adding entry into typings cache: 'decode-uri-component' => '/home/jorge/.cache/typescript/4.0/node_modules/@types/decode-uri-component/index.d.ts'
[10:19:21.97] Adding entry into typings cache: 'dedent' => '/home/jorge/.cache/typescript/4.0/node_modules/@types/dedent/index.d.ts'
[10:19:21.112] Adding entry into typings cache: 'deep-equal' => '/home/jorge/.cache/typescript/4.0/node_modules/@types/deep-equal/index.d.ts'
[10:19:21.125] Adding entry into typings cache: 'deep-extend' => '/home/jorge/.cache/typescript/4.0/node_modules/@types/deep-extend/index.d.ts'
[10:19:21.140] Adding entry into typings cache: 'default-gateway' => '/home/jorge/.cache/typescript/4.0/node_modules/@types/default-gateway/index.d.ts'
[10:19:21.147] Adding entry into typings cache: 'define-properties' => '/home/jorge/.cache/typescript/4.0/node_modules/@types/define-properties/index.d.ts'
[10:19:21.161] Adding entry into typings cache: 'depd' => '/home/jorge/.cache/typescript/4.0/node_modules/@types/depd/index.d.ts'
[10:19:21.171] Adding entry into typings cache: 'destroy' => '/home/jorge/.cache/typescript/4.0/node_modules/@types/destroy/index.d.ts'
[10:19:21.200] Adding entry into typings cache: 'detect-node' => '/home/jorge/.cache/typescript/4.0/node_modules/@types/detect-node/index.d.ts'
[10:19:21.208] Adding entry into typings cache: 'diff-match-patch' => '/home/jorge/.cache/typescript/4.0/node_modules/@types/diff-match-patch/index.d.ts'
[10:19:21.213] Adding entry into typings cache: 'diffie-hellman' => '/home/jorge/.cache/typescript/4.0/node_modules/@types/diffie-hellman/index.d.ts'
[10:19:21.224] Adding entry into typings cache: 'dir-glob' => '/home/jorge/.cache/typescript/4.0/node_modules/@types/dir-glob/index.d.ts'
[10:19:21.239] Adding entry into typings cache: 'doctrine' => '/home/jorge/.cache/typescript/4.0/node_modules/@types/doctrine/index.d.ts'
[10:19:21.247] Adding entry into typings cache: 'domexception' => '/home/jorge/.cache/typescript/4.0/node_modules/@types/domexception/index.d.ts'
[10:19:21.295] Adding entry into typings cache: 'domhandler' => '/home/jorge/.cache/typescript/4.0/node_modules/@types/domhandler/index.d.ts'
[10:19:21.333] Adding entry into typings cache: 'domutils' => '/home/jorge/.cache/typescript/4.0/node_modules/@types/domutils/index.d.ts'
[10:19:21.359] Adding entry into typings cache: 'duplexify' => '/home/jorge/.cache/typescript/4.0/node_modules/@types/duplexify/index.d.ts'
[10:19:21.406] Adding entry into typings cache: 'duplicate-package-checker-webpack-plugin' => '/home/jorge/.cache/typescript/4.0/node_modules/@types/duplicate-package-checker-webpack-plugin/index.d.ts'
[10:19:21.429] Adding entry into typings cache: 'ee-first' => '/home/jorge/.cache/typescript/4.0/node_modules/@types/ee-first/index.d.ts'
[10:19:21.445] Adding entry into typings cache: 'ejs' => '/home/jorge/.cache/typescript/4.0/node_modules/@types/ejs/index.d.ts'
[10:19:21.457] Adding entry into typings cache: 'elliptic' => '/home/jorge/.cache/typescript/4.0/node_modules/@types/elliptic/index.d.ts'
[10:19:21.468] Adding entry into typings cache: 'encodeurl' => '/home/jorge/.cache/typescript/4.0/node_modules/@types/encodeurl/index.d.ts'
[10:19:21.484] Adding entry into typings cache: 'end-of-stream' => '/home/jorge/.cache/typescript/4.0/node_modules/@types/end-of-stream/index.d.ts'
[10:19:21.486] Adding entry into typings cache: 'engine.io' => '/home/jorge/.cache/typescript/4.0/node_modules/@types/engine.io/index.d.ts'
[10:19:21.505] Adding entry into typings cache: 'engine.io-client' => '/home/jorge/.cache/typescript/4.0/node_modules/@types/engine.io-client/index.d.ts'
[10:19:21.532] Adding entry into typings cache: 'enhanced-resolve' => '/home/jorge/.cache/typescript/4.0/node_modules/enhanced-resolve/types.d.ts'
[10:19:21.538] Adding entry into typings cache: 'entities' => '/home/jorge/.cache/typescript/4.0/node_modules/@types/entities/index.d.ts'
[10:19:21.580] Adding entry into typings cache: 'es-abstract' => '/home/jorge/.cache/typescript/4.0/node_modules/@types/es-abstract/index.d.ts'
[10:19:21.605] Adding entry into typings cache: 'es-to-primitive' => '/home/jorge/.cache/typescript/4.0/node_modules/@types/es-to-primitive/index.d.ts'
[10:19:21.646] Adding entry into typings cache: 'es6-promisify' => '/home/jorge/.cache/typescript/4.0/node_modules/@types/es6-promisify/index.d.ts'
[10:19:21.661] Adding entry into typings cache: 'escape-html' => '/home/jorge/.cache/typescript/4.0/node_modules/@types/escape-html/index.d.ts'
[10:19:21.693] Adding entry into typings cache: 'escodegen' => '/home/jorge/.cache/typescript/4.0/node_modules/@types/escodegen/index.d.ts'
[10:19:21.754] Adding entry into typings cache: 'eslint' => '/home/jorge/.cache/typescript/4.0/node_modules/@types/eslint/index.d.ts'
[10:19:21.892] Adding entry into typings cache: 'eslint-scope' => '/home/jorge/.cache/typescript/4.0/node_modules/@types/eslint-scope/index.d.ts'
[10:19:21.927] Adding entry into typings cache: 'eslint-visitor-keys' => '/home/jorge/.cache/typescript/4.0/node_modules/@types/eslint-visitor-keys/index.d.ts'
[10:19:21.971] Adding entry into typings cache: 'esprima' => '/home/jorge/.cache/typescript/4.0/node_modules/@types/esprima/index.d.ts'
[10:19:21.983] Adding entry into typings cache: 'esquery' => '/home/jorge/.cache/typescript/4.0/node_modules/@types/esquery/index.d.ts'
[10:19:22.33] Adding entry into typings cache: 'estraverse' => '/home/jorge/.cache/typescript/4.0/node_modules/@types/estraverse/index.d.ts'
[10:19:22.69] Adding entry into typings cache: 'etag' => '/home/jorge/.cache/typescript/4.0/node_modules/@types/etag/index.d.ts'
[10:19:22.70] Adding entry into typings cache: 'event-stream' => '/home/jorge/.cache/typescript/4.0/node_modules/@types/event-stream/index.d.ts'
[10:19:22.71] Adding entry into typings cache: 'events' => '/home/jorge/.cache/typescript/4.0/node_modules/@types/events/index.d.ts'
[10:19:22.105] Adding entry into typings cache: 'eventsource' => '/home/jorge/.cache/typescript/4.0/node_modules/@types/eventsource/index.d.ts'
[10:19:22.116] Adding entry into typings cache: 'exenv' => '/home/jorge/.cache/typescript/4.0/node_modules/@types/exenv/index.d.ts'
[10:19:22.131] Adding entry into typings cache: 'exit' => '/home/jorge/.cache/typescript/4.0/node_modules/@types/exit/index.d.ts'
[10:19:22.146] Adding entry into typings cache: 'expand-tilde' => '/home/jorge/.cache/typescript/4.0/node_modules/@types/expand-tilde/index.d.ts'
[10:19:22.245] Adding entry into typings cache: 'express' => '/home/jorge/.cache/typescript/4.0/node_modules/@types/express/index.d.ts'
[10:19:22.322] Adding entry into typings cache: 'extend' => '/home/jorge/.cache/typescript/4.0/node_modules/@types/extend/index.d.ts'
[10:19:22.343] Adding entry into typings cache: 'extsprintf' => '/home/jorge/.cache/typescript/4.0/node_modules/@types/extsprintf/index.d.ts'
[10:19:22.384] Adding entry into typings cache: 'fast-levenshtein' => '/home/jorge/.cache/typescript/4.0/node_modules/@types/fast-levenshtein/index.d.ts'
[10:19:22.414] Adding entry into typings cache: 'favicons' => '/home/jorge/.cache/typescript/4.0/node_modules/@types/favicons/index.d.ts'
[10:19:22.429] Adding entry into typings cache: 'fb-watchman' => '/home/jorge/.cache/typescript/4.0/node_modules/@types/fb-watchman/index.d.ts'
[10:19:22.442] Adding entry into typings cache: 'fbemitter' => '/home/jorge/.cache/typescript/4.0/node_modules/@types/fbemitter/index.d.ts'
[10:19:22.457] Adding entry into typings cache: 'file-entry-cache' => '/home/jorge/.cache/typescript/4.0/node_modules/@types/file-entry-cache/index.d.ts'
[10:19:22.476] Adding entry into typings cache: 'file-loader' => '/home/jorge/.cache/typescript/4.0/node_modules/@types/file-loader/index.d.ts'
[10:19:22.496] Adding entry into typings cache: 'file-saver' => '/home/jorge/.cache/typescript/4.0/node_modules/@types/file-saver/index.d.ts'
[10:19:22.507] Adding entry into typings cache: 'finalhandler' => '/home/jorge/.cache/typescript/4.0/node_modules/@types/finalhandler/index.d.ts'
[10:19:22.520] Adding entry into typings cache: 'find-cache-dir' => '/home/jorge/.cache/typescript/4.0/node_modules/@types/find-cache-dir/index.d.ts'
[10:19:22.531] Adding entry into typings cache: 'find-root' => '/home/jorge/.cache/typescript/4.0/node_modules/@types/find-root/index.d.ts'
[10:19:22.550] Adding entry into typings cache: 'findup-sync' => '/home/jorge/.cache/typescript/4.0/node_modules/@types/findup-sync/index.d.ts'
[10:19:22.572] Adding entry into typings cache: 'flat-cache' => '/home/jorge/.cache/typescript/4.0/node_modules/@types/flat-cache/index.d.ts'
[10:19:22.577] Adding entry into typings cache: 'flush-write-stream' => '/home/jorge/.cache/typescript/4.0/node_modules/@types/flush-write-stream/index.d.ts'
[10:19:22.600] Adding entry into typings cache: 'flux' => '/home/jorge/.cache/typescript/4.0/node_modules/@types/flux/index.d.ts'
[10:19:22.636] Adding entry into typings cache: 'follow-redirects' => '/home/jorge/.cache/typescript/4.0/node_modules/@types/follow-redirects/index.d.ts'
[10:19:22.651] Adding entry into typings cache: 'forever-agent' => '/home/jorge/.cache/typescript/4.0/node_modules/@types/forever-agent/index.d.ts'
[10:19:22.660] Adding entry into typings cache: 'forwarded' => '/home/jorge/.cache/typescript/4.0/node_modules/@types/forwarded/index.d.ts'
[10:19:22.666] Adding entry into typings cache: 'fresh' => '/home/jorge/.cache/typescript/4.0/node_modules/@types/fresh/index.d.ts'
[10:19:22.692] Adding entry into typings cache: 'from' => '/home/jorge/.cache/typescript/4.0/node_modules/@types/from/index.d.ts'
[10:19:22.706] Adding entry into typings cache: 'from2' => '/home/jorge/.cache/typescript/4.0/node_modules/@types/from2/index.d.ts'
[10:19:22.746] Adding entry into typings cache: 'fs-extra' => '/home/jorge/.cache/typescript/4.0/node_modules/@types/fs-extra/index.d.ts'
[10:19:22.791] Adding entry into typings cache: 'function-bind' => '/home/jorge/.cache/typescript/4.0/node_modules/@types/function-bind/index.d.ts'
[10:19:22.809] Adding entry into typings cache: 'get-caller-file' => '/home/jorge/.cache/typescript/4.0/node_modules/@types/get-caller-file/index.d.ts'
[10:19:22.860] Adding entry into typings cache: 'get-value' => '/home/jorge/.cache/typescript/4.0/node_modules/@types/get-value/index.d.ts'
[10:19:22.861] Adding entry into typings cache: 'getpass' => '/home/jorge/.cache/typescript/4.0/node_modules/@types/getpass/index.d.ts'
[10:19:22.893] Adding entry into typings cache: 'git-revision-webpack-plugin' => '/home/jorge/.cache/typescript/4.0/node_modules/@types/git-revision-webpack-plugin/index.d.ts'
[10:19:22.938] Adding entry into typings cache: 'glob' => '/home/jorge/.cache/typescript/4.0/node_modules/@types/glob/index.d.ts'
[10:19:23.103] Adding entry into typings cache: 'glob-parent' => '/home/jorge/.cache/typescript/4.0/node_modules/@types/glob-parent/index.d.ts'
[10:19:23.231] Adding entry into typings cache: 'glob-to-regexp' => '/home/jorge/.cache/typescript/4.0/node_modules/@types/glob-to-regexp/index.d.ts'
[10:19:23.249] Adding entry into typings cache: 'global-modules' => '/home/jorge/.cache/typescript/4.0/node_modules/@types/global-modules/index.d.ts'
[10:19:23.269] Adding entry into typings cache: 'global-prefix' => '/home/jorge/.cache/typescript/4.0/node_modules/@types/global-prefix/index.d.ts'
[10:19:23.313] Adding entry into typings cache: 'graceful-fs' => '/home/jorge/.cache/typescript/4.0/node_modules/@types/graceful-fs/index.d.ts'
[10:19:23.314] Adding entry into typings cache: 'has' => '/home/jorge/.cache/typescript/4.0/node_modules/@types/has/index.d.ts'
[10:19:23.314] Adding entry into typings cache: 'has-ansi' => '/home/jorge/.cache/typescript/4.0/node_modules/@types/has-ansi/index.d.ts'
[10:19:23.335] Adding entry into typings cache: 'has-symbols' => '/home/jorge/.cache/typescript/4.0/node_modules/@types/has-symbols/index.d.ts'
[10:19:23.335] Adding entry into typings cache: 'he' => '/home/jorge/.cache/typescript/4.0/node_modules/@types/he/index.d.ts'
[10:19:23.341] Adding entry into typings cache: 'hex-color-regex' => '/home/jorge/.cache/typescript/4.0/node_modules/@types/hex-color-regex/index.d.ts'
[10:19:23.358] Adding entry into typings cache: 'history' => '/home/jorge/.cache/typescript/4.0/node_modules/@types/history/index.d.ts'
[10:19:23.457] Adding entry into typings cache: 'hoist-non-react-statics' => '/home/jorge/.cache/typescript/4.0/node_modules/@types/hoist-non-react-statics/index.d.ts'
[10:19:23.503] Adding entry into typings cache: 'hosted-git-info' => '/home/jorge/.cache/typescript/4.0/node_modules/@types/hosted-git-info/index.d.ts'
[10:19:23.514] Adding entry into typings cache: 'html-encoding-sniffer' => '/home/jorge/.cache/typescript/4.0/node_modules/@types/html-encoding-sniffer/index.d.ts'
[10:19:23.533] Adding entry into typings cache: 'html-entities' => '/home/jorge/.cache/typescript/4.0/node_modules/@types/html-entities/index.d.ts'
[10:19:23.550] Adding entry into typings cache: 'html-escaper' => '/home/jorge/.cache/typescript/4.0/node_modules/@types/html-escaper/index.d.ts'
[10:19:23.578] Adding entry into typings cache: 'html-minifier-terser' => '/home/jorge/.cache/typescript/4.0/node_modules/@types/html-minifier-terser/index.d.ts'
[10:19:23.602] Adding entry into typings cache: 'htmlparser2' => '/home/jorge/.cache/typescript/4.0/node_modules/@types/htmlparser2/index.d.ts'
[10:19:23.614] Adding entry into typings cache: 'http-errors' => '/home/jorge/.cache/typescript/4.0/node_modules/@types/http-errors/index.d.ts'
[10:19:23.616] Adding entry into typings cache: 'http-proxy' => '/home/jorge/.cache/typescript/4.0/node_modules/@types/http-proxy/index.d.ts'
[10:19:23.622] Adding entry into typings cache: 'http-proxy-middleware' => '/home/jorge/.cache/typescript/4.0/node_modules/@types/http-proxy-middleware/index.d.ts'
[10:19:23.622] Adding entry into typings cache: 'icss-utils' => '/home/jorge/.cache/typescript/4.0/node_modules/@types/icss-utils/index.d.ts'
[10:19:23.630] Adding entry into typings cache: 'iferr' => '/home/jorge/.cache/typescript/4.0/node_modules/@types/iferr/index.d.ts'
[10:19:23.636] Adding entry into typings cache: 'imurmurhash' => '/home/jorge/.cache/typescript/4.0/node_modules/@types/imurmurhash/index.d.ts'
[10:19:23.684] Adding entry into typings cache: 'inherits' => '/home/jorge/.cache/typescript/4.0/node_modules/@types/inherits/index.d.ts'
[10:19:23.686] Adding entry into typings cache: 'ini' => '/home/jorge/.cache/typescript/4.0/node_modules/@types/ini/index.d.ts'
[10:19:23.705] Adding entry into typings cache: 'inquirer' => '/home/jorge/.cache/typescript/4.0/node_modules/@types/inquirer/index.d.ts'
[10:19:23.717] Adding entry into typings cache: 'insert-css' => '/home/jorge/.cache/typescript/4.0/node_modules/@types/insert-css/index.d.ts'
[10:19:23.734] Adding entry into typings cache: 'internal-slot' => '/home/jorge/.cache/typescript/4.0/node_modules/@types/internal-slot/index.d.ts'
[10:19:23.752] Adding entry into typings cache: 'interpret' => '/home/jorge/.cache/typescript/4.0/node_modules/@types/interpret/index.d.ts'
[10:19:23.785] Adding entry into typings cache: 'invariant' => '/home/jorge/.cache/typescript/4.0/node_modules/@types/invariant/index.d.ts'
[10:19:23.809] Adding entry into typings cache: 'ip' => '/home/jorge/.cache/typescript/4.0/node_modules/@types/ip/index.d.ts'
[10:19:23.819] Adding entry into typings cache: 'is-buffer' => '/home/jorge/.cache/typescript/4.0/node_modules/@types/is-buffer/index.d.ts'
[10:19:23.830] Adding entry into typings cache: 'is-callable' => '/home/jorge/.cache/typescript/4.0/node_modules/@types/is-callable/index.d.ts'
[10:19:23.836] Adding entry into typings cache: 'is-ci' => '/home/jorge/.cache/typescript/4.0/node_modules/@types/is-ci/index.d.ts'
[10:19:23.840] Adding entry into typings cache: 'is-date-object' => '/home/jorge/.cache/typescript/4.0/node_modules/@types/is-date-object/index.d.ts'
[10:19:23.854] Adding entry into typings cache: 'is-finite' => '/home/jorge/.cache/typescript/4.0/node_modules/@types/is-finite/index.d.ts'
[10:19:23.864] Adding entry into typings cache: 'is-function' => '/home/jorge/.cache/typescript/4.0/node_modules/@types/is-function/index.d.ts'
[10:19:23.897] Adding entry into typings cache: 'is-glob' => '/home/jorge/.cache/typescript/4.0/node_modules/@types/is-glob/index.d.ts'
[10:19:23.933] Adding entry into typings cache: 'is-number' => '/home/jorge/.cache/typescript/4.0/node_modules/@types/is-number/index.d.ts'
[10:19:23.952] Adding entry into typings cache: 'is-object' => '/home/jorge/.cache/typescript/4.0/node_modules/@types/is-object/index.d.ts'
[10:19:23.970] Adding entry into typings cache: 'is-promise' => '/home/jorge/.cache/typescript/4.0/node_modules/@types/is-promise/index.d.ts'
[10:19:24.68] Adding entry into typings cache: 'is-regex' => '/home/jorge/.cache/typescript/4.0/node_modules/@types/is-regex/index.d.ts'
[10:19:24.94] Adding entry into typings cache: 'is-typedarray' => '/home/jorge/.cache/typescript/4.0/node_modules/@types/is-typedarray/index.d.ts'
[10:19:24.129] Adding entry into typings cache: 'is-utf8' => '/home/jorge/.cache/typescript/4.0/node_modules/@types/is-utf8/index.d.ts'
[10:19:24.146] Adding entry into typings cache: 'is-windows' => '/home/jorge/.cache/typescript/4.0/node_modules/@types/is-windows/index.d.ts'
[10:19:24.157] Adding entry into typings cache: 'isarray' => '/home/jorge/.cache/typescript/4.0/node_modules/@types/isarray/index.d.ts'
[10:19:24.162] Adding entry into typings cache: 'isexe' => '/home/jorge/.cache/typescript/4.0/node_modules/@types/isexe/index.d.ts'
[10:19:24.173] Adding entry into typings cache: 'isomorphic-fetch' => '/home/jorge/.cache/typescript/4.0/node_modules/@types/isomorphic-fetch/index.d.ts'
[10:19:24.200] Adding entry into typings cache: 'isstream' => '/home/jorge/.cache/typescript/4.0/node_modules/@types/isstream/index.d.ts'
[10:19:24.214] Adding entry into typings cache: 'istanbul-lib-coverage' => '/home/jorge/.cache/typescript/4.0/node_modules/@types/istanbul-lib-coverage/index.d.ts'
[10:19:24.222] Adding entry into typings cache: 'istanbul-lib-instrument' => '/home/jorge/.cache/typescript/4.0/node_modules/@types/istanbul-lib-instrument/index.d.ts'
[10:19:24.241] Adding entry into typings cache: 'istanbul-lib-report' => '/home/jorge/.cache/typescript/4.0/node_modules/@types/istanbul-lib-report/index.d.ts'
[10:19:24.258] Adding entry into typings cache: 'istanbul-lib-source-maps' => '/home/jorge/.cache/typescript/4.0/node_modules/@types/istanbul-lib-source-maps/index.d.ts'
[10:19:24.290] Adding entry into typings cache: 'istanbul-reports' => '/home/jorge/.cache/typescript/4.0/node_modules/@types/istanbul-reports/index.d.ts'
[10:19:24.318] Adding entry into typings cache: 'jake' => '/home/jorge/.cache/typescript/4.0/node_modules/@types/jake/index.d.ts'
[10:19:24.339] Adding entry into typings cache: 'js-yaml' => '/home/jorge/.cache/typescript/4.0/node_modules/@types/js-yaml/index.d.ts'
[10:19:24.352] Adding entry into typings cache: 'jsbn' => '/home/jorge/.cache/typescript/4.0/node_modules/@types/jsbn/index.d.ts'
[10:19:24.378] Adding entry into typings cache: 'jsdom' => '/home/jorge/.cache/typescript/4.0/node_modules/@types/jsdom/index.d.ts'
[10:19:24.385] Adding entry into typings cache: 'jsesc' => '/home/jorge/.cache/typescript/4.0/node_modules/@types/jsesc/index.d.ts'
[10:19:24.433] Adding entry into typings cache: 'json-parse-better-errors' => '/home/jorge/.cache/typescript/4.0/node_modules/@types/json-parse-better-errors/index.d.ts'
[10:19:24.456] Adding entry into typings cache: 'json-schema' => '/home/jorge/.cache/typescript/4.0/node_modules/@types/json-schema/index.d.ts'
[10:19:24.489] Adding entry into typings cache: 'json-schema-traverse' => '/home/jorge/.cache/typescript/4.0/node_modules/@types/json-schema-traverse/index.d.ts'
[10:19:24.497] Adding entry into typings cache: 'json-stringify-safe' => '/home/jorge/.cache/typescript/4.0/node_modules/@types/json-stringify-safe/index.d.ts'
[10:19:24.500] Adding entry into typings cache: 'json2mq' => '/home/jorge/.cache/typescript/4.0/node_modules/@types/json2mq/index.d.ts'
[10:19:24.506] Adding entry into typings cache: 'json3' => '/home/jorge/.cache/typescript/4.0/node_modules/@types/json3/index.d.ts'
[10:19:24.506] Adding entry into typings cache: 'json5' => '/home/jorge/.cache/typescript/4.0/node_modules/@types/json5/index.d.ts'
[10:19:24.527] Adding entry into typings cache: 'jsonfile' => '/home/jorge/.cache/typescript/4.0/node_modules/@types/jsonfile/index.d.ts'
[10:19:24.538] Adding entry into typings cache: 'jsontoxml' => '/home/jorge/.cache/typescript/4.0/node_modules/@types/jsontoxml/index.d.ts'
[10:19:24.595] Adding entry into typings cache: 'jwt-decode' => '/home/jorge/.cache/typescript/4.0/node_modules/@types/jwt-decode/index.d.ts'
[10:19:24.655] Adding entry into typings cache: 'kind-of' => '/home/jorge/.cache/typescript/4.0/node_modules/@types/kind-of/index.d.ts'
[10:19:24.694] Adding entry into typings cache: 'language-tags' => '/home/jorge/.cache/typescript/4.0/node_modules/@types/language-tags/index.d.ts'
[10:19:24.716] Adding entry into typings cache: 'less' => '/home/jorge/.cache/typescript/4.0/node_modules/@types/less/index.d.ts'
[10:19:24.811] Adding entry into typings cache: 'loader-runner' => '/home/jorge/.cache/typescript/4.0/node_modules/@types/loader-runner/index.d.ts'
[10:19:24.822] Adding entry into typings cache: 'loader-utils' => '/home/jorge/.cache/typescript/4.0/node_modules/@types/loader-utils/index.d.ts'
[10:19:25.574] Adding entry into typings cache: 'lodash' => '/home/jorge/.cache/typescript/4.0/node_modules/@types/lodash/index.d.ts'
[10:19:25.622] Adding entry into typings cache: 'lodash.curry' => '/home/jorge/.cache/typescript/4.0/node_modules/@types/lodash.curry/index.d.ts'
[10:19:25.722] Adding entry into typings cache: 'lodash.defaultsdeep' => '/home/jorge/.cache/typescript/4.0/node_modules/@types/lodash.defaultsdeep/index.d.ts'
[10:19:25.732] Adding entry into typings cache: 'lodash.flow' => '/home/jorge/.cache/typescript/4.0/node_modules/@types/lodash.flow/index.d.ts'
[10:19:25.733] Adding entry into typings cache: 'lodash.memoize' => '/home/jorge/.cache/typescript/4.0/node_modules/@types/lodash.memoize/index.d.ts'
[10:19:25.733] Adding entry into typings cache: 'lodash.sortby' => '/home/jorge/.cache/typescript/4.0/node_modules/@types/lodash.sortby/index.d.ts'
[10:19:25.734] Adding entry into typings cache: 'lodash.template' => '/home/jorge/.cache/typescript/4.0/node_modules/@types/lodash.template/index.d.ts'
[10:19:25.734] Adding entry into typings cache: 'lodash.uniq' => '/home/jorge/.cache/typescript/4.0/node_modules/@types/lodash.uniq/index.d.ts'
[10:19:25.735] Adding entry into typings cache: 'lolex' => '/home/jorge/.cache/typescript/4.0/node_modules/@types/lolex/index.d.ts'
[10:19:25.735] Adding entry into typings cache: 'lru-cache' => '/home/jorge/.cache/typescript/4.0/node_modules/@types/lru-cache/index.d.ts'
[10:19:25.736] Adding entry into typings cache: 'lz-string' => '/home/jorge/.cache/typescript/4.0/node_modules/@types/lz-string/index.d.ts'
[10:19:26.988] Adding entry into typings cache: 'md5' => '/home/jorge/.cache/typescript/4.0/node_modules/@types/md5/index.d.ts'
[10:19:27.13] Adding entry into typings cache: 'media-typer' => '/home/jorge/.cache/typescript/4.0/node_modules/@types/media-typer/index.d.ts'
[10:19:27.38] Adding entry into typings cache: 'memory-fs' => '/home/jorge/.cache/typescript/4.0/node_modules/@types/memory-fs/index.d.ts'
[10:19:27.64] Adding entry into typings cache: 'meow' => '/home/jorge/.cache/typescript/4.0/node_modules/@types/meow/index.d.ts'
[10:19:27.72] Adding entry into typings cache: 'merge-descriptors' => '/home/jorge/.cache/typescript/4.0/node_modules/@types/merge-descriptors/index.d.ts'
[10:19:27.118] Adding entry into typings cache: 'merge-stream' => '/home/jorge/.cache/typescript/4.0/node_modules/@types/merge-stream/index.d.ts'
[10:19:27.136] Adding entry into typings cache: 'merge2' => '/home/jorge/.cache/typescript/4.0/node_modules/@types/merge2/index.d.ts'
[10:19:27.147] Adding entry into typings cache: 'methods' => '/home/jorge/.cache/typescript/4.0/node_modules/@types/methods/index.d.ts'
[10:19:27.231] Adding entry into typings cache: 'micromatch' => '/home/jorge/.cache/typescript/4.0/node_modules/@types/micromatch/index.d.ts'
[10:19:27.255] Adding entry into typings cache: 'mime' => '/home/jorge/.cache/typescript/4.0/node_modules/@types/mime/index.d.ts'
[10:19:27.306] Adding entry into typings cache: 'mime-db' => '/home/jorge/.cache/typescript/4.0/node_modules/@types/mime-db/index.d.ts'
[10:19:27.341] Adding entry into typings cache: 'mime-types' => '/home/jorge/.cache/typescript/4.0/node_modules/@types/mime-types/index.d.ts'
[10:19:27.356] Adding entry into typings cache: 'min-document' => '/home/jorge/.cache/typescript/4.0/node_modules/@types/min-document/index.d.ts'
[10:19:27.403] Adding entry into typings cache: 'min-indent' => '/home/jorge/.cache/typescript/4.0/node_modules/@types/min-indent/index.d.ts'
[10:19:27.446] Adding entry into typings cache: 'mini-css-extract-plugin' => '/home/jorge/.cache/typescript/4.0/node_modules/@types/mini-css-extract-plugin/index.d.ts'
[10:19:27.471] Adding entry into typings cache: 'minimalistic-assert' => '/home/jorge/.cache/typescript/4.0/node_modules/@types/minimalistic-assert/index.d.ts'
[10:19:27.485] Adding entry into typings cache: 'minimatch' => '/home/jorge/.cache/typescript/4.0/node_modules/@types/minimatch/index.d.ts'
[10:19:27.539] Adding entry into typings cache: 'minimist' => '/home/jorge/.cache/typescript/4.0/node_modules/@types/minimist/index.d.ts'
[10:19:27.580] Adding entry into typings cache: 'minipass' => '/home/jorge/.cache/typescript/4.0/node_modules/@types/minipass/index.d.ts'
[10:19:27.899] Adding entry into typings cache: 'mkdirp' => '/home/jorge/.cache/typescript/4.0/node_modules/@types/mkdirp/index.d.ts'
[10:19:27.933] Adding entry into typings cache: 'move-concurrently' => '/home/jorge/.cache/typescript/4.0/node_modules/@types/move-concurrently/index.d.ts'
[10:19:27.955] Adding entry into typings cache: 'ms' => '/home/jorge/.cache/typescript/4.0/node_modules/@types/ms/index.d.ts'
[10:19:27.968] Adding entry into typings cache: 'mute-stream' => '/home/jorge/.cache/typescript/4.0/node_modules/@types/mute-stream/index.d.ts'
[10:19:27.987] Adding entry into typings cache: 'natural-compare' => '/home/jorge/.cache/typescript/4.0/node_modules/@types/natural-compare/index.d.ts'
[10:19:27.996] Adding entry into typings cache: 'ncp' => '/home/jorge/.cache/typescript/4.0/node_modules/@types/ncp/index.d.ts'
[10:19:27.997] Adding entry into typings cache: 'negotiator' => '/home/jorge/.cache/typescript/4.0/node_modules/@types/negotiator/index.d.ts'
[10:19:28.3] Adding entry into typings cache: 'nested-error-stacks' => '/home/jorge/.cache/typescript/4.0/node_modules/@types/nested-error-stacks/index.d.ts'
[10:19:28.16] Adding entry into typings cache: 'next-tick' => '/home/jorge/.cache/typescript/4.0/node_modules/@types/next-tick/index.d.ts'
[10:19:28.29] Adding entry into typings cache: 'nice-try' => '/home/jorge/.cache/typescript/4.0/node_modules/@types/nice-try/index.d.ts'
[10:19:28.33] Adding entry into typings cache: 'node-abi' => '/home/jorge/.cache/typescript/4.0/node_modules/@types/node-abi/index.d.ts'
[10:19:28.103] Adding entry into typings cache: 'node-fetch' => '/home/jorge/.cache/typescript/4.0/node_modules/@types/node-fetch/index.d.ts'
[10:19:28.114] Adding entry into typings cache: 'node-forge' => '/home/jorge/.cache/typescript/4.0/node_modules/@types/node-forge/index.d.ts'
[10:19:28.165] Adding entry into typings cache: 'node-int64' => '/home/jorge/.cache/typescript/4.0/node_modules/@types/node-int64/index.d.ts'
[10:19:28.174] Adding entry into typings cache: 'node-notifier' => '/home/jorge/.cache/typescript/4.0/node_modules/@types/node-notifier/index.d.ts'
[10:19:28.221] Adding entry into typings cache: 'nopt' => '/home/jorge/.cache/typescript/4.0/node_modules/@types/nopt/index.d.ts'
[10:19:28.271] Adding entry into typings cache: 'normalize-package-data' => '/home/jorge/.cache/typescript/4.0/node_modules/@types/normalize-package-data/index.d.ts'
[10:19:28.335] Adding entry into typings cache: 'normalize-path' => '/home/jorge/.cache/typescript/4.0/node_modules/@types/normalize-path/index.d.ts'
[10:19:28.349] Adding entry into typings cache: 'npmlog' => '/home/jorge/.cache/typescript/4.0/node_modules/@types/npmlog/index.d.ts'
[10:19:28.386] Adding entry into typings cache: 'num2fraction' => '/home/jorge/.cache/typescript/4.0/node_modules/@types/num2fraction/index.d.ts'
[10:19:28.397] Adding entry into typings cache: 'number-is-nan' => '/home/jorge/.cache/typescript/4.0/node_modules/@types/number-is-nan/index.d.ts'
[10:19:28.423] Adding entry into typings cache: 'object-assign' => '/home/jorge/.cache/typescript/4.0/node_modules/@types/object-assign/index.d.ts'
[10:19:28.460] Adding entry into typings cache: 'object-hash' => '/home/jorge/.cache/typescript/4.0/node_modules/@types/object-hash/index.d.ts'
[10:19:28.519] Adding entry into typings cache: 'object-inspect' => '/home/jorge/.cache/typescript/4.0/node_modules/@types/object-inspect/index.d.ts'
[10:19:28.531] Adding entry into typings cache: 'object-keys' => '/home/jorge/.cache/typescript/4.0/node_modules/@types/object-keys/index.d.ts'
[10:19:28.559] Adding entry into typings cache: 'object.fromentries' => '/home/jorge/.cache/typescript/4.0/node_modules/@types/object.fromentries/index.d.ts'
[10:19:28.570] Adding entry into typings cache: 'object.getownpropertydescriptors' => '/home/jorge/.cache/typescript/4.0/node_modules/@types/object.getownpropertydescriptors/index.d.ts'
[10:19:28.642] Adding entry into typings cache: 'object.pick' => '/home/jorge/.cache/typescript/4.0/node_modules/@types/object.pick/index.d.ts'
[10:19:28.656] Adding entry into typings cache: 'omggif' => '/home/jorge/.cache/typescript/4.0/node_modules/@types/omggif/index.d.ts'
[10:19:28.675] Adding entry into typings cache: 'on-finished' => '/home/jorge/.cache/typescript/4.0/node_modules/@types/on-finished/index.d.ts'
[10:19:28.685] Adding entry into typings cache: 'on-headers' => '/home/jorge/.cache/typescript/4.0/node_modules/@types/on-headers/index.d.ts'
[10:19:28.739] Adding entry into typings cache: 'once' => '/home/jorge/.cache/typescript/4.0/node_modules/@types/once/index.d.ts'
[10:19:28.801] Adding entry into typings cache: 'opener' => '/home/jorge/.cache/typescript/4.0/node_modules/@types/opener/index.d.ts'
[10:19:28.858] Adding entry into typings cache: 'optimize-css-assets-webpack-plugin' => '/home/jorge/.cache/typescript/4.0/node_modules/@types/optimize-css-assets-webpack-plugin/index.d.ts'
[10:19:29.55] Adding entry into typings cache: 'original' => '/home/jorge/.cache/typescript/4.0/node_modules/@types/original/index.d.ts'
[10:19:29.106] Adding entry into typings cache: 'os-tmpdir' => '/home/jorge/.cache/typescript/4.0/node_modules/@types/os-tmpdir/index.d.ts'
[10:19:29.115] Adding entry into typings cache: 'pako' => '/home/jorge/.cache/typescript/4.0/node_modules/@types/pako/index.d.ts'
[10:19:29.138] Adding entry into typings cache: 'parallel-transform' => '/home/jorge/.cache/typescript/4.0/node_modules/@types/parallel-transform/index.d.ts'
[10:19:29.158] Adding entry into typings cache: 'parse-author' => '/home/jorge/.cache/typescript/4.0/node_modules/@types/parse-author/index.d.ts'
[10:19:29.290] Adding entry into typings cache: 'parse-json' => '/home/jorge/.cache/typescript/4.0/node_modules/@types/parse-json/index.d.ts'
[10:19:29.307] Adding entry into typings cache: 'parse-passwd' => '/home/jorge/.cache/typescript/4.0/node_modules/@types/parse-passwd/index.d.ts'
[10:19:29.322] Adding entry into typings cache: 'parse5' => '/home/jorge/.cache/typescript/4.0/node_modules/@types/parse5/index.d.ts'
[10:19:29.656] Adding entry into typings cache: 'parseurl' => '/home/jorge/.cache/typescript/4.0/node_modules/@types/parseurl/index.d.ts'
[10:19:29.782] Adding entry into typings cache: 'pascalcase' => '/home/jorge/.cache/typescript/4.0/node_modules/@types/pascalcase/index.d.ts'
[10:19:29.837] Adding entry into typings cache: 'path-is-absolute' => '/home/jorge/.cache/typescript/4.0/node_modules/@types/path-is-absolute/index.d.ts'
[10:19:29.862] Adding entry into typings cache: 'path-is-inside' => '/home/jorge/.cache/typescript/4.0/node_modules/@types/path-is-inside/index.d.ts'
[10:19:29.914] Adding entry into typings cache: 'path-parse' => '/home/jorge/.cache/typescript/4.0/node_modules/@types/path-parse/index.d.ts'
[10:19:29.926] Adding entry into typings cache: 'pbkdf2' => '/home/jorge/.cache/typescript/4.0/node_modules/@types/pbkdf2/index.d.ts'
[10:19:29.947] Adding entry into typings cache: 'picomatch' => '/home/jorge/.cache/typescript/4.0/node_modules/@types/picomatch/index.d.ts'
[10:19:29.962] Adding entry into typings cache: 'pify' => '/home/jorge/.cache/typescript/4.0/node_modules/@types/pify/index.d.ts'
[10:19:30.181] Adding entry into typings cache: 'pixelmatch' => '/home/jorge/.cache/typescript/4.0/node_modules/@types/pixelmatch/index.d.ts'
[10:19:30.202] Adding entry into typings cache: 'pngjs' => '/home/jorge/.cache/typescript/4.0/node_modules/@types/pngjs/index.d.ts'
[10:19:30.234] Adding entry into typings cache: 'postcss-calc' => '/home/jorge/.cache/typescript/4.0/node_modules/@types/postcss-calc/index.d.ts'
[10:19:30.258] Adding entry into typings cache: 'postcss-custom-properties' => '/home/jorge/.cache/typescript/4.0/node_modules/@types/postcss-custom-properties/index.d.ts'
[10:19:30.332] Adding entry into typings cache: 'postcss-flexbugs-fixes' => '/home/jorge/.cache/typescript/4.0/node_modules/@types/postcss-flexbugs-fixes/index.d.ts'
[10:19:30.423] Adding entry into typings cache: 'postcss-focus-within' => '/home/jorge/.cache/typescript/4.0/node_modules/@types/postcss-focus-within/index.d.ts'
[10:19:30.442] Adding entry into typings cache: 'postcss-gap-properties' => '/home/jorge/.cache/typescript/4.0/node_modules/@types/postcss-gap-properties/index.d.ts'
[10:19:30.573] Adding entry into typings cache: 'postcss-load-config' => '/home/jorge/.cache/typescript/4.0/node_modules/@types/postcss-load-config/index.d.ts'
[10:19:30.590] Adding entry into typings cache: 'postcss-modules-extract-imports' => '/home/jorge/.cache/typescript/4.0/node_modules/@types/postcss-modules-extract-imports/index.d.ts'
[10:19:30.615] Adding entry into typings cache: 'postcss-modules-local-by-default' => '/home/jorge/.cache/typescript/4.0/node_modules/@types/postcss-modules-local-by-default/index.d.ts'
[10:19:30.634] Adding entry into typings cache: 'postcss-modules-scope' => '/home/jorge/.cache/typescript/4.0/node_modules/@types/postcss-modules-scope/index.d.ts'
[10:19:30.661] Adding entry into typings cache: 'postcss-modules-values' => '/home/jorge/.cache/typescript/4.0/node_modules/@types/postcss-modules-values/index.d.ts'
[10:19:30.682] Adding entry into typings cache: 'postcss-normalize' => '/home/jorge/.cache/typescript/4.0/node_modules/@types/postcss-normalize/index.d.ts'
[10:19:30.693] Adding entry into typings cache: 'postcss-preset-env' => '/home/jorge/.cache/typescript/4.0/node_modules/@types/postcss-preset-env/index.d.ts'
[10:19:30.721] Adding entry into typings cache: 'postcss-safe-parser' => '/home/jorge/.cache/typescript/4.0/node_modules/@types/postcss-safe-parser/index.d.ts'
[10:19:30.729] Adding entry into typings cache: 'prelude-ls' => '/home/jorge/.cache/typescript/4.0/node_modules/@types/prelude-ls/index.d.ts'
[10:19:30.746] Adding entry into typings cache: 'prettier' => '/home/jorge/.cache/typescript/4.0/node_modules/@types/prettier/index.d.ts'
[10:19:30.842] Adding entry into typings cache: 'pretty-time' => '/home/jorge/.cache/typescript/4.0/node_modules/@types/pretty-time/index.d.ts'
[10:19:30.869] Adding entry into typings cache: 'progress' => '/home/jorge/.cache/typescript/4.0/node_modules/@types/progress/index.d.ts'
[10:19:30.946] Adding entry into typings cache: 'promise-inflight' => '/home/jorge/.cache/typescript/4.0/node_modules/@types/promise-inflight/index.d.ts'
[10:19:30.957] Adding entry into typings cache: 'prompts' => '/home/jorge/.cache/typescript/4.0/node_modules/@types/prompts/index.d.ts'
[10:19:31.15] Adding entry into typings cache: 'prop-types' => '/home/jorge/.cache/typescript/4.0/node_modules/@types/prop-types/index.d.ts'
[10:19:31.27] Adding entry into typings cache: 'proxy-addr' => '/home/jorge/.cache/typescript/4.0/node_modules/@types/proxy-addr/index.d.ts'
[10:19:31.57] Adding entry into typings cache: 'proxy-from-env' => '/home/jorge/.cache/typescript/4.0/node_modules/@types/proxy-from-env/index.d.ts'
[10:19:31.86] Adding entry into typings cache: 'ps-tree' => '/home/jorge/.cache/typescript/4.0/node_modules/@types/ps-tree/index.d.ts'
[10:19:31.109] Adding entry into typings cache: 'psl' => '/home/jorge/.cache/typescript/4.0/node_modules/@types/psl/index.d.ts'
[10:19:31.131] Adding entry into typings cache: 'pump' => '/home/jorge/.cache/typescript/4.0/node_modules/@types/pump/index.d.ts'
[10:19:31.156] Adding entry into typings cache: 'pumpify' => '/home/jorge/.cache/typescript/4.0/node_modules/@types/pumpify/index.d.ts'
[10:19:31.338] Adding entry into typings cache: 'punycode' => '/home/jorge/.cache/typescript/4.0/node_modules/@types/punycode/index.d.ts'
[10:19:31.364] Adding entry into typings cache: 'q' => '/home/jorge/.cache/typescript/4.0/node_modules/@types/q/index.d.ts'
[10:19:31.515] Adding entry into typings cache: 'qs' => '/home/jorge/.cache/typescript/4.0/node_modules/@types/qs/index.d.ts'
[10:19:31.684] Adding entry into typings cache: 'querystringify' => '/home/jorge/.cache/typescript/4.0/node_modules/@types/querystringify/index.d.ts'
[10:19:31.796] Adding entry into typings cache: 'raf' => '/home/jorge/.cache/typescript/4.0/node_modules/@types/raf/index.d.ts'
[10:19:32.203] Adding entry into typings cache: 'randombytes' => '/home/jorge/.cache/typescript/4.0/node_modules/@types/randombytes/index.d.ts'
[10:19:32.506] Adding entry into typings cache: 'range-parser' => '/home/jorge/.cache/typescript/4.0/node_modules/@types/range-parser/index.d.ts'
[10:19:32.564] Adding entry into typings cache: 'rc' => '/home/jorge/.cache/typescript/4.0/node_modules/@types/rc/index.d.ts'
[10:19:32.655] Adding entry into typings cache: 'rc-slider' => '/home/jorge/.cache/typescript/4.0/node_modules/@types/rc-slider/index.d.ts'
[10:19:32.673] Adding entry into typings cache: 'rc-switch' => '/home/jorge/.cache/typescript/4.0/node_modules/@types/rc-switch/index.d.ts'
[10:19:32.691] Adding entry into typings cache: 'rc-tooltip' => '/home/jorge/.cache/typescript/4.0/node_modules/@types/rc-tooltip/index.d.ts'
[10:19:32.725] Adding entry into typings cache: 'rc-tree' => '/home/jorge/.cache/typescript/4.0/node_modules/@types/rc-tree/index.d.ts'
[10:19:33.7] Adding entry into typings cache: 'react' => '/home/jorge/.cache/typescript/4.0/node_modules/@types/react/index.d.ts'
[10:19:33.83] Adding entry into typings cache: 'react-dev-utils' => '/home/jorge/.cache/typescript/4.0/node_modules/@types/react-dev-utils/index.d.ts'
[10:19:33.123] Adding entry into typings cache: 'react-dom' => '/home/jorge/.cache/typescript/4.0/node_modules/@types/react-dom/index.d.ts'
[10:19:33.487] Adding entry into typings cache: 'react-is' => '/home/jorge/.cache/typescript/4.0/node_modules/@types/react-is/index.d.ts'
[10:19:33.497] Adding entry into typings cache: 'react-lifecycles-compat' => '/home/jorge/.cache/typescript/4.0/node_modules/@types/react-lifecycles-compat/index.d.ts'
[10:19:33.798] Adding entry into typings cache: 'react-router' => '/home/jorge/.cache/typescript/4.0/node_modules/@types/react-router/index.d.ts'
[10:19:33.840] Adding entry into typings cache: 'react-router-dom' => '/home/jorge/.cache/typescript/4.0/node_modules/@types/react-router-dom/index.d.ts'
[10:19:33.883] Adding entry into typings cache: 'react-textarea-autosize' => '/home/jorge/.cache/typescript/4.0/node_modules/@types/react-textarea-autosize/index.d.ts'
[10:19:34.265] Adding entry into typings cache: 'readable-stream' => '/home/jorge/.cache/typescript/4.0/node_modules/@types/readable-stream/index.d.ts'
[10:19:34.346] Adding entry into typings cache: 'readline-sync' => '/home/jorge/.cache/typescript/4.0/node_modules/@types/readline-sync/index.d.ts'
[10:19:34.361] Adding entry into typings cache: 'recursive-readdir' => '/home/jorge/.cache/typescript/4.0/node_modules/@types/recursive-readdir/index.d.ts'
[10:19:34.376] Adding entry into typings cache: 'regenerator-runtime' => '/home/jorge/.cache/typescript/4.0/node_modules/@types/regenerator-runtime/index.d.ts'
[10:19:34.548] Adding entry into typings cache: 'relateurl' => '/home/jorge/.cache/typescript/4.0/node_modules/@types/relateurl/index.d.ts'
[10:19:34.624] Adding entry into typings cache: 'repeat-element' => '/home/jorge/.cache/typescript/4.0/node_modules/@types/repeat-element/index.d.ts'
[10:19:34.795] Adding entry into typings cache: 'repeat-string' => '/home/jorge/.cache/typescript/4.0/node_modules/@types/repeat-string/index.d.ts'
[10:19:34.937] Adding entry into typings cache: 'repeating' => '/home/jorge/.cache/typescript/4.0/node_modules/@types/repeating/index.d.ts'
[10:19:34.953] Adding entry into typings cache: 'replace-ext' => '/home/jorge/.cache/typescript/4.0/node_modules/@types/replace-ext/index.d.ts'
[10:19:34.963] Adding entry into typings cache: 'request' => '/home/jorge/.cache/typescript/4.0/node_modules/@types/request/index.d.ts'
[10:19:34.985] Adding entry into typings cache: 'request-promise-native' => '/home/jorge/.cache/typescript/4.0/node_modules/@types/request-promise-native/index.d.ts'
[10:19:34.990] Adding entry into typings cache: 'require-directory' => '/home/jorge/.cache/typescript/4.0/node_modules/@types/require-directory/index.d.ts'
[10:19:34.999] Adding entry into typings cache: 'requires-port' => '/home/jorge/.cache/typescript/4.0/node_modules/@types/requires-port/index.d.ts'
[10:19:35.21] Adding entry into typings cache: 'resize-img' => '/home/jorge/.cache/typescript/4.0/node_modules/@types/resize-img/index.d.ts'
[10:19:35.153] Adding entry into typings cache: 'resolve' => '/home/jorge/.cache/typescript/4.0/node_modules/@types/resolve/index.d.ts'
[10:19:35.379] Adding entry into typings cache: 'retry' => '/home/jorge/.cache/typescript/4.0/node_modules/@types/retry/index.d.ts'
[10:19:35.404] Adding entry into typings cache: 'rimraf' => '/home/jorge/.cache/typescript/4.0/node_modules/@types/rimraf/index.d.ts'
[10:19:35.428] Adding entry into typings cache: 'ripemd160' => '/home/jorge/.cache/typescript/4.0/node_modules/@types/ripemd160/index.d.ts'
[10:19:35.451] Adding entry into typings cache: 'rsvp' => '/home/jorge/.cache/typescript/4.0/node_modules/@types/rsvp/index.d.ts'
[10:19:35.510] Adding entry into typings cache: 'run-parallel' => '/home/jorge/.cache/typescript/4.0/node_modules/@types/run-parallel/index.d.ts'
[10:19:35.562] Adding entry into typings cache: 'rx' => '/home/jorge/.cache/typescript/4.0/node_modules/@types/rx/index.d.ts'
[10:19:35.913] Adding entry into typings cache: 'safe-regex' => '/home/jorge/.cache/typescript/4.0/node_modules/@types/safe-regex/index.d.ts'
[10:19:35.935] Adding entry into typings cache: 'safer-buffer' => '/home/jorge/.cache/typescript/4.0/node_modules/@types/safer-buffer/index.d.ts'
[10:19:35.944] Adding entry into typings cache: 'sane' => '/home/jorge/.cache/typescript/4.0/node_modules/@types/sane/index.d.ts'
[10:19:36.177] Adding entry into typings cache: 'sass-loader' => '/home/jorge/.cache/typescript/4.0/node_modules/@types/sass-loader/index.d.ts'
[10:19:36.200] Adding entry into typings cache: 'sax' => '/home/jorge/.cache/typescript/4.0/node_modules/@types/sax/index.d.ts'
[10:19:36.218] Adding entry into typings cache: 'scheduler' => '/home/jorge/.cache/typescript/4.0/node_modules/@types/scheduler/index.d.ts'
[10:19:36.603] Adding entry into typings cache: 'semver' => '/home/jorge/.cache/typescript/4.0/node_modules/@types/semver/index.d.ts'
[10:19:36.673] Adding entry into typings cache: 'send' => '/home/jorge/.cache/typescript/4.0/node_modules/@types/send/index.d.ts'
[10:19:36.933] Adding entry into typings cache: 'sentry__webpack-plugin' => '/home/jorge/.cache/typescript/4.0/node_modules/@types/sentry__webpack-plugin/index.d.ts'
[10:19:37.403] Adding entry into typings cache: 'serialize-javascript' => '/home/jorge/.cache/typescript/4.0/node_modules/@types/serialize-javascript/index.d.ts'
[10:19:37.699] Adding entry into typings cache: 'serve-index' => '/home/jorge/.cache/typescript/4.0/node_modules/@types/serve-index/index.d.ts'
[10:19:37.785] Adding entry into typings cache: 'serve-static' => '/home/jorge/.cache/typescript/4.0/node_modules/@types/serve-static/index.d.ts'
[10:19:38.103] Adding entry into typings cache: 'set-value' => '/home/jorge/.cache/typescript/4.0/node_modules/@types/set-value/index.d.ts'
[10:19:38.161] Adding entry into typings cache: 'setimmediate' => '/home/jorge/.cache/typescript/4.0/node_modules/@types/setimmediate/index.d.ts'
[10:19:38.190] Adding entry into typings cache: 'sha.js' => '/home/jorge/.cache/typescript/4.0/node_modules/@types/sha.js/index.d.ts'
[10:19:38.212] Adding entry into typings cache: 'shallowequal' => '/home/jorge/.cache/typescript/4.0/node_modules/@types/shallowequal/index.d.ts'
[10:19:38.232] Adding entry into typings cache: 'sharp' => '/home/jorge/.cache/typescript/4.0/node_modules/@types/sharp/index.d.ts'
[10:19:38.252] Adding entry into typings cache: 'shebang-command' => '/home/jorge/.cache/typescript/4.0/node_modules/@types/shebang-command/index.d.ts'
[10:19:38.270] Adding entry into typings cache: 'shell-quote' => '/home/jorge/.cache/typescript/4.0/node_modules/@types/shell-quote/index.d.ts'
[10:19:38.287] Adding entry into typings cache: 'signal-exit' => '/home/jorge/.cache/typescript/4.0/node_modules/@types/signal-exit/index.d.ts'
[10:19:38.312] Adding entry into typings cache: 'slice-ansi' => '/home/jorge/.cache/typescript/4.0/node_modules/@types/slice-ansi/index.d.ts'
[10:19:38.323] Adding entry into typings cache: 'socket.io' => '/home/jorge/.cache/typescript/4.0/node_modules/@types/socket.io/index.d.ts'
[10:19:38.341] Adding entry into typings cache: 'socket.io-client' => '/home/jorge/.cache/typescript/4.0/node_modules/@types/socket.io-client/index.d.ts'
[10:19:38.363] Adding entry into typings cache: 'socket.io-parser' => '/home/jorge/.cache/typescript/4.0/node_modules/@types/socket.io-parser/index.d.ts'
[10:19:38.386] Adding entry into typings cache: 'sockjs' => '/home/jorge/.cache/typescript/4.0/node_modules/@types/sockjs/index.d.ts'
[10:19:38.396] Adding entry into typings cache: 'sockjs-client' => '/home/jorge/.cache/typescript/4.0/node_modules/@types/sockjs-client/index.d.ts'
[10:19:39.61] Adding entry into typings cache: 'source-list-map' => '/home/jorge/.cache/typescript/4.0/node_modules/@types/source-list-map/index.d.ts'
[10:19:39.295] Adding entry into typings cache: 'source-map-support' => '/home/jorge/.cache/typescript/4.0/node_modules/@types/source-map-support/index.d.ts'
[10:19:39.470] Adding entry into typings cache: 'spdx-correct' => '/home/jorge/.cache/typescript/4.0/node_modules/@types/spdx-correct/index.d.ts'
[10:19:39.588] Adding entry into typings cache: 'spdx-expression-parse' => '/home/jorge/.cache/typescript/4.0/node_modules/@types/spdx-expression-parse/index.d.ts'
[10:19:39.927] Adding entry into typings cache: 'spdy' => '/home/jorge/.cache/typescript/4.0/node_modules/@types/spdy/index.d.ts'
[10:19:40.121] Adding entry into typings cache: 'split' => '/home/jorge/.cache/typescript/4.0/node_modules/@types/split/index.d.ts'
[10:19:40.255] Adding entry into typings cache: 'sprintf' => '/home/jorge/.cache/typescript/4.0/node_modules/@types/sprintf/index.d.ts'
[10:19:40.394] Adding entry into typings cache: 'sprintf-js' => '/home/jorge/.cache/typescript/4.0/node_modules/@types/sprintf-js/index.d.ts'
[10:19:40.606] Adding entry into typings cache: 'sshpk' => '/home/jorge/.cache/typescript/4.0/node_modules/@types/sshpk/index.d.ts'
[10:19:40.617] Adding entry into typings cache: 'ssri' => '/home/jorge/.cache/typescript/4.0/node_modules/@types/ssri/index.d.ts'
[10:19:40.831] Adding entry into typings cache: 'stack-utils' => '/home/jorge/.cache/typescript/4.0/node_modules/@types/stack-utils/index.d.ts'
[10:19:40.852] Adding entry into typings cache: 'statuses' => '/home/jorge/.cache/typescript/4.0/node_modules/@types/statuses/index.d.ts'
[10:19:40.869] Adding entry into typings cache: 'stream-each' => '/home/jorge/.cache/typescript/4.0/node_modules/@types/stream-each/index.d.ts'
[10:19:40.884] Adding entry into typings cache: 'stream-shift' => '/home/jorge/.cache/typescript/4.0/node_modules/@types/stream-shift/index.d.ts'
[10:19:41.27] Adding entry into typings cache: 'strict-uri-encode' => '/home/jorge/.cache/typescript/4.0/node_modules/@types/strict-uri-encode/index.d.ts'
[10:19:41.275] Adding entry into typings cache: 'string-natural-compare' => '/home/jorge/.cache/typescript/4.0/node_modules/@types/string-natural-compare/index.d.ts'
[10:19:41.287] Adding entry into typings cache: 'string.prototype.matchall' => '/home/jorge/.cache/typescript/4.0/node_modules/@types/string.prototype.matchall/index.d.ts'
[10:19:41.502] Adding entry into typings cache: 'stringify-object' => '/home/jorge/.cache/typescript/4.0/node_modules/@types/stringify-object/index.d.ts'
[10:19:41.633] Adding entry into typings cache: 'strip-comments' => '/home/jorge/.cache/typescript/4.0/node_modules/@types/strip-comments/index.d.ts'
[10:19:42.160] Adding entry into typings cache: 'supports-color' => '/home/jorge/.cache/typescript/4.0/node_modules/@types/supports-color/index.d.ts'
[10:19:42.200] Adding entry into typings cache: 'svg-parser' => '/home/jorge/.cache/typescript/4.0/node_modules/@types/svg-parser/index.d.ts'
[10:19:42.216] Adding entry into typings cache: 'svgo' => '/home/jorge/.cache/typescript/4.0/node_modules/@types/svgo/index.d.ts'
[10:19:42.237] Adding entry into typings cache: 'symbol-tree' => '/home/jorge/.cache/typescript/4.0/node_modules/@types/symbol-tree/index.d.ts'
[10:19:42.264] Adding entry into typings cache: 'table' => '/home/jorge/.cache/typescript/4.0/node_modules/@types/table/index.d.ts'
[10:19:42.530] Adding entry into typings cache: 'tapable' => '/home/jorge/.cache/typescript/4.0/node_modules/tapable/tapable.d.ts'
[10:19:42.575] Adding entry into typings cache: 'tar' => '/home/jorge/.cache/typescript/4.0/node_modules/@types/tar/index.d.ts'
[10:19:42.744] Adding entry into typings cache: 'tar-fs' => '/home/jorge/.cache/typescript/4.0/node_modules/@types/tar-fs/index.d.ts'
[10:19:42.942] Adding entry into typings cache: 'tar-stream' => '/home/jorge/.cache/typescript/4.0/node_modules/@types/tar-stream/index.d.ts'
[10:19:43.306] Adding entry into typings cache: 'terser-webpack-plugin' => '/home/jorge/.cache/typescript/4.0/node_modules/@types/terser-webpack-plugin/index.d.ts'
[10:19:43.367] Adding entry into typings cache: 'testing-library__jest-dom' => '/home/jorge/.cache/typescript/4.0/node_modules/@types/testing-library__jest-dom/index.d.ts'
[10:19:43.410] Adding entry into typings cache: 'text-table' => '/home/jorge/.cache/typescript/4.0/node_modules/@types/text-table/index.d.ts'
[10:19:43.555] Adding entry into typings cache: 'through' => '/home/jorge/.cache/typescript/4.0/node_modules/@types/through/index.d.ts'
[10:19:43.568] Adding entry into typings cache: 'through2' => '/home/jorge/.cache/typescript/4.0/node_modules/@types/through2/index.d.ts'
[10:19:43.582] Adding entry into typings cache: 'timsort' => '/home/jorge/.cache/typescript/4.0/node_modules/@types/timsort/index.d.ts'
[10:19:43.599] Adding entry into typings cache: 'tinycolor2' => '/home/jorge/.cache/typescript/4.0/node_modules/@types/tinycolor2/index.d.ts'
[10:19:43.878] Adding entry into typings cache: 'tlds' => '/home/jorge/.cache/typescript/4.0/node_modules/@types/tlds/index.d.ts'
[10:19:43.926] Adding entry into typings cache: 'tmp' => '/home/jorge/.cache/typescript/4.0/node_modules/@types/tmp/index.d.ts'
[10:19:43.939] Adding entry into typings cache: 'to-ico' => '/home/jorge/.cache/typescript/4.0/node_modules/@types/to-ico/index.d.ts'
[10:19:43.970] Adding entry into typings cache: 'tough-cookie' => '/home/jorge/.cache/typescript/4.0/node_modules/@types/tough-cookie/index.d.ts'
[10:19:44.61] Adding entry into typings cache: 'tryer' => '/home/jorge/.cache/typescript/4.0/node_modules/@types/tryer/index.d.ts'
[10:19:44.90] Adding entry into typings cache: 'type-check' => '/home/jorge/.cache/typescript/4.0/node_modules/@types/type-check/index.d.ts'
[10:19:44.119] Adding entry into typings cache: 'type-detect' => '/home/jorge/.cache/typescript/4.0/node_modules/@types/type-detect/index.d.ts'
[10:19:44.143] Adding entry into typings cache: 'type-is' => '/home/jorge/.cache/typescript/4.0/node_modules/@types/type-is/index.d.ts'
[10:19:44.199] Adding entry into typings cache: 'ua-parser-js' => '/home/jorge/.cache/typescript/4.0/node_modules/@types/ua-parser-js/index.d.ts'
[10:19:44.230] Adding entry into typings cache: 'underscore' => '/home/jorge/.cache/typescript/4.0/node_modules/@types/underscore/index.d.ts'
[10:19:44.265] Adding entry into typings cache: 'uniq' => '/home/jorge/.cache/typescript/4.0/node_modules/@types/uniq/index.d.ts'
[10:19:44.498] Adding entry into typings cache: 'unist' => '/home/jorge/.cache/typescript/4.0/node_modules/@types/unist/index.d.ts'
[10:19:44.736] Adding entry into typings cache: 'universalify' => '/home/jorge/.cache/typescript/4.0/node_modules/@types/universalify/index.d.ts'
[10:19:45.274] Adding entry into typings cache: 'urix' => '/home/jorge/.cache/typescript/4.0/node_modules/@types/urix/index.d.ts'
[10:19:45.320] Adding entry into typings cache: 'url-parse' => '/home/jorge/.cache/typescript/4.0/node_modules/@types/url-parse/index.d.ts'
[10:19:45.532] Adding entry into typings cache: 'url-regex-safe' => '/home/jorge/.cache/typescript/4.0/node_modules/@types/url-regex-safe/index.d.ts'
[10:19:45.687] Adding entry into typings cache: 'utif' => '/home/jorge/.cache/typescript/4.0/node_modules/@types/utif/index.d.ts'
[10:19:46.40] Adding entry into typings cache: 'util-deprecate' => '/home/jorge/.cache/typescript/4.0/node_modules/@types/util-deprecate/index.d.ts'
[10:19:46.48] Adding entry into typings cache: 'util.promisify' => '/home/jorge/.cache/typescript/4.0/node_modules/@types/util.promisify/index.d.ts'
[10:19:46.81] Adding entry into typings cache: 'utils-merge' => '/home/jorge/.cache/typescript/4.0/node_modules/@types/utils-merge/index.d.ts'
[10:19:46.95] Adding entry into typings cache: 'uuid' => '/home/jorge/.cache/typescript/4.0/node_modules/@types/uuid/index.d.ts'
[10:19:46.134] Adding entry into typings cache: 'validate-npm-package-license' => '/home/jorge/.cache/typescript/4.0/node_modules/@types/validate-npm-package-license/index.d.ts'
[10:19:46.167] Adding entry into typings cache: 'vary' => '/home/jorge/.cache/typescript/4.0/node_modules/@types/vary/index.d.ts'
[10:19:46.317] Adding entry into typings cache: 'verror' => '/home/jorge/.cache/typescript/4.0/node_modules/@types/verror/index.d.ts'
[10:19:46.331] Adding entry into typings cache: 'vinyl' => '/home/jorge/.cache/typescript/4.0/node_modules/@types/vinyl/index.d.ts'
[10:19:46.351] Adding entry into typings cache: 'w3c-xmlserializer' => '/home/jorge/.cache/typescript/4.0/node_modules/@types/w3c-xmlserializer/index.d.ts'
[10:19:46.369] Adding entry into typings cache: 'warning' => '/home/jorge/.cache/typescript/4.0/node_modules/@types/warning/index.d.ts'
[10:19:46.722] Adding entry into typings cache: 'watchpack' => '/home/jorge/.cache/typescript/4.0/node_modules/@types/watchpack/index.d.ts'
[10:19:46.822] Adding entry into typings cache: 'webidl-conversions' => '/home/jorge/.cache/typescript/4.0/node_modules/@types/webidl-conversions/index.d.ts'
[10:19:46.881] Adding entry into typings cache: 'webpack' => '/home/jorge/.cache/typescript/4.0/node_modules/webpack/types.d.ts'
[10:19:46.965] Adding entry into typings cache: 'webpack-bundle-analyzer' => '/home/jorge/.cache/typescript/4.0/node_modules/@types/webpack-bundle-analyzer/index.d.ts'
[10:19:47.247] Adding entry into typings cache: 'webpack-dev-middleware' => '/home/jorge/.cache/typescript/4.0/node_modules/@types/webpack-dev-middleware/index.d.ts'
[10:19:47.465] Adding entry into typings cache: 'webpack-dev-server' => '/home/jorge/.cache/typescript/4.0/node_modules/@types/webpack-dev-server/index.d.ts'
[10:19:47.613] Adding entry into typings cache: 'webpack-hot-middleware' => '/home/jorge/.cache/typescript/4.0/node_modules/@types/webpack-hot-middleware/index.d.ts'
[10:19:47.640] Adding entry into typings cache: 'webpack-manifest-plugin' => '/home/jorge/.cache/typescript/4.0/node_modules/@types/webpack-manifest-plugin/index.d.ts'
[10:19:47.652] Adding entry into typings cache: 'webpack-merge' => '/home/jorge/.cache/typescript/4.0/node_modules/@types/webpack-merge/index.d.ts'
[10:19:48.368] Adding entry into typings cache: 'webpack-sources' => '/home/jorge/.cache/typescript/4.0/node_modules/@types/webpack-sources/index.d.ts'
[10:19:48.619] Adding entry into typings cache: 'webpackbar' => '/home/jorge/.cache/typescript/4.0/node_modules/@types/webpackbar/index.d.ts'
[10:19:48.815] Adding entry into typings cache: 'whatwg-encoding' => '/home/jorge/.cache/typescript/4.0/node_modules/@types/whatwg-encoding/index.d.ts'
[10:19:48.980] Adding entry into typings cache: 'whatwg-mimetype' => '/home/jorge/.cache/typescript/4.0/node_modules/@types/whatwg-mimetype/index.d.ts'
[10:19:48.982] Adding entry into typings cache: 'whatwg-url' => '/home/jorge/.cache/typescript/4.0/node_modules/@types/whatwg-url/index.d.ts'
[10:19:49.149] Adding entry into typings cache: 'which' => '/home/jorge/.cache/typescript/4.0/node_modules/@types/which/index.d.ts'
[10:19:49.180] Adding entry into typings cache: 'which-pm-runs' => '/home/jorge/.cache/typescript/4.0/node_modules/@types/which-pm-runs/index.d.ts'
[10:19:49.294] Adding entry into typings cache: 'workbox-build' => '/home/jorge/.cache/typescript/4.0/node_modules/@types/workbox-build/index.d.ts'
[10:19:49.325] Adding entry into typings cache: 'workbox-sw' => '/home/jorge/.cache/typescript/4.0/node_modules/@types/workbox-sw/index.d.ts'
[10:19:49.365] Adding entry into typings cache: 'workbox-webpack-plugin' => '/home/jorge/.cache/typescript/4.0/node_modules/@types/workbox-webpack-plugin/index.d.ts'
[10:19:49.399] Adding entry into typings cache: 'wrap-ansi' => '/home/jorge/.cache/typescript/4.0/node_modules/@types/wrap-ansi/index.d.ts'
[10:19:49.430] Adding entry into typings cache: 'write' => '/home/jorge/.cache/typescript/4.0/node_modules/@types/write/index.d.ts'
[10:19:49.451] Adding entry into typings cache: 'write-file-atomic' => '/home/jorge/.cache/typescript/4.0/node_modules/@types/write-file-atomic/index.d.ts'
[10:19:49.513] Adding entry into typings cache: 'ws' => '/home/jorge/.cache/typescript/4.0/node_modules/@types/ws/index.d.ts'
[10:19:49.597] Adding entry into typings cache: 'xml2js' => '/home/jorge/.cache/typescript/4.0/node_modules/@types/xml2js/index.d.ts'
[10:19:49.617] Adding entry into typings cache: 'xregexp' => '/home/jorge/.cache/typescript/4.0/node_modules/@types/xregexp/index.d.ts'
[10:19:49.654] Adding entry into typings cache: 'xtend' => '/home/jorge/.cache/typescript/4.0/node_modules/@types/xtend/index.d.ts'
[10:19:49.873] Adding entry into typings cache: 'y18n' => '/home/jorge/.cache/typescript/4.0/node_modules/@types/y18n/index.d.ts'
[10:19:50.84] Adding entry into typings cache: 'yallist' => '/home/jorge/.cache/typescript/4.0/node_modules/@types/yallist/index.d.ts'
[10:19:50.305] Adding entry into typings cache: 'yargs' => '/home/jorge/.cache/typescript/4.0/node_modules/@types/yargs/index.d.ts'
[10:19:50.497] Adding entry into typings cache: 'yargs-parser' => '/home/jorge/.cache/typescript/4.0/node_modules/@types/yargs-parser/index.d.ts'
[10:19:50.597] Adding entry into typings cache: 'yeast' => '/home/jorge/.cache/typescript/4.0/node_modules/@types/yeast/index.d.ts'
[10:19:50.597] Finished processing cache location '/home/jorge/.cache/typescript/4.0'
[10:19:50.598] Process id: 3942
[10:19:50.598] NPM location: /home/jorge/.asdf/installs/nodejs/14.2.0/bin/npm (explicit '--npmLocation' not  provided)
[10:19:50.598] validateDefaultNpmLocation: false
[10:19:50.598] Npm config file: /home/jorge/.cache/typescript/4.0/package.json
[10:19:50.598] Updating types-registry npm package...
[10:19:50.598] Exec: /home/jorge/.asdf/installs/nodejs/14.2.0/bin/npm install --ignore-scripts types-registry@latest
[10:20:36.868]     Succeeded. stdout:
    + types-registry@0.1.517
    updated 1 package and audited 880 packages in 10.708s

14 packages are looking for funding
  run `npm fund` for details

found 0 vulnerabilities


[10:20:36.868] Updated types-registry npm package
