[18:4:54.500] Global cache location '/home/jorge/.cache/typescript/3.7', safe file path '/home/jorge/.emacs.d/.cache/lsp/npm/typescript/lib/node_modules/typescript/lib/typingSafeList.json', types map path /home/jorge/.emacs.d/.cache/lsp/npm/typescript/lib/node_modules/typescript/lib/typesMap.json
[18:4:54.501] Processing cache location '/home/jorge/.cache/typescript/3.7'
[18:4:54.501] Trying to find '/home/jorge/.cache/typescript/3.7/package.json'...
[18:4:54.503] Loaded content of '/home/jorge/.cache/typescript/3.7/package.json': {"private":true,"dependencies":{"types-registry":"^0.1.517"},"devDependencies":{"@types/accepts":"^1.3.5","@types/acorn":"^4.0.5","@types/agent-base":"^4.2.0","@types/ajv-errors":"^1.0.2","@types/ajv-keywords":"^3.4.0","@types/ansi-styles":"^3.2.1","@types/anymatch":"^1.3.1","@types/are-we-there-yet":"^1.1.0","@types/argparse":"^1.0.38","@types/aria-query":"^4.2.0","@types/arr-diff":"^4.0.0","@types/arr-union":"^3.1.0","@types/array-find-index":"^1.0.0","@types/array-unique":"^0.3.0","@types/array.prototype.flat":"^1.2.1","@types/asap":"^2.0.0","@types/asn1":"^0.2.0","@types/assert":"^1.5.1","@types/assert-plus":"^1.0.4","@types/async":"^3.2.3","@types/atob":"^2.1.2","@types/autoprefixer":"^9.7.2","@types/aws4":"^1.5.1","@types/babel-code-frame":"^6.20.4","@types/babel-plugin-macros":"^2.8.2","@types/babel__core":"^7.1.9","@types/babylon":"^6.16.5","@types/backo2":"^1.0.1","@types/balanced-match":"^1.0.1","@types/base16":"^1.0.2","@types/base64-arraybuffer":"^0.1.0","@types/base64-js":"^1.3.0","@types/big.js":"^4.0.5","@types/bl":"^2.1.0","@types/bluebird":"^3.5.32","@types/bmp-js":"^0.1.0","@types/bn.js":"^4.11.6","@types/body-parser":"^1.19.0","@types/bonjour":"^3.5.6","@types/brace-expansion":"^1.1.0","@types/braces":"^3.0.0","@types/brorand":"^1.0.30","@types/browser-resolve":"^1.11.0","@types/browserslist":"^4.8.0","@types/bser":"^2.0.0","@types/buffer-equal":"0.0.30","@types/buffer-from":"^1.1.0","@types/buffer-json":"^2.0.0","@types/buffer-xor":"^2.0.0","@types/bytes":"^3.1.0","@types/cacache":"^12.0.1","@types/callsite":"^1.0.30","@types/caniuse-api":"^3.0.0","@types/caniuse-lite":"^1.0.0","@types/case-sensitive-paths-webpack-plugin":"^2.1.4","@types/caseless":"^0.12.2","@types/chardet":"^0.8.0","@types/chownr":"^1.0.0","@types/ci-info":"^2.0.0","@types/cipher-base":"^1.0.0","@types/classnames":"^2.2.10","@types/clean-css":"^4.2.2","@types/clone":"^2.1.0","@types/cloneable-readable":"^2.0.0","@types/co":"^4.6.2","@types/codemirror":"0.0.97","@types/color":"^3.0.1","@types/color-convert":"^1.9.0","@types/color-name":"^1.1.1","@types/color-string":"^1.5.0","@types/combined-stream":"^1.0.2","@types/common-tags":"^1.8.0","@types/commondir":"^1.0.0","@types/component-emitter":"^1.2.9","@types/compressible":"^2.0.0","@types/compression":"^1.7.0","@types/concat-map":"0.0.0","@types/concat-stream":"^1.6.0","@types/concurrently":"^5.2.1","@types/confusing-browser-globals":"^1.0.0","@types/connect-history-api-fallback":"^1.3.3","@types/contains-path":"^1.0.0","@types/content-disposition":"^0.5.3","@types/content-type":"^1.1.3","@types/convert-source-map":"^1.5.1","@types/cookie":"^0.4.0","@types/cookie-signature":"^1.0.3","@types/core-js":"^2.5.3","@types/create-hash":"^1.2.2","@types/create-hmac":"^1.1.0","@types/cross-spawn":"^6.0.2","@types/css-declaration-sorter":"^5.1.0","@types/css-tree":"^1.0.3","@types/cssesc":"^3.0.0","@types/cssnano":"^4.0.0","@types/csso":"^3.5.1","@types/cssom":"^0.4.1","@types/cssstyle":"^2.2.1","@types/d":"^1.0.0","@types/date-now":"^1.0.0","@types/debug":"^4.1.5","@types/decode-uri-component":"^0.2.0","@types/deep-equal":"^1.0.1","@types/deep-extend":"^0.4.31","@types/default-gateway":"^3.0.1","@types/define-properties":"^1.1.3","@types/depd":"^1.1.32","@types/destroy":"^1.0.0","@types/detect-node":"^2.0.0","@types/diff-match-patch":"^1.0.32","@types/diffie-hellman":"^5.0.0","@types/dir-glob":"^2.0.0","@types/dlv":"^1.1.2","@types/doctrine":"0.0.3","@types/domexception":"^2.0.1","@types/domhandler":"^2.4.1","@types/domutils":"^1.7.2","@types/duplexify":"^3.6.0","@types/duplicate-package-checker-webpack-plugin":"^2.1.0","@types/ee-first":"^1.1.0","@types/ejs":"^3.0.4","@types/elliptic":"^6.4.12","@types/encodeurl":"^1.0.0","@types/end-of-stream":"^1.4.0","@types/engine.io":"^3.1.4","@types/engine.io-client":"^3.1.4","@types/enhanced-resolve":"^3.0.6","@types/entities":"^1.1.1","@types/es-abstract":"^1.16.6","@types/es-to-primitive":"^1.2.2","@types/es6-promisify":"^6.0.0","@types/escape-html":"^1.0.0","@types/escodegen":"0.0.6","@types/eslint":"^7.2.0","@types/eslint-scope":"^3.7.0","@types/eslint-visitor-keys":"^1.0.0","@types/esprima":"^4.0.2","@types/esquery":"^1.0.1","@types/estraverse":"^5.1.0","@types/etag":"^1.8.0","@types/event-stream":"^3.3.34","@types/events":"^3.0.0","@types/eventsource":"^1.1.2","@types/exenv":"^1.2.0","@types/exit":"^0.1.31","@types/expand-tilde":"^2.0.0","@types/express":"^4.17.7","@types/extend":"^3.0.1","@types/extsprintf":"^1.4.1","@types/fast-json-stable-stringify":"^2.0.0","@types/fast-levenshtein":"0.0.1","@types/favicons":"^5.5.0","@types/favicons-webpack-plugin":"^1.0.0","@types/fb-watchman":"^2.0.0","@types/fbemitter":"^2.0.32","@types/file-entry-cache":"^5.0.1","@types/file-loader":"^4.2.0","@types/file-saver":"^2.0.1","@types/finalhandler":"^1.1.0","@types/find-cache-dir":"^3.2.0","@types/find-root":"^1.1.1","@types/findup-sync":"^2.0.2","@types/flat-cache":"^2.0.0","@types/flush-write-stream":"^1.0.0","@types/flux":"^3.1.9","@types/follow-redirects":"^1.13.0","@types/forever-agent":"^0.6.0","@types/forwarded":"^0.1.0","@types/fresh":"^0.5.0","@types/from":"^0.1.29","@types/from2":"^2.3.0","@types/fs-extra":"^9.0.1","@types/function-bind":"^1.1.3","@types/get-caller-file":"^1.0.0","@types/get-value":"^3.0.1","@types/getpass":"^0.1.0","@types/git-revision-webpack-plugin":"^3.0.0","@types/glob":"^7.1.3","@types/glob-parent":"^5.1.0","@types/glob-to-regexp":"^0.4.0","@types/global-modules":"^2.0.0","@types/global-prefix":"^3.0.0","@types/graceful-fs":"^4.1.3","@types/hammerjs":"^2.0.36","@types/has":"^1.0.0","@types/has-ansi":"^3.0.0","@types/has-symbols":"^1.0.0","@types/he":"^1.1.1","@types/hex-color-regex":"^1.1.0","@types/history":"^4.7.7","@types/hoist-non-react-statics":"^3.3.1","@types/hosted-git-info":"^3.0.0","@types/html-encoding-sniffer":"^2.0.1","@types/html-entities":"^1.2.16","@types/html-escaper":"^3.0.0","@types/html-minifier":"^3.5.3","@types/html-minifier-terser":"^5.1.0","@types/html-webpack-plugin":"^3.2.2","@types/htmlparser2":"^3.10.1","@types/http-errors":"^1.8.0","@types/http-proxy":"^1.17.4","@types/http-proxy-middleware":"^0.19.3","@types/icss-utils":"^4.1.0","@types/iferr":"^1.0.2","@types/imurmurhash":"^0.1.1","@types/inherits":"0.0.30","@types/ini":"^1.3.30","@types/inquirer":"^7.3.0","@types/insert-css":"^2.0.0","@types/internal-slot":"^1.0.1","@types/interpret":"^1.1.1","@types/invariant":"^2.2.33","@types/ip":"^1.1.0","@types/is-buffer":"^2.0.0","@types/is-callable":"^1.1.0","@types/is-ci":"^2.0.0","@types/is-date-object":"^1.0.1","@types/is-finite":"^1.0.0","@types/is-function":"^1.0.0","@types/is-glob":"^4.0.1","@types/is-number":"^7.0.0","@types/is-object":"^1.0.1","@types/is-promise":"^2.1.0","@types/is-regex":"^1.0.0","@types/is-typedarray":"^1.0.0","@types/is-windows":"^1.0.0","@types/isarray":"^2.0.0","@types/isexe":"^2.0.0","@types/isomorphic-fetch":"0.0.35","@types/isstream":"^0.1.0","@types/istanbul-lib-coverage":"^2.0.3","@types/istanbul-lib-instrument":"^1.7.4","@types/istanbul-lib-report":"^3.0.0","@types/istanbul-lib-source-maps":"^4.0.1","@types/istanbul-reports":"^3.0.0","@types/jquery":"^3.3.32","@types/js-levenshtein":"^1.1.0","@types/js-yaml":"^3.12.5","@types/jsbn":"^1.2.29","@types/jsdom":"^16.2.3","@types/jsesc":"^2.5.1","@types/json-parse-better-errors":"^1.0.0","@types/json-schema":"^7.0.5","@types/json-schema-traverse":"^0.4.0","@types/json-stable-stringify":"^1.0.32","@types/json-stringify-safe":"^5.0.0","@types/json2mq":"^0.2.0","@types/json3":"^3.3.2","@types/json5":"0.0.30","@types/jsonfile":"^6.0.0","@types/jsontoxml":"^1.0.1","@types/jwt-decode":"^2.2.1","@types/kind-of":"^6.0.0","@types/less":"^3.0.1","@types/loader-runner":"^2.2.3","@types/loader-utils":"^2.0.1","@types/lodash":"^4.14.159","@types/lodash-es":"^4.17.3","@types/lodash.curry":"^4.1.6","@types/lodash.defaultsdeep":"^4.6.6","@types/lodash.flow":"^3.5.6","@types/lodash.memoize":"^4.1.6","@types/lodash.merge":"^4.6.6","@types/lodash.sortby":"^4.7.6","@types/lodash.template":"^4.5.0","@types/lodash.unescape":"^4.0.6","@types/lodash.uniq":"^4.5.6","@types/lolex":"^5.1.0","@types/lru-cache":"^5.1.0","@types/media-typer":"^1.1.0","@types/memory-fs":"^0.3.2","@types/meow":"^5.0.0","@types/merge-descriptors":"^1.0.1","@types/merge-stream":"^1.1.2","@types/merge2":"^1.3.0","@types/methods":"^1.1.1","@types/micromatch":"^4.0.1","@types/mime":"^2.0.3","@types/mime-db":"^1.43.0","@types/mime-types":"^2.1.0","@types/min-document":"^2.19.0","@types/mini-css-extract-plugin":"^0.9.1","@types/minimalistic-assert":"^1.0.1","@types/minimatch":"^3.0.3","@types/minimist":"^1.2.0","@types/minipass":"^2.2.0","@types/mkdirp":"^1.0.1","@types/move-concurrently":"^1.0.2","@types/ms":"^0.7.31","@types/mute-stream":"0.0.0","@types/natural-compare":"^1.4.0","@types/ncp":"^2.0.4","@types/negotiator":"^0.6.1","@types/nested-error-stacks":"^2.1.0","@types/nice-try":"^2.0.0","@types/node-abi":"^2.10.0","@types/node-fetch":"^2.5.7","@types/node-forge":"^0.9.5","@types/node-int64":"^0.4.29","@types/node-notifier":"^6.0.1","@types/normalize-package-data":"^2.4.0","@types/normalize-path":"^3.0.0","@types/npmlog":"^4.1.2","@types/num2fraction":"^1.2.0","@types/number-is-nan":"^1.0.0","@types/object-assign":"^4.0.30","@types/object-hash":"^1.3.3","@types/object-inspect":"^1.6.1","@types/object-keys":"^1.0.1","@types/object.fromentries":"^2.0.0","@types/object.getownpropertydescriptors":"^2.1.1","@types/object.pick":"^1.3.0","@types/omggif":"^1.0.1","@types/on-finished":"^2.3.1","@types/on-headers":"^1.0.0","@types/once":"^1.4.0","@types/optimist":"0.0.29","@types/optimize-css-assets-webpack-plugin":"^5.0.1","@types/original":"^1.0.0","@types/os-tmpdir":"^1.0.0","@types/pako":"^1.0.1","@types/parallel-transform":"^1.1.0","@types/parse-author":"^2.0.0","@types/parse-json":"^4.0.0","@types/parse-passwd":"^1.0.0","@types/parse5":"^5.0.3","@types/parseurl":"^1.3.1","@types/pascalcase":"^1.0.0","@types/path-is-absolute":"^1.0.0","@types/path-is-inside":"^1.0.0","@types/path-parse":"^1.0.19","@types/pbkdf2":"^3.1.0","@types/picomatch":"^2.2.1","@types/pify":"^3.0.2","@types/pixelmatch":"^5.2.1","@types/pngjs":"^3.4.2","@types/postcss-calc":"^7.0.0","@types/postcss-custom-properties":"^9.1.0","@types/postcss-flexbugs-fixes":"^4.2.0","@types/postcss-load-config":"^2.0.1","@types/postcss-modules-extract-imports":"^2.0.0","@types/postcss-modules-local-by-default":"^1.2.0","@types/postcss-modules-scope":"^1.1.0","@types/postcss-modules-values":"^3.0.0","@types/postcss-safe-parser":"^4.0.0","@types/prelude-ls":"^1.1.29","@types/prettier":"^2.0.2","@types/progress":"^2.0.3","@types/promise-inflight":"^1.0.0","@types/prompts":"^2.0.8","@types/prop-types":"^15.7.3","@types/proxy-addr":"^2.0.0","@types/proxy-from-env":"^1.0.1","@types/ps-tree":"^1.1.0","@types/psl":"^1.1.0","@types/pump":"^1.1.0","@types/pumpify":"^1.4.1","@types/punycode":"^2.1.0","@types/q":"^1.5.4","@types/qs":"^6.9.4","@types/querystringify":"^2.0.0","@types/raf":"^3.4.0","@types/randombytes":"^2.0.0","@types/range-parser":"^1.2.3","@types/rc":"^1.1.0","@types/rc-select":"^5.9.34","@types/rc-slider":"^8.6.6","@types/rc-steps":"^3.5.0","@types/rc-switch":"^1.9.0","@types/rc-tooltip":"^3.7.3","@types/rc-tree":"^1.11.3","@types/react":"^16.9.46","@types/react-dev-utils":"^9.0.4","@types/react-dom":"^16.9.8","@types/react-is":"^16.7.1","@types/react-lifecycles-compat":"^3.0.1","@types/react-router":"^5.1.8","@types/react-router-dom":"^5.1.5","@types/react-table":"^7.0.18","@types/react-textarea-autosize":"^4.3.5","@types/readable-stream":"^2.3.9","@types/readline-sync":"^1.4.3","@types/recursive-readdir":"^2.2.0","@types/regenerator-runtime":"^0.13.0","@types/relateurl":"^0.2.28","@types/repeat-element":"^1.1.0","@types/repeat-string":"^1.6.0","@types/repeating":"^3.0.0","@types/replace-ext":"0.0.27","@types/request":"^2.48.5","@types/request-promise-native":"^1.0.17","@types/require-directory":"^2.1.1","@types/require-relative":"^0.8.0","@types/requires-port":"^1.0.0","@types/resize-img":"^1.1.0","@types/resolve":"^1.17.1","@types/retry":"^0.12.0","@types/rimraf":"^3.0.0","@types/ripemd160":"^2.0.0","@types/rsvp":"^4.0.3","@types/rx":"^4.1.2","@types/safe-regex":"^1.1.2","@types/safer-buffer":"^2.1.0","@types/sane":"^2.0.0","@types/sax":"^1.2.1","@types/scheduler":"^0.16.1","@types/semver":"^7.3.3","@types/send":"^0.14.5","@types/sentry__webpack-plugin":"^1.9.0","@types/serialize-javascript":"^4.0.0","@types/serve-index":"^1.7.30","@types/serve-static":"^1.13.5","@types/set-value":"^2.0.0","@types/setimmediate":"^1.0.1","@types/sha.js":"^2.4.0","@types/shallowequal":"^1.1.1","@types/sharp":"^0.25.1","@types/shebang-command":"^1.2.0","@types/shell-quote":"^1.7.0","@types/signal-exit":"^3.0.0","@types/slice-ansi":"^4.0.0","@types/socket.io":"^2.1.11","@types/socket.io-client":"^1.4.33","@types/socket.io-parser":"^2.2.1","@types/sockjs":"^0.3.32","@types/sockjs-client":"^1.1.1","@types/source-list-map":"^0.1.2","@types/source-map-support":"^0.5.2","@types/spdx-correct":"^2.0.0","@types/spdy":"^3.4.4","@types/split":"^1.0.0","@types/sprintf":"^0.1.0","@types/sprintf-js":"^1.1.2","@types/sshpk":"^1.10.5","@types/ssri":"^7.1.0","@types/stack-utils":"^1.0.1","@types/statuses":"^2.0.0","@types/stream-each":"^1.2.0","@types/stream-shift":"^1.0.0","@types/strict-uri-encode":"^2.0.0","@types/stringify-object":"^3.3.0","@types/strip-comments":"^2.0.0","@types/supports-color":"^5.3.0","@types/svgo":"^1.3.3","@types/symbol-tree":"^3.2.1","@types/table":"^5.0.0","@types/tapable":"^1.0.6","@types/tar":"^4.0.3","@types/tar-fs":"^2.0.0","@types/tar-stream":"^2.1.0","@types/terser-webpack-plugin":"^4.1.0","@types/text-table":"^0.2.1","@types/through":"0.0.30","@types/through2":"^2.0.36","@types/timsort":"^0.3.0","@types/tinycolor2":"^1.4.2","@types/tmp":"^0.2.0","@types/to-ico":"^1.1.0","@types/toposort":"^2.0.3","@types/tough-cookie":"^4.0.0","@types/type-check":"^0.3.27","@types/type-detect":"^4.0.1","@types/type-is":"^1.6.3","@types/ua-parser-js":"^0.7.33","@types/uglify-js":"^3.9.0","@types/underscore":"^1.10.22","@types/uniq":"0.0.27","@types/unist":"^2.0.3","@types/universalify":"^1.0.0","@types/urix":"^0.1.0","@types/url-parse":"^1.4.3","@types/utif":"^3.0.1","@types/util-deprecate":"^1.0.0","@types/util.promisify":"^1.0.4","@types/utils-merge":"0.0.28","@types/uuid":"^8.3.0","@types/validate-npm-package-license":"^3.0.0","@types/vary":"^1.1.0","@types/verror":"^1.10.4","@types/vinyl":"^2.0.4","@types/w3c-xmlserializer":"^2.0.1","@types/warning":"^3.0.0","@types/watchpack":"^1.1.5","@types/webidl-conversions":"^6.1.0","@types/webpack":"^4.41.21","@types/webpack-dev-middleware":"^3.7.1","@types/webpack-dev-server":"^3.11.0","@types/webpack-hot-middleware":"^2.25.3","@types/webpack-manifest-plugin":"^2.1.0","@types/webpack-merge":"^4.1.5","@types/webpack-sources":"^1.4.2","@types/whatwg-encoding":"^1.0.0","@types/whatwg-mimetype":"^2.1.0","@types/whatwg-url":"^8.0.0","@types/which":"^1.3.2","@types/which-pm-runs":"^1.0.0","@types/wordwrap":"^1.0.0","@types/workbox-background-sync":"^4.3.1","@types/workbox-broadcast-update":"^4.3.0","@types/workbox-build":"^5.0.0","@types/workbox-cacheable-response":"^4.3.0","@types/workbox-core":"^4.3.0","@types/workbox-expiration":"^4.3.0","@types/workbox-google-analytics":"^4.3.0","@types/workbox-navigation-preload":"^4.3.0","@types/workbox-precaching":"^4.3.0","@types/workbox-range-requests":"^4.3.0","@types/workbox-routing":"^4.3.0","@types/workbox-strategies":"^4.3.0","@types/workbox-streams":"^4.3.0","@types/workbox-sw":"^4.3.1","@types/workbox-webpack-plugin":"^5.1.4","@types/workbox-window":"^4.3.3","@types/wrap-ansi":"^3.0.0","@types/write":"^2.0.0","@types/write-file-atomic":"^3.0.1","@types/ws":"^7.2.6","@types/xml2js":"^0.4.5","@types/xregexp":"^4.3.0","@types/xtend":"^4.0.3","@types/y18n":"^4.0.0","@types/yallist":"^3.0.1","@types/yaml":"^1.2.0","@types/yargs":"^15.0.5","@types/yargs-parser":"^15.0.0","@types/yeast":"^0.1.1","@types/yup":"^0.26.36"}}
[18:4:54.503] Loaded content of '/home/jorge/.cache/typescript/3.7/package-lock.json'
[18:4:54.508] Adding entry into typings cache: 'accepts' => '/home/jorge/.cache/typescript/3.7/node_modules/@types/accepts/index.d.ts'
[18:4:54.511] Adding entry into typings cache: 'acorn' => '/home/jorge/.cache/typescript/3.7/node_modules/@types/acorn/index.d.ts'
[18:4:54.512] Adding entry into typings cache: 'agent-base' => '/home/jorge/.cache/typescript/3.7/node_modules/@types/agent-base/index.d.ts'
[18:4:54.513] Adding entry into typings cache: 'ajv-errors' => '/home/jorge/.cache/typescript/3.7/node_modules/@types/ajv-errors/index.d.ts'
[18:4:54.515] Adding entry into typings cache: 'ajv-keywords' => '/home/jorge/.cache/typescript/3.7/node_modules/@types/ajv-keywords/index.d.ts'
[18:4:54.518] Adding entry into typings cache: 'ansi-styles' => '/home/jorge/.cache/typescript/3.7/node_modules/@types/ansi-styles/index.d.ts'
[18:4:54.521] Adding entry into typings cache: 'anymatch' => '/home/jorge/.cache/typescript/3.7/node_modules/@types/anymatch/index.d.ts'
[18:4:54.523] Adding entry into typings cache: 'are-we-there-yet' => '/home/jorge/.cache/typescript/3.7/node_modules/@types/are-we-there-yet/index.d.ts'
[18:4:54.525] Adding entry into typings cache: 'argparse' => '/home/jorge/.cache/typescript/3.7/node_modules/@types/argparse/index.d.ts'
[18:4:54.526] Adding entry into typings cache: 'aria-query' => '/home/jorge/.cache/typescript/3.7/node_modules/@types/aria-query/index.d.ts'
[18:4:54.529] Adding entry into typings cache: 'arr-diff' => '/home/jorge/.cache/typescript/3.7/node_modules/@types/arr-diff/index.d.ts'
[18:4:54.531] Adding entry into typings cache: 'arr-union' => '/home/jorge/.cache/typescript/3.7/node_modules/@types/arr-union/index.d.ts'
[18:4:54.532] Adding entry into typings cache: 'array-find-index' => '/home/jorge/.cache/typescript/3.7/node_modules/@types/array-find-index/index.d.ts'
[18:4:54.534] Adding entry into typings cache: 'array-unique' => '/home/jorge/.cache/typescript/3.7/node_modules/@types/array-unique/index.d.ts'
[18:4:54.535] Adding entry into typings cache: 'array.prototype.flat' => '/home/jorge/.cache/typescript/3.7/node_modules/@types/array.prototype.flat/index.d.ts'
[18:4:54.536] Adding entry into typings cache: 'asap' => '/home/jorge/.cache/typescript/3.7/node_modules/@types/asap/index.d.ts'
[18:4:54.538] Adding entry into typings cache: 'asn1' => '/home/jorge/.cache/typescript/3.7/node_modules/@types/asn1/index.d.ts'
[18:4:54.540] Adding entry into typings cache: 'assert' => '/home/jorge/.cache/typescript/3.7/node_modules/@types/assert/ts3.7/index.d.ts'
[18:4:54.541] Adding entry into typings cache: 'assert-plus' => '/home/jorge/.cache/typescript/3.7/node_modules/@types/assert-plus/index.d.ts'
[18:4:54.542] Adding entry into typings cache: 'async' => '/home/jorge/.cache/typescript/3.7/node_modules/@types/async/index.d.ts'
[18:4:54.544] Adding entry into typings cache: 'atob' => '/home/jorge/.cache/typescript/3.7/node_modules/@types/atob/index.d.ts'
[18:4:54.545] Adding entry into typings cache: 'autoprefixer' => '/home/jorge/.cache/typescript/3.7/node_modules/@types/autoprefixer/index.d.ts'
[18:4:54.546] Adding entry into typings cache: 'aws4' => '/home/jorge/.cache/typescript/3.7/node_modules/@types/aws4/index.d.ts'
[18:4:54.547] Adding entry into typings cache: 'babel-code-frame' => '/home/jorge/.cache/typescript/3.7/node_modules/@types/babel-code-frame/index.d.ts'
[18:4:54.548] Adding entry into typings cache: 'babel-plugin-macros' => '/home/jorge/.cache/typescript/3.7/node_modules/@types/babel-plugin-macros/index.d.ts'
[18:4:54.549] Adding entry into typings cache: 'babel__core' => '/home/jorge/.cache/typescript/3.7/node_modules/@types/babel__core/index.d.ts'
[18:4:54.550] Adding entry into typings cache: 'babylon' => '/home/jorge/.cache/typescript/3.7/node_modules/@types/babylon/index.d.ts'
[18:4:54.551] Adding entry into typings cache: 'backo2' => '/home/jorge/.cache/typescript/3.7/node_modules/@types/backo2/index.d.ts'
[18:4:54.552] Adding entry into typings cache: 'balanced-match' => '/home/jorge/.cache/typescript/3.7/node_modules/@types/balanced-match/index.d.ts'
[18:4:54.553] Adding entry into typings cache: 'base16' => '/home/jorge/.cache/typescript/3.7/node_modules/@types/base16/index.d.ts'
[18:4:54.554] Adding entry into typings cache: 'base64-arraybuffer' => '/home/jorge/.cache/typescript/3.7/node_modules/@types/base64-arraybuffer/index.d.ts'
[18:4:54.555] Adding entry into typings cache: 'base64-js' => '/home/jorge/.cache/typescript/3.7/node_modules/@types/base64-js/index.d.ts'
[18:4:54.556] Adding entry into typings cache: 'big.js' => '/home/jorge/.cache/typescript/3.7/node_modules/@types/big.js/index.d.ts'
[18:4:54.558] Adding entry into typings cache: 'bl' => '/home/jorge/.cache/typescript/3.7/node_modules/@types/bl/index.d.ts'
[18:4:54.559] Adding entry into typings cache: 'bluebird' => '/home/jorge/.cache/typescript/3.7/node_modules/@types/bluebird/index.d.ts'
[18:4:54.559] Adding entry into typings cache: 'bmp-js' => '/home/jorge/.cache/typescript/3.7/node_modules/@types/bmp-js/index.d.ts'
[18:4:54.560] Adding entry into typings cache: 'bn.js' => '/home/jorge/.cache/typescript/3.7/node_modules/@types/bn.js/index.d.ts'
[18:4:54.562] Adding entry into typings cache: 'body-parser' => '/home/jorge/.cache/typescript/3.7/node_modules/@types/body-parser/index.d.ts'
[18:4:54.564] Adding entry into typings cache: 'bonjour' => '/home/jorge/.cache/typescript/3.7/node_modules/@types/bonjour/index.d.ts'
[18:4:54.564] Adding entry into typings cache: 'brace-expansion' => '/home/jorge/.cache/typescript/3.7/node_modules/@types/brace-expansion/index.d.ts'
[18:4:54.566] Adding entry into typings cache: 'braces' => '/home/jorge/.cache/typescript/3.7/node_modules/@types/braces/index.d.ts'
[18:4:54.567] Adding entry into typings cache: 'brorand' => '/home/jorge/.cache/typescript/3.7/node_modules/@types/brorand/index.d.ts'
[18:4:54.567] Adding entry into typings cache: 'browser-resolve' => '/home/jorge/.cache/typescript/3.7/node_modules/@types/browser-resolve/index.d.ts'
[18:4:54.568] Adding entry into typings cache: 'browserslist' => '/home/jorge/.cache/typescript/3.7/node_modules/@types/browserslist/index.d.ts'
[18:4:54.569] Adding entry into typings cache: 'bser' => '/home/jorge/.cache/typescript/3.7/node_modules/@types/bser/index.d.ts'
[18:4:54.570] Adding entry into typings cache: 'buffer-equal' => '/home/jorge/.cache/typescript/3.7/node_modules/@types/buffer-equal/index.d.ts'
[18:4:54.571] Adding entry into typings cache: 'buffer-from' => '/home/jorge/.cache/typescript/3.7/node_modules/@types/buffer-from/index.d.ts'
[18:4:54.573] Adding entry into typings cache: 'buffer-json' => '/home/jorge/.cache/typescript/3.7/node_modules/@types/buffer-json/index.d.ts'
[18:4:54.574] Adding entry into typings cache: 'buffer-xor' => '/home/jorge/.cache/typescript/3.7/node_modules/@types/buffer-xor/index.d.ts'
[18:4:54.575] Adding entry into typings cache: 'bytes' => '/home/jorge/.cache/typescript/3.7/node_modules/@types/bytes/index.d.ts'
[18:4:54.576] Adding entry into typings cache: 'cacache' => '/home/jorge/.cache/typescript/3.7/node_modules/@types/cacache/index.d.ts'
[18:4:54.576] Adding entry into typings cache: 'callsite' => '/home/jorge/.cache/typescript/3.7/node_modules/@types/callsite/index.d.ts'
[18:4:54.577] Adding entry into typings cache: 'caniuse-api' => '/home/jorge/.cache/typescript/3.7/node_modules/@types/caniuse-api/index.d.ts'
[18:4:54.578] Adding entry into typings cache: 'caniuse-lite' => '/home/jorge/.cache/typescript/3.7/node_modules/@types/caniuse-lite/index.d.ts'
[18:4:54.579] Adding entry into typings cache: 'case-sensitive-paths-webpack-plugin' => '/home/jorge/.cache/typescript/3.7/node_modules/@types/case-sensitive-paths-webpack-plugin/index.d.ts'
[18:4:54.580] Adding entry into typings cache: 'caseless' => '/home/jorge/.cache/typescript/3.7/node_modules/@types/caseless/index.d.ts'
[18:4:54.581] Adding entry into typings cache: 'chardet' => '/home/jorge/.cache/typescript/3.7/node_modules/@types/chardet/index.d.ts'
[18:4:54.581] Adding entry into typings cache: 'chownr' => '/home/jorge/.cache/typescript/3.7/node_modules/@types/chownr/index.d.ts'
[18:4:54.583] Adding entry into typings cache: 'ci-info' => '/home/jorge/.cache/typescript/3.7/node_modules/@types/ci-info/index.d.ts'
[18:4:54.583] Adding entry into typings cache: 'cipher-base' => '/home/jorge/.cache/typescript/3.7/node_modules/@types/cipher-base/index.d.ts'
[18:4:54.584] Adding entry into typings cache: 'classnames' => '/home/jorge/.cache/typescript/3.7/node_modules/@types/classnames/index.d.ts'
[18:4:54.584] Adding entry into typings cache: 'clean-css' => '/home/jorge/.cache/typescript/3.7/node_modules/@types/clean-css/index.d.ts'
[18:4:54.585] Adding entry into typings cache: 'clone' => '/home/jorge/.cache/typescript/3.7/node_modules/@types/clone/index.d.ts'
[18:4:54.586] Adding entry into typings cache: 'cloneable-readable' => '/home/jorge/.cache/typescript/3.7/node_modules/@types/cloneable-readable/index.d.ts'
[18:4:54.586] Adding entry into typings cache: 'co' => '/home/jorge/.cache/typescript/3.7/node_modules/@types/co/index.d.ts'
[18:4:54.587] Adding entry into typings cache: 'codemirror' => '/home/jorge/.cache/typescript/3.7/node_modules/@types/codemirror/index.d.ts'
[18:4:54.587] Adding entry into typings cache: 'color' => '/home/jorge/.cache/typescript/3.7/node_modules/@types/color/index.d.ts'
[18:4:54.589] Adding entry into typings cache: 'color-convert' => '/home/jorge/.cache/typescript/3.7/node_modules/@types/color-convert/index.d.ts'
[18:4:54.591] Adding entry into typings cache: 'color-name' => '/home/jorge/.cache/typescript/3.7/node_modules/@types/color-name/index.d.ts'
[18:4:54.592] Adding entry into typings cache: 'color-string' => '/home/jorge/.cache/typescript/3.7/node_modules/@types/color-string/index.d.ts'
[18:4:54.593] Adding entry into typings cache: 'combined-stream' => '/home/jorge/.cache/typescript/3.7/node_modules/@types/combined-stream/index.d.ts'
[18:4:54.595] Adding entry into typings cache: 'common-tags' => '/home/jorge/.cache/typescript/3.7/node_modules/@types/common-tags/index.d.ts'
[18:4:54.595] Adding entry into typings cache: 'commondir' => '/home/jorge/.cache/typescript/3.7/node_modules/@types/commondir/index.d.ts'
[18:4:54.598] Adding entry into typings cache: 'component-emitter' => '/home/jorge/.cache/typescript/3.7/node_modules/@types/component-emitter/index.d.ts'
[18:4:54.599] Adding entry into typings cache: 'compressible' => '/home/jorge/.cache/typescript/3.7/node_modules/@types/compressible/index.d.ts'
[18:4:54.600] Adding entry into typings cache: 'compression' => '/home/jorge/.cache/typescript/3.7/node_modules/@types/compression/index.d.ts'
[18:4:54.601] Adding entry into typings cache: 'concat-map' => '/home/jorge/.cache/typescript/3.7/node_modules/@types/concat-map/index.d.ts'
[18:4:54.602] Adding entry into typings cache: 'concat-stream' => '/home/jorge/.cache/typescript/3.7/node_modules/@types/concat-stream/index.d.ts'
[18:4:54.603] Adding entry into typings cache: 'concurrently' => '/home/jorge/.cache/typescript/3.7/node_modules/@types/concurrently/index.d.ts'
[18:4:54.604] Adding entry into typings cache: 'confusing-browser-globals' => '/home/jorge/.cache/typescript/3.7/node_modules/@types/confusing-browser-globals/index.d.ts'
[18:4:54.605] Adding entry into typings cache: 'connect-history-api-fallback' => '/home/jorge/.cache/typescript/3.7/node_modules/@types/connect-history-api-fallback/index.d.ts'
[18:4:54.606] Adding entry into typings cache: 'contains-path' => '/home/jorge/.cache/typescript/3.7/node_modules/@types/contains-path/index.d.ts'
[18:4:54.606] Adding entry into typings cache: 'content-disposition' => '/home/jorge/.cache/typescript/3.7/node_modules/@types/content-disposition/index.d.ts'
[18:4:54.607] Adding entry into typings cache: 'content-type' => '/home/jorge/.cache/typescript/3.7/node_modules/@types/content-type/index.d.ts'
[18:4:54.608] Adding entry into typings cache: 'convert-source-map' => '/home/jorge/.cache/typescript/3.7/node_modules/@types/convert-source-map/index.d.ts'
[18:4:54.608] Adding entry into typings cache: 'cookie' => '/home/jorge/.cache/typescript/3.7/node_modules/@types/cookie/index.d.ts'
[18:4:54.609] Adding entry into typings cache: 'cookie-signature' => '/home/jorge/.cache/typescript/3.7/node_modules/@types/cookie-signature/index.d.ts'
[18:4:54.610] Adding entry into typings cache: 'core-js' => '/home/jorge/.cache/typescript/3.7/node_modules/@types/core-js/index.d.ts'
[18:4:54.611] Adding entry into typings cache: 'create-hash' => '/home/jorge/.cache/typescript/3.7/node_modules/@types/create-hash/index.d.ts'
[18:4:54.612] Adding entry into typings cache: 'create-hmac' => '/home/jorge/.cache/typescript/3.7/node_modules/@types/create-hmac/index.d.ts'
[18:4:54.612] Adding entry into typings cache: 'cross-spawn' => '/home/jorge/.cache/typescript/3.7/node_modules/@types/cross-spawn/index.d.ts'
[18:4:54.613] Adding entry into typings cache: 'css-declaration-sorter' => '/home/jorge/.cache/typescript/3.7/node_modules/@types/css-declaration-sorter/index.d.ts'
[18:4:54.613] Adding entry into typings cache: 'css-tree' => '/home/jorge/.cache/typescript/3.7/node_modules/@types/css-tree/index.d.ts'
[18:4:54.614] Adding entry into typings cache: 'cssesc' => '/home/jorge/.cache/typescript/3.7/node_modules/@types/cssesc/index.d.ts'
[18:4:54.614] Adding entry into typings cache: 'cssnano' => '/home/jorge/.cache/typescript/3.7/node_modules/@types/cssnano/index.d.ts'
[18:4:54.615] Adding entry into typings cache: 'csso' => '/home/jorge/.cache/typescript/3.7/node_modules/@types/csso/index.d.ts'
[18:4:54.615] Adding entry into typings cache: 'cssom' => '/home/jorge/.cache/typescript/3.7/node_modules/@types/cssom/index.d.ts'
[18:4:54.616] Adding entry into typings cache: 'cssstyle' => '/home/jorge/.cache/typescript/3.7/node_modules/@types/cssstyle/index.d.ts'
[18:4:54.616] Adding entry into typings cache: 'd' => '/home/jorge/.cache/typescript/3.7/node_modules/@types/d/index.d.ts'
[18:4:54.617] Adding entry into typings cache: 'date-now' => '/home/jorge/.cache/typescript/3.7/node_modules/@types/date-now/index.d.ts'
[18:4:54.618] Adding entry into typings cache: 'debug' => '/home/jorge/.cache/typescript/3.7/node_modules/@types/debug/index.d.ts'
[18:4:54.619] Adding entry into typings cache: 'decode-uri-component' => '/home/jorge/.cache/typescript/3.7/node_modules/@types/decode-uri-component/index.d.ts'
[18:4:54.620] Adding entry into typings cache: 'deep-equal' => '/home/jorge/.cache/typescript/3.7/node_modules/@types/deep-equal/index.d.ts'
[18:4:54.620] Adding entry into typings cache: 'deep-extend' => '/home/jorge/.cache/typescript/3.7/node_modules/@types/deep-extend/index.d.ts'
[18:4:54.621] Adding entry into typings cache: 'default-gateway' => '/home/jorge/.cache/typescript/3.7/node_modules/@types/default-gateway/index.d.ts'
[18:4:54.622] Adding entry into typings cache: 'define-properties' => '/home/jorge/.cache/typescript/3.7/node_modules/@types/define-properties/index.d.ts'
[18:4:54.622] Adding entry into typings cache: 'depd' => '/home/jorge/.cache/typescript/3.7/node_modules/@types/depd/index.d.ts'
[18:4:54.623] Adding entry into typings cache: 'destroy' => '/home/jorge/.cache/typescript/3.7/node_modules/@types/destroy/index.d.ts'
[18:4:54.623] Adding entry into typings cache: 'detect-node' => '/home/jorge/.cache/typescript/3.7/node_modules/@types/detect-node/index.d.ts'
[18:4:54.623] Adding entry into typings cache: 'diff-match-patch' => '/home/jorge/.cache/typescript/3.7/node_modules/@types/diff-match-patch/index.d.ts'
[18:4:54.624] Adding entry into typings cache: 'diffie-hellman' => '/home/jorge/.cache/typescript/3.7/node_modules/@types/diffie-hellman/index.d.ts'
[18:4:54.624] Adding entry into typings cache: 'dir-glob' => '/home/jorge/.cache/typescript/3.7/node_modules/@types/dir-glob/index.d.ts'
[18:4:54.625] Adding entry into typings cache: 'dlv' => '/home/jorge/.cache/typescript/3.7/node_modules/@types/dlv/index.d.ts'
[18:4:54.625] Adding entry into typings cache: 'doctrine' => '/home/jorge/.cache/typescript/3.7/node_modules/@types/doctrine/index.d.ts'
[18:4:54.625] Adding entry into typings cache: 'domexception' => '/home/jorge/.cache/typescript/3.7/node_modules/@types/domexception/index.d.ts'
[18:4:54.626] Adding entry into typings cache: 'domhandler' => '/home/jorge/.cache/typescript/3.7/node_modules/@types/domhandler/index.d.ts'
[18:4:54.626] Adding entry into typings cache: 'domutils' => '/home/jorge/.cache/typescript/3.7/node_modules/@types/domutils/index.d.ts'
[18:4:54.627] Adding entry into typings cache: 'duplexify' => '/home/jorge/.cache/typescript/3.7/node_modules/@types/duplexify/index.d.ts'
[18:4:54.627] Adding entry into typings cache: 'duplicate-package-checker-webpack-plugin' => '/home/jorge/.cache/typescript/3.7/node_modules/@types/duplicate-package-checker-webpack-plugin/index.d.ts'
[18:4:54.628] Adding entry into typings cache: 'ee-first' => '/home/jorge/.cache/typescript/3.7/node_modules/@types/ee-first/index.d.ts'
[18:4:54.628] Adding entry into typings cache: 'ejs' => '/home/jorge/.cache/typescript/3.7/node_modules/@types/ejs/index.d.ts'
[18:4:54.629] Adding entry into typings cache: 'elliptic' => '/home/jorge/.cache/typescript/3.7/node_modules/@types/elliptic/index.d.ts'
[18:4:54.630] Adding entry into typings cache: 'encodeurl' => '/home/jorge/.cache/typescript/3.7/node_modules/@types/encodeurl/index.d.ts'
[18:4:54.630] Adding entry into typings cache: 'end-of-stream' => '/home/jorge/.cache/typescript/3.7/node_modules/@types/end-of-stream/index.d.ts'
[18:4:54.631] Adding entry into typings cache: 'engine.io' => '/home/jorge/.cache/typescript/3.7/node_modules/@types/engine.io/index.d.ts'
[18:4:54.631] Adding entry into typings cache: 'engine.io-client' => '/home/jorge/.cache/typescript/3.7/node_modules/@types/engine.io-client/index.d.ts'
[18:4:54.632] Adding entry into typings cache: 'enhanced-resolve' => '/home/jorge/.cache/typescript/3.7/node_modules/@types/enhanced-resolve/index.d.ts'
[18:4:54.632] Adding entry into typings cache: 'entities' => '/home/jorge/.cache/typescript/3.7/node_modules/@types/entities/index.d.ts'
[18:4:54.633] Adding entry into typings cache: 'es-abstract' => '/home/jorge/.cache/typescript/3.7/node_modules/@types/es-abstract/index.d.ts'
[18:4:54.633] Adding entry into typings cache: 'es-to-primitive' => '/home/jorge/.cache/typescript/3.7/node_modules/@types/es-to-primitive/ts3.2/index.d.ts'
[18:4:54.634] Adding entry into typings cache: 'es6-promisify' => '/home/jorge/.cache/typescript/3.7/node_modules/@types/es6-promisify/index.d.ts'
[18:4:54.634] Adding entry into typings cache: 'escape-html' => '/home/jorge/.cache/typescript/3.7/node_modules/@types/escape-html/index.d.ts'
[18:4:54.635] Adding entry into typings cache: 'escodegen' => '/home/jorge/.cache/typescript/3.7/node_modules/@types/escodegen/index.d.ts'
[18:4:54.635] Adding entry into typings cache: 'eslint' => '/home/jorge/.cache/typescript/3.7/node_modules/@types/eslint/ts3.1/index.d.ts'
[18:4:54.635] Adding entry into typings cache: 'eslint-scope' => '/home/jorge/.cache/typescript/3.7/node_modules/@types/eslint-scope/index.d.ts'
[18:4:54.636] Adding entry into typings cache: 'eslint-visitor-keys' => '/home/jorge/.cache/typescript/3.7/node_modules/@types/eslint-visitor-keys/index.d.ts'
[18:4:54.636] Adding entry into typings cache: 'esprima' => '/home/jorge/.cache/typescript/3.7/node_modules/@types/esprima/index.d.ts'
[18:4:54.637] Adding entry into typings cache: 'esquery' => '/home/jorge/.cache/typescript/3.7/node_modules/@types/esquery/index.d.ts'
[18:4:54.637] Adding entry into typings cache: 'estraverse' => '/home/jorge/.cache/typescript/3.7/node_modules/@types/estraverse/index.d.ts'
[18:4:54.637] Adding entry into typings cache: 'etag' => '/home/jorge/.cache/typescript/3.7/node_modules/@types/etag/index.d.ts'
[18:4:54.638] Adding entry into typings cache: 'event-stream' => '/home/jorge/.cache/typescript/3.7/node_modules/@types/event-stream/index.d.ts'
[18:4:54.638] Adding entry into typings cache: 'events' => '/home/jorge/.cache/typescript/3.7/node_modules/@types/events/index.d.ts'
[18:4:54.639] Adding entry into typings cache: 'eventsource' => '/home/jorge/.cache/typescript/3.7/node_modules/@types/eventsource/index.d.ts'
[18:4:54.639] Adding entry into typings cache: 'exenv' => '/home/jorge/.cache/typescript/3.7/node_modules/@types/exenv/index.d.ts'
[18:4:54.640] Adding entry into typings cache: 'exit' => '/home/jorge/.cache/typescript/3.7/node_modules/@types/exit/index.d.ts'
[18:4:54.640] Adding entry into typings cache: 'expand-tilde' => '/home/jorge/.cache/typescript/3.7/node_modules/@types/expand-tilde/index.d.ts'
[18:4:54.640] Adding entry into typings cache: 'express' => '/home/jorge/.cache/typescript/3.7/node_modules/@types/express/index.d.ts'
[18:4:54.642] Adding entry into typings cache: 'extend' => '/home/jorge/.cache/typescript/3.7/node_modules/@types/extend/index.d.ts'
[18:4:54.642] Adding entry into typings cache: 'extsprintf' => '/home/jorge/.cache/typescript/3.7/node_modules/@types/extsprintf/index.d.ts'
[18:4:54.643] Adding entry into typings cache: 'fast-json-stable-stringify' => '/home/jorge/.cache/typescript/3.7/node_modules/fast-json-stable-stringify/index.d.ts'
[18:4:54.643] Adding entry into typings cache: 'fast-levenshtein' => '/home/jorge/.cache/typescript/3.7/node_modules/@types/fast-levenshtein/index.d.ts'
[18:4:54.644] Adding entry into typings cache: 'favicons' => '/home/jorge/.cache/typescript/3.7/node_modules/@types/favicons/index.d.ts'
[18:4:54.644] Adding entry into typings cache: 'favicons-webpack-plugin' => '/home/jorge/.cache/typescript/3.7/node_modules/@types/favicons-webpack-plugin/index.d.ts'
[18:4:54.644] Adding entry into typings cache: 'fb-watchman' => '/home/jorge/.cache/typescript/3.7/node_modules/@types/fb-watchman/index.d.ts'
[18:4:54.645] Adding entry into typings cache: 'fbemitter' => '/home/jorge/.cache/typescript/3.7/node_modules/@types/fbemitter/index.d.ts'
[18:4:54.645] Adding entry into typings cache: 'file-entry-cache' => '/home/jorge/.cache/typescript/3.7/node_modules/@types/file-entry-cache/index.d.ts'
[18:4:54.646] Adding entry into typings cache: 'file-loader' => '/home/jorge/.cache/typescript/3.7/node_modules/@types/file-loader/index.d.ts'
[18:4:54.646] Adding entry into typings cache: 'file-saver' => '/home/jorge/.cache/typescript/3.7/node_modules/@types/file-saver/index.d.ts'
[18:4:54.647] Adding entry into typings cache: 'finalhandler' => '/home/jorge/.cache/typescript/3.7/node_modules/@types/finalhandler/index.d.ts'
[18:4:54.647] Adding entry into typings cache: 'find-cache-dir' => '/home/jorge/.cache/typescript/3.7/node_modules/@types/find-cache-dir/index.d.ts'
[18:4:54.647] Adding entry into typings cache: 'find-root' => '/home/jorge/.cache/typescript/3.7/node_modules/@types/find-root/index.d.ts'
[18:4:54.648] Adding entry into typings cache: 'findup-sync' => '/home/jorge/.cache/typescript/3.7/node_modules/@types/findup-sync/index.d.ts'
[18:4:54.648] Adding entry into typings cache: 'flat-cache' => '/home/jorge/.cache/typescript/3.7/node_modules/@types/flat-cache/index.d.ts'
[18:4:54.649] Adding entry into typings cache: 'flush-write-stream' => '/home/jorge/.cache/typescript/3.7/node_modules/@types/flush-write-stream/index.d.ts'
[18:4:54.649] Adding entry into typings cache: 'flux' => '/home/jorge/.cache/typescript/3.7/node_modules/@types/flux/index.d.ts'
[18:4:54.649] Adding entry into typings cache: 'follow-redirects' => '/home/jorge/.cache/typescript/3.7/node_modules/@types/follow-redirects/index.d.ts'
[18:4:54.650] Adding entry into typings cache: 'forever-agent' => '/home/jorge/.cache/typescript/3.7/node_modules/@types/forever-agent/index.d.ts'
[18:4:54.651] Adding entry into typings cache: 'forwarded' => '/home/jorge/.cache/typescript/3.7/node_modules/@types/forwarded/index.d.ts'
[18:4:54.651] Adding entry into typings cache: 'fresh' => '/home/jorge/.cache/typescript/3.7/node_modules/@types/fresh/index.d.ts'
[18:4:54.652] Adding entry into typings cache: 'from' => '/home/jorge/.cache/typescript/3.7/node_modules/@types/from/index.d.ts'
[18:4:54.652] Adding entry into typings cache: 'from2' => '/home/jorge/.cache/typescript/3.7/node_modules/@types/from2/index.d.ts'
[18:4:54.652] Adding entry into typings cache: 'fs-extra' => '/home/jorge/.cache/typescript/3.7/node_modules/@types/fs-extra/index.d.ts'
[18:4:54.653] Adding entry into typings cache: 'function-bind' => '/home/jorge/.cache/typescript/3.7/node_modules/@types/function-bind/ts3.3/index.d.ts'
[18:4:54.653] Adding entry into typings cache: 'get-caller-file' => '/home/jorge/.cache/typescript/3.7/node_modules/@types/get-caller-file/index.d.ts'
[18:4:54.654] Adding entry into typings cache: 'get-value' => '/home/jorge/.cache/typescript/3.7/node_modules/@types/get-value/index.d.ts'
[18:4:54.655] Adding entry into typings cache: 'getpass' => '/home/jorge/.cache/typescript/3.7/node_modules/@types/getpass/index.d.ts'
[18:4:54.655] Adding entry into typings cache: 'git-revision-webpack-plugin' => '/home/jorge/.cache/typescript/3.7/node_modules/@types/git-revision-webpack-plugin/index.d.ts'
[18:4:54.656] Adding entry into typings cache: 'glob' => '/home/jorge/.cache/typescript/3.7/node_modules/@types/glob/index.d.ts'
[18:4:54.657] Adding entry into typings cache: 'glob-parent' => '/home/jorge/.cache/typescript/3.7/node_modules/@types/glob-parent/index.d.ts'
[18:4:54.657] Adding entry into typings cache: 'glob-to-regexp' => '/home/jorge/.cache/typescript/3.7/node_modules/@types/glob-to-regexp/index.d.ts'
[18:4:54.658] Adding entry into typings cache: 'global-modules' => '/home/jorge/.cache/typescript/3.7/node_modules/@types/global-modules/index.d.ts'
[18:4:54.658] Adding entry into typings cache: 'global-prefix' => '/home/jorge/.cache/typescript/3.7/node_modules/@types/global-prefix/index.d.ts'
[18:4:54.659] Adding entry into typings cache: 'graceful-fs' => '/home/jorge/.cache/typescript/3.7/node_modules/@types/graceful-fs/index.d.ts'
[18:4:54.659] Adding entry into typings cache: 'hammerjs' => '/home/jorge/.cache/typescript/3.7/node_modules/@types/hammerjs/index.d.ts'
[18:4:54.660] Adding entry into typings cache: 'has' => '/home/jorge/.cache/typescript/3.7/node_modules/@types/has/index.d.ts'
[18:4:54.660] Adding entry into typings cache: 'has-ansi' => '/home/jorge/.cache/typescript/3.7/node_modules/@types/has-ansi/index.d.ts'
[18:4:54.660] Adding entry into typings cache: 'has-symbols' => '/home/jorge/.cache/typescript/3.7/node_modules/@types/has-symbols/index.d.ts'
[18:4:54.661] Adding entry into typings cache: 'he' => '/home/jorge/.cache/typescript/3.7/node_modules/@types/he/index.d.ts'
[18:4:54.661] Adding entry into typings cache: 'hex-color-regex' => '/home/jorge/.cache/typescript/3.7/node_modules/@types/hex-color-regex/index.d.ts'
[18:4:54.661] Adding entry into typings cache: 'history' => '/home/jorge/.cache/typescript/3.7/node_modules/@types/history/index.d.ts'
[18:4:54.662] Adding entry into typings cache: 'hoist-non-react-statics' => '/home/jorge/.cache/typescript/3.7/node_modules/@types/hoist-non-react-statics/index.d.ts'
[18:4:54.663] Adding entry into typings cache: 'hosted-git-info' => '/home/jorge/.cache/typescript/3.7/node_modules/@types/hosted-git-info/index.d.ts'
[18:4:54.663] Adding entry into typings cache: 'html-encoding-sniffer' => '/home/jorge/.cache/typescript/3.7/node_modules/@types/html-encoding-sniffer/index.d.ts'
[18:4:54.664] Adding entry into typings cache: 'html-entities' => '/home/jorge/.cache/typescript/3.7/node_modules/@types/html-entities/index.d.ts'
[18:4:54.664] Adding entry into typings cache: 'html-escaper' => '/home/jorge/.cache/typescript/3.7/node_modules/@types/html-escaper/index.d.ts'
[18:4:54.665] Adding entry into typings cache: 'html-minifier' => '/home/jorge/.cache/typescript/3.7/node_modules/@types/html-minifier/index.d.ts'
[18:4:54.666] Adding entry into typings cache: 'html-minifier-terser' => '/home/jorge/.cache/typescript/3.7/node_modules/@types/html-minifier-terser/index.d.ts'
[18:4:54.666] Adding entry into typings cache: 'html-webpack-plugin' => '/home/jorge/.cache/typescript/3.7/node_modules/@types/html-webpack-plugin/index.d.ts'
[18:4:54.667] Adding entry into typings cache: 'htmlparser2' => '/home/jorge/.cache/typescript/3.7/node_modules/@types/htmlparser2/index.d.ts'
[18:4:54.668] Adding entry into typings cache: 'http-errors' => '/home/jorge/.cache/typescript/3.7/node_modules/@types/http-errors/index.d.ts'
[18:4:54.668] Adding entry into typings cache: 'http-proxy' => '/home/jorge/.cache/typescript/3.7/node_modules/@types/http-proxy/index.d.ts'
[18:4:54.669] Adding entry into typings cache: 'http-proxy-middleware' => '/home/jorge/.cache/typescript/3.7/node_modules/@types/http-proxy-middleware/index.d.ts'
[18:4:54.669] Adding entry into typings cache: 'icss-utils' => '/home/jorge/.cache/typescript/3.7/node_modules/@types/icss-utils/index.d.ts'
[18:4:54.669] Adding entry into typings cache: 'iferr' => '/home/jorge/.cache/typescript/3.7/node_modules/@types/iferr/index.d.ts'
[18:4:54.670] Adding entry into typings cache: 'imurmurhash' => '/home/jorge/.cache/typescript/3.7/node_modules/@types/imurmurhash/index.d.ts'
[18:4:54.670] Adding entry into typings cache: 'inherits' => '/home/jorge/.cache/typescript/3.7/node_modules/@types/inherits/index.d.ts'
[18:4:54.671] Adding entry into typings cache: 'ini' => '/home/jorge/.cache/typescript/3.7/node_modules/@types/ini/index.d.ts'
[18:4:54.671] Adding entry into typings cache: 'inquirer' => '/home/jorge/.cache/typescript/3.7/node_modules/@types/inquirer/index.d.ts'
[18:4:54.671] Adding entry into typings cache: 'insert-css' => '/home/jorge/.cache/typescript/3.7/node_modules/@types/insert-css/index.d.ts'
[18:4:54.672] Adding entry into typings cache: 'internal-slot' => '/home/jorge/.cache/typescript/3.7/node_modules/@types/internal-slot/index.d.ts'
[18:4:54.672] Adding entry into typings cache: 'interpret' => '/home/jorge/.cache/typescript/3.7/node_modules/@types/interpret/index.d.ts'
[18:4:54.673] Adding entry into typings cache: 'invariant' => '/home/jorge/.cache/typescript/3.7/node_modules/@types/invariant/ts3.7/index.d.ts'
[18:4:54.673] Adding entry into typings cache: 'ip' => '/home/jorge/.cache/typescript/3.7/node_modules/@types/ip/index.d.ts'
[18:4:54.674] Adding entry into typings cache: 'is-buffer' => '/home/jorge/.cache/typescript/3.7/node_modules/@types/is-buffer/index.d.ts'
[18:4:54.674] Adding entry into typings cache: 'is-callable' => '/home/jorge/.cache/typescript/3.7/node_modules/@types/is-callable/index.d.ts'
[18:4:54.674] Adding entry into typings cache: 'is-ci' => '/home/jorge/.cache/typescript/3.7/node_modules/@types/is-ci/index.d.ts'
[18:4:54.675] Adding entry into typings cache: 'is-date-object' => '/home/jorge/.cache/typescript/3.7/node_modules/@types/is-date-object/index.d.ts'
[18:4:54.675] Adding entry into typings cache: 'is-finite' => '/home/jorge/.cache/typescript/3.7/node_modules/@types/is-finite/index.d.ts'
[18:4:54.676] Adding entry into typings cache: 'is-function' => '/home/jorge/.cache/typescript/3.7/node_modules/@types/is-function/index.d.ts'
[18:4:54.676] Adding entry into typings cache: 'is-glob' => '/home/jorge/.cache/typescript/3.7/node_modules/@types/is-glob/index.d.ts'
[18:4:54.677] Adding entry into typings cache: 'is-number' => '/home/jorge/.cache/typescript/3.7/node_modules/@types/is-number/index.d.ts'
[18:4:54.677] Adding entry into typings cache: 'is-object' => '/home/jorge/.cache/typescript/3.7/node_modules/@types/is-object/index.d.ts'
[18:4:54.678] Adding entry into typings cache: 'is-promise' => '/home/jorge/.cache/typescript/3.7/node_modules/@types/is-promise/index.d.ts'
[18:4:54.678] Adding entry into typings cache: 'is-regex' => '/home/jorge/.cache/typescript/3.7/node_modules/@types/is-regex/index.d.ts'
[18:4:54.678] Adding entry into typings cache: 'is-typedarray' => '/home/jorge/.cache/typescript/3.7/node_modules/@types/is-typedarray/index.d.ts'
[18:4:54.679] Adding entry into typings cache: 'is-windows' => '/home/jorge/.cache/typescript/3.7/node_modules/@types/is-windows/index.d.ts'
[18:4:54.680] Adding entry into typings cache: 'isarray' => '/home/jorge/.cache/typescript/3.7/node_modules/@types/isarray/index.d.ts'
[18:4:54.680] Adding entry into typings cache: 'isexe' => '/home/jorge/.cache/typescript/3.7/node_modules/@types/isexe/index.d.ts'
[18:4:54.680] Adding entry into typings cache: 'isomorphic-fetch' => '/home/jorge/.cache/typescript/3.7/node_modules/@types/isomorphic-fetch/index.d.ts'
[18:4:54.681] Adding entry into typings cache: 'isstream' => '/home/jorge/.cache/typescript/3.7/node_modules/@types/isstream/index.d.ts'
[18:4:54.681] Adding entry into typings cache: 'istanbul-lib-coverage' => '/home/jorge/.cache/typescript/3.7/node_modules/@types/istanbul-lib-coverage/index.d.ts'
[18:4:54.682] Adding entry into typings cache: 'istanbul-lib-instrument' => '/home/jorge/.cache/typescript/3.7/node_modules/@types/istanbul-lib-instrument/index.d.ts'
[18:4:54.682] Adding entry into typings cache: 'istanbul-lib-report' => '/home/jorge/.cache/typescript/3.7/node_modules/@types/istanbul-lib-report/index.d.ts'
[18:4:54.682] Adding entry into typings cache: 'istanbul-lib-source-maps' => '/home/jorge/.cache/typescript/3.7/node_modules/@types/istanbul-lib-source-maps/index.d.ts'
[18:4:54.683] Adding entry into typings cache: 'istanbul-reports' => '/home/jorge/.cache/typescript/3.7/node_modules/@types/istanbul-reports/index.d.ts'
[18:4:54.683] Adding entry into typings cache: 'jquery' => '/home/jorge/.cache/typescript/3.7/node_modules/@types/jquery/index.d.ts'
[18:4:54.683] Adding entry into typings cache: 'js-levenshtein' => '/home/jorge/.cache/typescript/3.7/node_modules/@types/js-levenshtein/index.d.ts'
[18:4:54.684] Adding entry into typings cache: 'js-yaml' => '/home/jorge/.cache/typescript/3.7/node_modules/@types/js-yaml/index.d.ts'
[18:4:54.684] Adding entry into typings cache: 'jsbn' => '/home/jorge/.cache/typescript/3.7/node_modules/@types/jsbn/index.d.ts'
[18:4:54.685] Adding entry into typings cache: 'jsdom' => '/home/jorge/.cache/typescript/3.7/node_modules/@types/jsdom/ts3.6/index.d.ts'
[18:4:54.685] Adding entry into typings cache: 'jsesc' => '/home/jorge/.cache/typescript/3.7/node_modules/@types/jsesc/index.d.ts'
[18:4:54.685] Adding entry into typings cache: 'json-parse-better-errors' => '/home/jorge/.cache/typescript/3.7/node_modules/@types/json-parse-better-errors/index.d.ts'
[18:4:54.686] Adding entry into typings cache: 'json-schema' => '/home/jorge/.cache/typescript/3.7/node_modules/@types/json-schema/index.d.ts'
[18:4:54.686] Adding entry into typings cache: 'json-schema-traverse' => '/home/jorge/.cache/typescript/3.7/node_modules/@types/json-schema-traverse/index.d.ts'
[18:4:54.687] Adding entry into typings cache: 'json-stable-stringify' => '/home/jorge/.cache/typescript/3.7/node_modules/@types/json-stable-stringify/index.d.ts'
[18:4:54.687] Adding entry into typings cache: 'json-stringify-safe' => '/home/jorge/.cache/typescript/3.7/node_modules/@types/json-stringify-safe/index.d.ts'
[18:4:54.687] Adding entry into typings cache: 'json2mq' => '/home/jorge/.cache/typescript/3.7/node_modules/@types/json2mq/index.d.ts'
[18:4:54.688] Adding entry into typings cache: 'json3' => '/home/jorge/.cache/typescript/3.7/node_modules/@types/json3/index.d.ts'
[18:4:54.688] Adding entry into typings cache: 'json5' => '/home/jorge/.cache/typescript/3.7/node_modules/@types/json5/index.d.ts'
[18:4:54.689] Adding entry into typings cache: 'jsonfile' => '/home/jorge/.cache/typescript/3.7/node_modules/@types/jsonfile/index.d.ts'
[18:4:54.689] Adding entry into typings cache: 'jsontoxml' => '/home/jorge/.cache/typescript/3.7/node_modules/@types/jsontoxml/index.d.ts'
[18:4:54.689] Adding entry into typings cache: 'jwt-decode' => '/home/jorge/.cache/typescript/3.7/node_modules/@types/jwt-decode/index.d.ts'
[18:4:54.690] Adding entry into typings cache: 'kind-of' => '/home/jorge/.cache/typescript/3.7/node_modules/@types/kind-of/index.d.ts'
[18:4:54.690] Adding entry into typings cache: 'less' => '/home/jorge/.cache/typescript/3.7/node_modules/@types/less/index.d.ts'
[18:4:54.691] Adding entry into typings cache: 'loader-runner' => '/home/jorge/.cache/typescript/3.7/node_modules/@types/loader-runner/index.d.ts'
[18:4:54.692] Adding entry into typings cache: 'loader-utils' => '/home/jorge/.cache/typescript/3.7/node_modules/@types/loader-utils/index.d.ts'
[18:4:54.693] Adding entry into typings cache: 'lodash' => '/home/jorge/.cache/typescript/3.7/node_modules/@types/lodash/ts3.1/index.d.ts'
[18:4:54.693] Adding entry into typings cache: 'lodash-es' => '/home/jorge/.cache/typescript/3.7/node_modules/@types/lodash-es/index.d.ts'
[18:4:54.694] Adding entry into typings cache: 'lodash.curry' => '/home/jorge/.cache/typescript/3.7/node_modules/@types/lodash.curry/index.d.ts'
[18:4:54.694] Adding entry into typings cache: 'lodash.defaultsdeep' => '/home/jorge/.cache/typescript/3.7/node_modules/@types/lodash.defaultsdeep/index.d.ts'
[18:4:54.695] Adding entry into typings cache: 'lodash.flow' => '/home/jorge/.cache/typescript/3.7/node_modules/@types/lodash.flow/index.d.ts'
[18:4:54.695] Adding entry into typings cache: 'lodash.memoize' => '/home/jorge/.cache/typescript/3.7/node_modules/@types/lodash.memoize/index.d.ts'
[18:4:54.697] Adding entry into typings cache: 'lodash.merge' => '/home/jorge/.cache/typescript/3.7/node_modules/@types/lodash.merge/index.d.ts'
[18:4:54.698] Adding entry into typings cache: 'lodash.sortby' => '/home/jorge/.cache/typescript/3.7/node_modules/@types/lodash.sortby/index.d.ts'
[18:4:54.698] Adding entry into typings cache: 'lodash.template' => '/home/jorge/.cache/typescript/3.7/node_modules/@types/lodash.template/index.d.ts'
[18:4:54.699] Adding entry into typings cache: 'lodash.unescape' => '/home/jorge/.cache/typescript/3.7/node_modules/@types/lodash.unescape/index.d.ts'
[18:4:54.699] Adding entry into typings cache: 'lodash.uniq' => '/home/jorge/.cache/typescript/3.7/node_modules/@types/lodash.uniq/index.d.ts'
[18:4:54.700] Adding entry into typings cache: 'lolex' => '/home/jorge/.cache/typescript/3.7/node_modules/@types/lolex/index.d.ts'
[18:4:54.700] Adding entry into typings cache: 'lru-cache' => '/home/jorge/.cache/typescript/3.7/node_modules/@types/lru-cache/index.d.ts'
[18:4:54.701] Adding entry into typings cache: 'media-typer' => '/home/jorge/.cache/typescript/3.7/node_modules/@types/media-typer/index.d.ts'
[18:4:54.701] Adding entry into typings cache: 'memory-fs' => '/home/jorge/.cache/typescript/3.7/node_modules/@types/memory-fs/index.d.ts'
[18:4:54.702] Adding entry into typings cache: 'meow' => '/home/jorge/.cache/typescript/3.7/node_modules/@types/meow/index.d.ts'
[18:4:54.702] Adding entry into typings cache: 'merge-descriptors' => '/home/jorge/.cache/typescript/3.7/node_modules/@types/merge-descriptors/index.d.ts'
[18:4:54.703] Adding entry into typings cache: 'merge-stream' => '/home/jorge/.cache/typescript/3.7/node_modules/@types/merge-stream/index.d.ts'
[18:4:54.703] Adding entry into typings cache: 'merge2' => '/home/jorge/.cache/typescript/3.7/node_modules/@types/merge2/index.d.ts'
[18:4:54.703] Adding entry into typings cache: 'methods' => '/home/jorge/.cache/typescript/3.7/node_modules/@types/methods/index.d.ts'
[18:4:54.704] Adding entry into typings cache: 'micromatch' => '/home/jorge/.cache/typescript/3.7/node_modules/@types/micromatch/index.d.ts'
[18:4:54.705] Adding entry into typings cache: 'mime' => '/home/jorge/.cache/typescript/3.7/node_modules/@types/mime/index.d.ts'
[18:4:54.705] Adding entry into typings cache: 'mime-db' => '/home/jorge/.cache/typescript/3.7/node_modules/@types/mime-db/index.d.ts'
[18:4:54.706] Adding entry into typings cache: 'mime-types' => '/home/jorge/.cache/typescript/3.7/node_modules/@types/mime-types/index.d.ts'
[18:4:54.706] Adding entry into typings cache: 'min-document' => '/home/jorge/.cache/typescript/3.7/node_modules/@types/min-document/index.d.ts'
[18:4:54.707] Adding entry into typings cache: 'mini-css-extract-plugin' => '/home/jorge/.cache/typescript/3.7/node_modules/@types/mini-css-extract-plugin/index.d.ts'
[18:4:54.707] Adding entry into typings cache: 'minimalistic-assert' => '/home/jorge/.cache/typescript/3.7/node_modules/@types/minimalistic-assert/index.d.ts'
[18:4:54.707] Adding entry into typings cache: 'minimatch' => '/home/jorge/.cache/typescript/3.7/node_modules/@types/minimatch/index.d.ts'
[18:4:54.708] Adding entry into typings cache: 'minimist' => '/home/jorge/.cache/typescript/3.7/node_modules/@types/minimist/index.d.ts'
[18:4:54.708] Adding entry into typings cache: 'minipass' => '/home/jorge/.cache/typescript/3.7/node_modules/@types/minipass/index.d.ts'
[18:4:54.708] Adding entry into typings cache: 'mkdirp' => '/home/jorge/.cache/typescript/3.7/node_modules/@types/mkdirp/index.d.ts'
[18:4:54.709] Adding entry into typings cache: 'move-concurrently' => '/home/jorge/.cache/typescript/3.7/node_modules/@types/move-concurrently/index.d.ts'
[18:4:54.709] Adding entry into typings cache: 'ms' => '/home/jorge/.cache/typescript/3.7/node_modules/@types/ms/index.d.ts'
[18:4:54.710] Adding entry into typings cache: 'mute-stream' => '/home/jorge/.cache/typescript/3.7/node_modules/@types/mute-stream/index.d.ts'
[18:4:54.710] Adding entry into typings cache: 'natural-compare' => '/home/jorge/.cache/typescript/3.7/node_modules/@types/natural-compare/index.d.ts'
[18:4:54.710] Adding entry into typings cache: 'ncp' => '/home/jorge/.cache/typescript/3.7/node_modules/@types/ncp/index.d.ts'
[18:4:54.711] Adding entry into typings cache: 'negotiator' => '/home/jorge/.cache/typescript/3.7/node_modules/@types/negotiator/index.d.ts'
[18:4:54.711] Adding entry into typings cache: 'nested-error-stacks' => '/home/jorge/.cache/typescript/3.7/node_modules/@types/nested-error-stacks/index.d.ts'
[18:4:54.711] Adding entry into typings cache: 'nice-try' => '/home/jorge/.cache/typescript/3.7/node_modules/@types/nice-try/index.d.ts'
[18:4:54.712] Adding entry into typings cache: 'node-abi' => '/home/jorge/.cache/typescript/3.7/node_modules/@types/node-abi/index.d.ts'
[18:4:54.712] Adding entry into typings cache: 'node-fetch' => '/home/jorge/.cache/typescript/3.7/node_modules/@types/node-fetch/index.d.ts'
[18:4:54.713] Adding entry into typings cache: 'node-forge' => '/home/jorge/.cache/typescript/3.7/node_modules/@types/node-forge/index.d.ts'
[18:4:54.713] Adding entry into typings cache: 'node-int64' => '/home/jorge/.cache/typescript/3.7/node_modules/@types/node-int64/index.d.ts'
[18:4:54.713] Adding entry into typings cache: 'node-notifier' => '/home/jorge/.cache/typescript/3.7/node_modules/@types/node-notifier/index.d.ts'
[18:4:54.714] Adding entry into typings cache: 'normalize-package-data' => '/home/jorge/.cache/typescript/3.7/node_modules/@types/normalize-package-data/index.d.ts'
[18:4:54.715] Adding entry into typings cache: 'normalize-path' => '/home/jorge/.cache/typescript/3.7/node_modules/@types/normalize-path/index.d.ts'
[18:4:54.715] Adding entry into typings cache: 'npmlog' => '/home/jorge/.cache/typescript/3.7/node_modules/@types/npmlog/index.d.ts'
[18:4:54.715] Adding entry into typings cache: 'num2fraction' => '/home/jorge/.cache/typescript/3.7/node_modules/@types/num2fraction/index.d.ts'
[18:4:54.716] Adding entry into typings cache: 'number-is-nan' => '/home/jorge/.cache/typescript/3.7/node_modules/@types/number-is-nan/index.d.ts'
[18:4:54.716] Adding entry into typings cache: 'object-assign' => '/home/jorge/.cache/typescript/3.7/node_modules/@types/object-assign/index.d.ts'
[18:4:54.716] Adding entry into typings cache: 'object-hash' => '/home/jorge/.cache/typescript/3.7/node_modules/@types/object-hash/index.d.ts'
[18:4:54.717] Adding entry into typings cache: 'object-inspect' => '/home/jorge/.cache/typescript/3.7/node_modules/@types/object-inspect/index.d.ts'
[18:4:54.717] Adding entry into typings cache: 'object-keys' => '/home/jorge/.cache/typescript/3.7/node_modules/@types/object-keys/index.d.ts'
[18:4:54.717] Adding entry into typings cache: 'object.fromentries' => '/home/jorge/.cache/typescript/3.7/node_modules/@types/object.fromentries/index.d.ts'
[18:4:54.718] Adding entry into typings cache: 'object.getownpropertydescriptors' => '/home/jorge/.cache/typescript/3.7/node_modules/@types/object.getownpropertydescriptors/index.d.ts'
[18:4:54.719] Adding entry into typings cache: 'object.pick' => '/home/jorge/.cache/typescript/3.7/node_modules/@types/object.pick/index.d.ts'
[18:4:54.719] Adding entry into typings cache: 'omggif' => '/home/jorge/.cache/typescript/3.7/node_modules/@types/omggif/index.d.ts'
[18:4:54.719] Adding entry into typings cache: 'on-finished' => '/home/jorge/.cache/typescript/3.7/node_modules/@types/on-finished/index.d.ts'
[18:4:54.720] Adding entry into typings cache: 'on-headers' => '/home/jorge/.cache/typescript/3.7/node_modules/@types/on-headers/index.d.ts'
[18:4:54.720] Adding entry into typings cache: 'once' => '/home/jorge/.cache/typescript/3.7/node_modules/@types/once/index.d.ts'
[18:4:54.720] Adding entry into typings cache: 'optimist' => '/home/jorge/.cache/typescript/3.7/node_modules/@types/optimist/index.d.ts'
[18:4:54.721] Adding entry into typings cache: 'optimize-css-assets-webpack-plugin' => '/home/jorge/.cache/typescript/3.7/node_modules/@types/optimize-css-assets-webpack-plugin/index.d.ts'
[18:4:54.721] Adding entry into typings cache: 'original' => '/home/jorge/.cache/typescript/3.7/node_modules/@types/original/index.d.ts'
[18:4:54.721] Adding entry into typings cache: 'os-tmpdir' => '/home/jorge/.cache/typescript/3.7/node_modules/@types/os-tmpdir/index.d.ts'
[18:4:54.722] Adding entry into typings cache: 'pako' => '/home/jorge/.cache/typescript/3.7/node_modules/@types/pako/index.d.ts'
[18:4:54.722] Adding entry into typings cache: 'parallel-transform' => '/home/jorge/.cache/typescript/3.7/node_modules/@types/parallel-transform/index.d.ts'
[18:4:54.723] Adding entry into typings cache: 'parse-author' => '/home/jorge/.cache/typescript/3.7/node_modules/@types/parse-author/index.d.ts'
[18:4:54.723] Adding entry into typings cache: 'parse-json' => '/home/jorge/.cache/typescript/3.7/node_modules/@types/parse-json/index.d.ts'
[18:4:54.723] Adding entry into typings cache: 'parse-passwd' => '/home/jorge/.cache/typescript/3.7/node_modules/@types/parse-passwd/index.d.ts'
[18:4:54.724] Adding entry into typings cache: 'parse5' => '/home/jorge/.cache/typescript/3.7/node_modules/@types/parse5/index.d.ts'
[18:4:54.724] Adding entry into typings cache: 'parseurl' => '/home/jorge/.cache/typescript/3.7/node_modules/@types/parseurl/index.d.ts'
[18:4:54.725] Adding entry into typings cache: 'pascalcase' => '/home/jorge/.cache/typescript/3.7/node_modules/@types/pascalcase/index.d.ts'
[18:4:54.725] Adding entry into typings cache: 'path-is-absolute' => '/home/jorge/.cache/typescript/3.7/node_modules/@types/path-is-absolute/index.d.ts'
[18:4:54.726] Adding entry into typings cache: 'path-is-inside' => '/home/jorge/.cache/typescript/3.7/node_modules/@types/path-is-inside/index.d.ts'
[18:4:54.726] Adding entry into typings cache: 'path-parse' => '/home/jorge/.cache/typescript/3.7/node_modules/@types/path-parse/index.d.ts'
[18:4:54.726] Adding entry into typings cache: 'pbkdf2' => '/home/jorge/.cache/typescript/3.7/node_modules/@types/pbkdf2/index.d.ts'
[18:4:54.727] Adding entry into typings cache: 'picomatch' => '/home/jorge/.cache/typescript/3.7/node_modules/@types/picomatch/index.d.ts'
[18:4:54.727] Adding entry into typings cache: 'pify' => '/home/jorge/.cache/typescript/3.7/node_modules/@types/pify/index.d.ts'
[18:4:54.727] Adding entry into typings cache: 'pixelmatch' => '/home/jorge/.cache/typescript/3.7/node_modules/@types/pixelmatch/index.d.ts'
[18:4:54.728] Adding entry into typings cache: 'pngjs' => '/home/jorge/.cache/typescript/3.7/node_modules/@types/pngjs/index.d.ts'
[18:4:54.728] Adding entry into typings cache: 'postcss-calc' => '/home/jorge/.cache/typescript/3.7/node_modules/@types/postcss-calc/index.d.ts'
[18:4:54.728] Adding entry into typings cache: 'postcss-custom-properties' => '/home/jorge/.cache/typescript/3.7/node_modules/@types/postcss-custom-properties/index.d.ts'
[18:4:54.729] Adding entry into typings cache: 'postcss-flexbugs-fixes' => '/home/jorge/.cache/typescript/3.7/node_modules/@types/postcss-flexbugs-fixes/index.d.ts'
[18:4:54.729] Adding entry into typings cache: 'postcss-load-config' => '/home/jorge/.cache/typescript/3.7/node_modules/@types/postcss-load-config/index.d.ts'
[18:4:54.730] Adding entry into typings cache: 'postcss-modules-extract-imports' => '/home/jorge/.cache/typescript/3.7/node_modules/@types/postcss-modules-extract-imports/index.d.ts'
[18:4:54.730] Adding entry into typings cache: 'postcss-modules-local-by-default' => '/home/jorge/.cache/typescript/3.7/node_modules/@types/postcss-modules-local-by-default/index.d.ts'
[18:4:54.730] Adding entry into typings cache: 'postcss-modules-scope' => '/home/jorge/.cache/typescript/3.7/node_modules/@types/postcss-modules-scope/index.d.ts'
[18:4:54.731] Adding entry into typings cache: 'postcss-modules-values' => '/home/jorge/.cache/typescript/3.7/node_modules/@types/postcss-modules-values/index.d.ts'
[18:4:54.731] Adding entry into typings cache: 'postcss-safe-parser' => '/home/jorge/.cache/typescript/3.7/node_modules/@types/postcss-safe-parser/index.d.ts'
[18:4:54.732] Adding entry into typings cache: 'prelude-ls' => '/home/jorge/.cache/typescript/3.7/node_modules/@types/prelude-ls/index.d.ts'
[18:4:54.732] Adding entry into typings cache: 'prettier' => '/home/jorge/.cache/typescript/3.7/node_modules/@types/prettier/index.d.ts'
[18:4:54.732] Adding entry into typings cache: 'progress' => '/home/jorge/.cache/typescript/3.7/node_modules/@types/progress/index.d.ts'
[18:4:54.733] Adding entry into typings cache: 'promise-inflight' => '/home/jorge/.cache/typescript/3.7/node_modules/@types/promise-inflight/index.d.ts'
[18:4:54.733] Adding entry into typings cache: 'prompts' => '/home/jorge/.cache/typescript/3.7/node_modules/@types/prompts/index.d.ts'
[18:4:54.733] Adding entry into typings cache: 'prop-types' => '/home/jorge/.cache/typescript/3.7/node_modules/@types/prop-types/index.d.ts'
[18:4:54.734] Adding entry into typings cache: 'proxy-addr' => '/home/jorge/.cache/typescript/3.7/node_modules/@types/proxy-addr/index.d.ts'
[18:4:54.736] Adding entry into typings cache: 'proxy-from-env' => '/home/jorge/.cache/typescript/3.7/node_modules/@types/proxy-from-env/index.d.ts'
[18:4:54.736] Adding entry into typings cache: 'ps-tree' => '/home/jorge/.cache/typescript/3.7/node_modules/@types/ps-tree/index.d.ts'
[18:4:54.736] Adding entry into typings cache: 'psl' => '/home/jorge/.cache/typescript/3.7/node_modules/@types/psl/index.d.ts'
[18:4:54.737] Adding entry into typings cache: 'pump' => '/home/jorge/.cache/typescript/3.7/node_modules/@types/pump/index.d.ts'
[18:4:54.737] Adding entry into typings cache: 'pumpify' => '/home/jorge/.cache/typescript/3.7/node_modules/@types/pumpify/index.d.ts'
[18:4:54.738] Adding entry into typings cache: 'punycode' => '/home/jorge/.cache/typescript/3.7/node_modules/@types/punycode/index.d.ts'
[18:4:54.738] Adding entry into typings cache: 'q' => '/home/jorge/.cache/typescript/3.7/node_modules/@types/q/index.d.ts'
[18:4:54.739] Adding entry into typings cache: 'qs' => '/home/jorge/.cache/typescript/3.7/node_modules/@types/qs/index.d.ts'
[18:4:54.739] Adding entry into typings cache: 'querystringify' => '/home/jorge/.cache/typescript/3.7/node_modules/@types/querystringify/index.d.ts'
[18:4:54.739] Adding entry into typings cache: 'raf' => '/home/jorge/.cache/typescript/3.7/node_modules/@types/raf/index.d.ts'
[18:4:54.740] Adding entry into typings cache: 'randombytes' => '/home/jorge/.cache/typescript/3.7/node_modules/@types/randombytes/index.d.ts'
[18:4:54.740] Adding entry into typings cache: 'range-parser' => '/home/jorge/.cache/typescript/3.7/node_modules/@types/range-parser/index.d.ts'
[18:4:54.741] Adding entry into typings cache: 'rc' => '/home/jorge/.cache/typescript/3.7/node_modules/@types/rc/index.d.ts'
[18:4:54.741] Adding entry into typings cache: 'rc-select' => '/home/jorge/.cache/typescript/3.7/node_modules/@types/rc-select/index.d.ts'
[18:4:54.741] Adding entry into typings cache: 'rc-slider' => '/home/jorge/.cache/typescript/3.7/node_modules/@types/rc-slider/index.d.ts'
[18:4:54.742] Adding entry into typings cache: 'rc-steps' => '/home/jorge/.cache/typescript/3.7/node_modules/@types/rc-steps/index.d.ts'
[18:4:54.742] Adding entry into typings cache: 'rc-switch' => '/home/jorge/.cache/typescript/3.7/node_modules/@types/rc-switch/index.d.ts'
[18:4:54.743] Adding entry into typings cache: 'rc-tooltip' => '/home/jorge/.cache/typescript/3.7/node_modules/@types/rc-tooltip/index.d.ts'
[18:4:54.743] Adding entry into typings cache: 'rc-tree' => '/home/jorge/.cache/typescript/3.7/node_modules/@types/rc-tree/index.d.ts'
[18:4:54.744] Adding entry into typings cache: 'react' => '/home/jorge/.cache/typescript/3.7/node_modules/@types/react/index.d.ts'
[18:4:54.744] Adding entry into typings cache: 'react-dev-utils' => '/home/jorge/.cache/typescript/3.7/node_modules/@types/react-dev-utils/index.d.ts'
[18:4:54.744] Adding entry into typings cache: 'react-dom' => '/home/jorge/.cache/typescript/3.7/node_modules/@types/react-dom/index.d.ts'
[18:4:54.745] Adding entry into typings cache: 'react-is' => '/home/jorge/.cache/typescript/3.7/node_modules/@types/react-is/index.d.ts'
[18:4:54.746] Adding entry into typings cache: 'react-lifecycles-compat' => '/home/jorge/.cache/typescript/3.7/node_modules/@types/react-lifecycles-compat/index.d.ts'
[18:4:54.746] Adding entry into typings cache: 'react-router' => '/home/jorge/.cache/typescript/3.7/node_modules/@types/react-router/index.d.ts'
[18:4:54.747] Adding entry into typings cache: 'react-router-dom' => '/home/jorge/.cache/typescript/3.7/node_modules/@types/react-router-dom/index.d.ts'
[18:4:54.747] Adding entry into typings cache: 'react-table' => '/home/jorge/.cache/typescript/3.7/node_modules/@types/react-table/index.d.ts'
[18:4:54.748] Adding entry into typings cache: 'react-textarea-autosize' => '/home/jorge/.cache/typescript/3.7/node_modules/@types/react-textarea-autosize/index.d.ts'
[18:4:54.748] Adding entry into typings cache: 'readable-stream' => '/home/jorge/.cache/typescript/3.7/node_modules/@types/readable-stream/index.d.ts'
[18:4:54.748] Adding entry into typings cache: 'readline-sync' => '/home/jorge/.cache/typescript/3.7/node_modules/@types/readline-sync/index.d.ts'
[18:4:54.749] Adding entry into typings cache: 'recursive-readdir' => '/home/jorge/.cache/typescript/3.7/node_modules/@types/recursive-readdir/index.d.ts'
[18:4:54.749] Adding entry into typings cache: 'regenerator-runtime' => '/home/jorge/.cache/typescript/3.7/node_modules/@types/regenerator-runtime/index.d.ts'
[18:4:54.750] Adding entry into typings cache: 'relateurl' => '/home/jorge/.cache/typescript/3.7/node_modules/@types/relateurl/index.d.ts'
[18:4:54.750] Adding entry into typings cache: 'repeat-element' => '/home/jorge/.cache/typescript/3.7/node_modules/@types/repeat-element/index.d.ts'
[18:4:54.751] Adding entry into typings cache: 'repeat-string' => '/home/jorge/.cache/typescript/3.7/node_modules/@types/repeat-string/index.d.ts'
[18:4:54.752] Adding entry into typings cache: 'repeating' => '/home/jorge/.cache/typescript/3.7/node_modules/@types/repeating/index.d.ts'
[18:4:54.752] Adding entry into typings cache: 'replace-ext' => '/home/jorge/.cache/typescript/3.7/node_modules/@types/replace-ext/index.d.ts'
[18:4:54.752] Adding entry into typings cache: 'request' => '/home/jorge/.cache/typescript/3.7/node_modules/@types/request/index.d.ts'
[18:4:54.753] Adding entry into typings cache: 'request-promise-native' => '/home/jorge/.cache/typescript/3.7/node_modules/@types/request-promise-native/index.d.ts'
[18:4:54.753] Adding entry into typings cache: 'require-directory' => '/home/jorge/.cache/typescript/3.7/node_modules/@types/require-directory/index.d.ts'
[18:4:54.754] Adding entry into typings cache: 'require-relative' => '/home/jorge/.cache/typescript/3.7/node_modules/@types/require-relative/index.d.ts'
[18:4:54.754] Adding entry into typings cache: 'requires-port' => '/home/jorge/.cache/typescript/3.7/node_modules/@types/requires-port/index.d.ts'
[18:4:54.755] Adding entry into typings cache: 'resize-img' => '/home/jorge/.cache/typescript/3.7/node_modules/@types/resize-img/index.d.ts'
[18:4:54.755] Adding entry into typings cache: 'resolve' => '/home/jorge/.cache/typescript/3.7/node_modules/@types/resolve/index.d.ts'
[18:4:54.755] Adding entry into typings cache: 'retry' => '/home/jorge/.cache/typescript/3.7/node_modules/@types/retry/index.d.ts'
[18:4:54.756] Adding entry into typings cache: 'rimraf' => '/home/jorge/.cache/typescript/3.7/node_modules/@types/rimraf/index.d.ts'
[18:4:54.757] Adding entry into typings cache: 'ripemd160' => '/home/jorge/.cache/typescript/3.7/node_modules/@types/ripemd160/index.d.ts'
[18:4:54.757] Adding entry into typings cache: 'rsvp' => '/home/jorge/.cache/typescript/3.7/node_modules/@types/rsvp/index.d.ts'
[18:4:54.758] Adding entry into typings cache: 'rx' => '/home/jorge/.cache/typescript/3.7/node_modules/@types/rx/index.d.ts'
[18:4:54.758] Adding entry into typings cache: 'safe-regex' => '/home/jorge/.cache/typescript/3.7/node_modules/@types/safe-regex/index.d.ts'
[18:4:54.759] Adding entry into typings cache: 'safer-buffer' => '/home/jorge/.cache/typescript/3.7/node_modules/@types/safer-buffer/index.d.ts'
[18:4:54.759] Adding entry into typings cache: 'sane' => '/home/jorge/.cache/typescript/3.7/node_modules/@types/sane/index.d.ts'
[18:4:54.759] Adding entry into typings cache: 'sax' => '/home/jorge/.cache/typescript/3.7/node_modules/@types/sax/index.d.ts'
[18:4:54.760] Adding entry into typings cache: 'scheduler' => '/home/jorge/.cache/typescript/3.7/node_modules/@types/scheduler/index.d.ts'
[18:4:54.760] Adding entry into typings cache: 'semver' => '/home/jorge/.cache/typescript/3.7/node_modules/@types/semver/index.d.ts'
[18:4:54.761] Adding entry into typings cache: 'send' => '/home/jorge/.cache/typescript/3.7/node_modules/@types/send/index.d.ts'
[18:4:54.761] Adding entry into typings cache: 'sentry__webpack-plugin' => '/home/jorge/.cache/typescript/3.7/node_modules/@types/sentry__webpack-plugin/index.d.ts'
[18:4:54.762] Adding entry into typings cache: 'serialize-javascript' => '/home/jorge/.cache/typescript/3.7/node_modules/@types/serialize-javascript/index.d.ts'
[18:4:54.762] Adding entry into typings cache: 'serve-index' => '/home/jorge/.cache/typescript/3.7/node_modules/@types/serve-index/index.d.ts'
[18:4:54.762] Adding entry into typings cache: 'serve-static' => '/home/jorge/.cache/typescript/3.7/node_modules/@types/serve-static/index.d.ts'
[18:4:54.763] Adding entry into typings cache: 'set-value' => '/home/jorge/.cache/typescript/3.7/node_modules/@types/set-value/index.d.ts'
[18:4:54.763] Adding entry into typings cache: 'setimmediate' => '/home/jorge/.cache/typescript/3.7/node_modules/@types/setimmediate/ts3.1/index.d.ts'
[18:4:54.764] Adding entry into typings cache: 'sha.js' => '/home/jorge/.cache/typescript/3.7/node_modules/@types/sha.js/index.d.ts'
[18:4:54.764] Adding entry into typings cache: 'shallowequal' => '/home/jorge/.cache/typescript/3.7/node_modules/@types/shallowequal/index.d.ts'
[18:4:54.765] Adding entry into typings cache: 'sharp' => '/home/jorge/.cache/typescript/3.7/node_modules/@types/sharp/index.d.ts'
[18:4:54.765] Adding entry into typings cache: 'shebang-command' => '/home/jorge/.cache/typescript/3.7/node_modules/@types/shebang-command/index.d.ts'
[18:4:54.765] Adding entry into typings cache: 'shell-quote' => '/home/jorge/.cache/typescript/3.7/node_modules/@types/shell-quote/index.d.ts'
[18:4:54.766] Adding entry into typings cache: 'signal-exit' => '/home/jorge/.cache/typescript/3.7/node_modules/@types/signal-exit/index.d.ts'
[18:4:54.766] Adding entry into typings cache: 'slice-ansi' => '/home/jorge/.cache/typescript/3.7/node_modules/@types/slice-ansi/index.d.ts'
[18:4:54.766] Adding entry into typings cache: 'socket.io' => '/home/jorge/.cache/typescript/3.7/node_modules/@types/socket.io/index.d.ts'
[18:4:54.767] Adding entry into typings cache: 'socket.io-client' => '/home/jorge/.cache/typescript/3.7/node_modules/@types/socket.io-client/index.d.ts'
[18:4:54.767] Adding entry into typings cache: 'socket.io-parser' => '/home/jorge/.cache/typescript/3.7/node_modules/@types/socket.io-parser/index.d.ts'
[18:4:54.767] Adding entry into typings cache: 'sockjs' => '/home/jorge/.cache/typescript/3.7/node_modules/@types/sockjs/index.d.ts'
[18:4:54.768] Adding entry into typings cache: 'sockjs-client' => '/home/jorge/.cache/typescript/3.7/node_modules/@types/sockjs-client/index.d.ts'
[18:4:54.768] Adding entry into typings cache: 'source-list-map' => '/home/jorge/.cache/typescript/3.7/node_modules/@types/source-list-map/index.d.ts'
[18:4:54.769] Adding entry into typings cache: 'source-map-support' => '/home/jorge/.cache/typescript/3.7/node_modules/@types/source-map-support/index.d.ts'
[18:4:54.769] Adding entry into typings cache: 'spdx-correct' => '/home/jorge/.cache/typescript/3.7/node_modules/@types/spdx-correct/index.d.ts'
[18:4:54.770] Adding entry into typings cache: 'spdy' => '/home/jorge/.cache/typescript/3.7/node_modules/@types/spdy/index.d.ts'
[18:4:54.770] Adding entry into typings cache: 'split' => '/home/jorge/.cache/typescript/3.7/node_modules/@types/split/index.d.ts'
[18:4:54.770] Adding entry into typings cache: 'sprintf' => '/home/jorge/.cache/typescript/3.7/node_modules/@types/sprintf/index.d.ts'
[18:4:54.771] Adding entry into typings cache: 'sprintf-js' => '/home/jorge/.cache/typescript/3.7/node_modules/@types/sprintf-js/index.d.ts'
[18:4:54.771] Adding entry into typings cache: 'sshpk' => '/home/jorge/.cache/typescript/3.7/node_modules/@types/sshpk/index.d.ts'
[18:4:54.771] Adding entry into typings cache: 'ssri' => '/home/jorge/.cache/typescript/3.7/node_modules/@types/ssri/index.d.ts'
[18:4:54.772] Adding entry into typings cache: 'stack-utils' => '/home/jorge/.cache/typescript/3.7/node_modules/@types/stack-utils/index.d.ts'
[18:4:54.772] Adding entry into typings cache: 'statuses' => '/home/jorge/.cache/typescript/3.7/node_modules/@types/statuses/index.d.ts'
[18:4:54.772] Adding entry into typings cache: 'stream-each' => '/home/jorge/.cache/typescript/3.7/node_modules/@types/stream-each/index.d.ts'
[18:4:54.773] Adding entry into typings cache: 'stream-shift' => '/home/jorge/.cache/typescript/3.7/node_modules/@types/stream-shift/index.d.ts'
[18:4:54.773] Adding entry into typings cache: 'strict-uri-encode' => '/home/jorge/.cache/typescript/3.7/node_modules/@types/strict-uri-encode/index.d.ts'
[18:4:54.773] Adding entry into typings cache: 'stringify-object' => '/home/jorge/.cache/typescript/3.7/node_modules/@types/stringify-object/index.d.ts'
[18:4:54.774] Adding entry into typings cache: 'strip-comments' => '/home/jorge/.cache/typescript/3.7/node_modules/@types/strip-comments/index.d.ts'
[18:4:54.774] Adding entry into typings cache: 'supports-color' => '/home/jorge/.cache/typescript/3.7/node_modules/@types/supports-color/index.d.ts'
[18:4:54.774] Adding entry into typings cache: 'svgo' => '/home/jorge/.cache/typescript/3.7/node_modules/@types/svgo/index.d.ts'
[18:4:54.775] Adding entry into typings cache: 'symbol-tree' => '/home/jorge/.cache/typescript/3.7/node_modules/@types/symbol-tree/index.d.ts'
[18:4:54.775] Adding entry into typings cache: 'table' => '/home/jorge/.cache/typescript/3.7/node_modules/@types/table/index.d.ts'
[18:4:54.775] Adding entry into typings cache: 'tapable' => '/home/jorge/.cache/typescript/3.7/node_modules/@types/tapable/index.d.ts'
[18:4:54.776] Adding entry into typings cache: 'tar' => '/home/jorge/.cache/typescript/3.7/node_modules/@types/tar/index.d.ts'
[18:4:54.776] Adding entry into typings cache: 'tar-fs' => '/home/jorge/.cache/typescript/3.7/node_modules/@types/tar-fs/index.d.ts'
[18:4:54.777] Adding entry into typings cache: 'tar-stream' => '/home/jorge/.cache/typescript/3.7/node_modules/@types/tar-stream/index.d.ts'
[18:4:54.777] Adding entry into typings cache: 'terser-webpack-plugin' => '/home/jorge/.cache/typescript/3.7/node_modules/@types/terser-webpack-plugin/index.d.ts'
[18:4:54.778] Adding entry into typings cache: 'text-table' => '/home/jorge/.cache/typescript/3.7/node_modules/@types/text-table/index.d.ts'
[18:4:54.778] Adding entry into typings cache: 'through' => '/home/jorge/.cache/typescript/3.7/node_modules/@types/through/index.d.ts'
[18:4:54.778] Adding entry into typings cache: 'through2' => '/home/jorge/.cache/typescript/3.7/node_modules/@types/through2/index.d.ts'
[18:4:54.779] Adding entry into typings cache: 'timsort' => '/home/jorge/.cache/typescript/3.7/node_modules/@types/timsort/index.d.ts'
[18:4:54.779] Adding entry into typings cache: 'tinycolor2' => '/home/jorge/.cache/typescript/3.7/node_modules/@types/tinycolor2/index.d.ts'
[18:4:54.780] Adding entry into typings cache: 'tmp' => '/home/jorge/.cache/typescript/3.7/node_modules/@types/tmp/index.d.ts'
[18:4:54.780] Adding entry into typings cache: 'to-ico' => '/home/jorge/.cache/typescript/3.7/node_modules/@types/to-ico/index.d.ts'
[18:4:54.781] Adding entry into typings cache: 'toposort' => '/home/jorge/.cache/typescript/3.7/node_modules/@types/toposort/index.d.ts'
[18:4:54.781] Adding entry into typings cache: 'tough-cookie' => '/home/jorge/.cache/typescript/3.7/node_modules/@types/tough-cookie/index.d.ts'
[18:4:54.781] Adding entry into typings cache: 'type-check' => '/home/jorge/.cache/typescript/3.7/node_modules/@types/type-check/index.d.ts'
[18:4:54.782] Adding entry into typings cache: 'type-detect' => '/home/jorge/.cache/typescript/3.7/node_modules/@types/type-detect/index.d.ts'
[18:4:54.782] Adding entry into typings cache: 'type-is' => '/home/jorge/.cache/typescript/3.7/node_modules/@types/type-is/index.d.ts'
[18:4:54.783] Adding entry into typings cache: 'ua-parser-js' => '/home/jorge/.cache/typescript/3.7/node_modules/@types/ua-parser-js/index.d.ts'
[18:4:54.783] Adding entry into typings cache: 'uglify-js' => '/home/jorge/.cache/typescript/3.7/node_modules/@types/uglify-js/index.d.ts'
[18:4:54.783] Adding entry into typings cache: 'underscore' => '/home/jorge/.cache/typescript/3.7/node_modules/@types/underscore/index.d.ts'
[18:4:54.784] Adding entry into typings cache: 'uniq' => '/home/jorge/.cache/typescript/3.7/node_modules/@types/uniq/index.d.ts'
[18:4:54.784] Adding entry into typings cache: 'unist' => '/home/jorge/.cache/typescript/3.7/node_modules/@types/unist/index.d.ts'
[18:4:54.784] Adding entry into typings cache: 'universalify' => '/home/jorge/.cache/typescript/3.7/node_modules/@types/universalify/index.d.ts'
[18:4:54.785] Adding entry into typings cache: 'urix' => '/home/jorge/.cache/typescript/3.7/node_modules/@types/urix/index.d.ts'
[18:4:54.785] Adding entry into typings cache: 'url-parse' => '/home/jorge/.cache/typescript/3.7/node_modules/@types/url-parse/index.d.ts'
[18:4:54.786] Adding entry into typings cache: 'utif' => '/home/jorge/.cache/typescript/3.7/node_modules/@types/utif/index.d.ts'
[18:4:54.786] Adding entry into typings cache: 'util-deprecate' => '/home/jorge/.cache/typescript/3.7/node_modules/@types/util-deprecate/index.d.ts'
[18:4:54.787] Adding entry into typings cache: 'util.promisify' => '/home/jorge/.cache/typescript/3.7/node_modules/@types/util.promisify/index.d.ts'
[18:4:54.787] Adding entry into typings cache: 'utils-merge' => '/home/jorge/.cache/typescript/3.7/node_modules/@types/utils-merge/index.d.ts'
[18:4:54.787] Adding entry into typings cache: 'uuid' => '/home/jorge/.cache/typescript/3.7/node_modules/@types/uuid/index.d.ts'
[18:4:54.788] Adding entry into typings cache: 'validate-npm-package-license' => '/home/jorge/.cache/typescript/3.7/node_modules/@types/validate-npm-package-license/index.d.ts'
[18:4:54.788] Adding entry into typings cache: 'vary' => '/home/jorge/.cache/typescript/3.7/node_modules/@types/vary/index.d.ts'
[18:4:54.788] Adding entry into typings cache: 'verror' => '/home/jorge/.cache/typescript/3.7/node_modules/@types/verror/index.d.ts'
[18:4:54.789] Adding entry into typings cache: 'vinyl' => '/home/jorge/.cache/typescript/3.7/node_modules/@types/vinyl/index.d.ts'
[18:4:54.789] Adding entry into typings cache: 'w3c-xmlserializer' => '/home/jorge/.cache/typescript/3.7/node_modules/@types/w3c-xmlserializer/index.d.ts'
[18:4:54.789] Adding entry into typings cache: 'warning' => '/home/jorge/.cache/typescript/3.7/node_modules/@types/warning/index.d.ts'
[18:4:54.790] Adding entry into typings cache: 'watchpack' => '/home/jorge/.cache/typescript/3.7/node_modules/@types/watchpack/index.d.ts'
[18:4:54.790] Adding entry into typings cache: 'webidl-conversions' => '/home/jorge/.cache/typescript/3.7/node_modules/@types/webidl-conversions/index.d.ts'
[18:4:54.790] Adding entry into typings cache: 'webpack' => '/home/jorge/.cache/typescript/3.7/node_modules/@types/webpack/index.d.ts'
[18:4:54.791] Adding entry into typings cache: 'webpack-dev-middleware' => '/home/jorge/.cache/typescript/3.7/node_modules/@types/webpack-dev-middleware/index.d.ts'
[18:4:54.791] Adding entry into typings cache: 'webpack-dev-server' => '/home/jorge/.cache/typescript/3.7/node_modules/@types/webpack-dev-server/index.d.ts'
[18:4:54.792] Adding entry into typings cache: 'webpack-hot-middleware' => '/home/jorge/.cache/typescript/3.7/node_modules/@types/webpack-hot-middleware/index.d.ts'
[18:4:54.792] Adding entry into typings cache: 'webpack-manifest-plugin' => '/home/jorge/.cache/typescript/3.7/node_modules/@types/webpack-manifest-plugin/index.d.ts'
[18:4:54.793] Adding entry into typings cache: 'webpack-merge' => '/home/jorge/.cache/typescript/3.7/node_modules/@types/webpack-merge/index.d.ts'
[18:4:54.793] Adding entry into typings cache: 'webpack-sources' => '/home/jorge/.cache/typescript/3.7/node_modules/@types/webpack-sources/index.d.ts'
[18:4:54.793] Adding entry into typings cache: 'whatwg-encoding' => '/home/jorge/.cache/typescript/3.7/node_modules/@types/whatwg-encoding/index.d.ts'
[18:4:54.793] Adding entry into typings cache: 'whatwg-mimetype' => '/home/jorge/.cache/typescript/3.7/node_modules/@types/whatwg-mimetype/index.d.ts'
[18:4:54.794] Adding entry into typings cache: 'whatwg-url' => '/home/jorge/.cache/typescript/3.7/node_modules/@types/whatwg-url/index.d.ts'
[18:4:54.794] Adding entry into typings cache: 'which' => '/home/jorge/.cache/typescript/3.7/node_modules/@types/which/index.d.ts'
[18:4:54.795] Adding entry into typings cache: 'which-pm-runs' => '/home/jorge/.cache/typescript/3.7/node_modules/@types/which-pm-runs/index.d.ts'
[18:4:54.795] Adding entry into typings cache: 'wordwrap' => '/home/jorge/.cache/typescript/3.7/node_modules/@types/wordwrap/index.d.ts'
[18:4:54.795] Adding entry into typings cache: 'workbox-background-sync' => '/home/jorge/.cache/typescript/3.7/node_modules/@types/workbox-background-sync/index.d.ts'
[18:4:54.796] Adding entry into typings cache: 'workbox-broadcast-update' => '/home/jorge/.cache/typescript/3.7/node_modules/@types/workbox-broadcast-update/index.d.ts'
[18:4:54.796] Adding entry into typings cache: 'workbox-build' => '/home/jorge/.cache/typescript/3.7/node_modules/@types/workbox-build/index.d.ts'
[18:4:54.796] Adding entry into typings cache: 'workbox-cacheable-response' => '/home/jorge/.cache/typescript/3.7/node_modules/@types/workbox-cacheable-response/index.d.ts'
[18:4:54.797] Adding entry into typings cache: 'workbox-core' => '/home/jorge/.cache/typescript/3.7/node_modules/@types/workbox-core/index.d.ts'
[18:4:54.797] Adding entry into typings cache: 'workbox-expiration' => '/home/jorge/.cache/typescript/3.7/node_modules/@types/workbox-expiration/index.d.ts'
[18:4:54.797] Adding entry into typings cache: 'workbox-google-analytics' => '/home/jorge/.cache/typescript/3.7/node_modules/@types/workbox-google-analytics/index.d.ts'
[18:4:54.798] Adding entry into typings cache: 'workbox-navigation-preload' => '/home/jorge/.cache/typescript/3.7/node_modules/@types/workbox-navigation-preload/index.d.ts'
[18:4:54.798] Adding entry into typings cache: 'workbox-precaching' => '/home/jorge/.cache/typescript/3.7/node_modules/@types/workbox-precaching/index.d.ts'
[18:4:54.798] Adding entry into typings cache: 'workbox-range-requests' => '/home/jorge/.cache/typescript/3.7/node_modules/@types/workbox-range-requests/index.d.ts'
[18:4:54.799] Adding entry into typings cache: 'workbox-routing' => '/home/jorge/.cache/typescript/3.7/node_modules/@types/workbox-routing/index.d.ts'
[18:4:54.799] Adding entry into typings cache: 'workbox-strategies' => '/home/jorge/.cache/typescript/3.7/node_modules/@types/workbox-strategies/index.d.ts'
[18:4:54.799] Adding entry into typings cache: 'workbox-streams' => '/home/jorge/.cache/typescript/3.7/node_modules/@types/workbox-streams/index.d.ts'
[18:4:54.800] Adding entry into typings cache: 'workbox-sw' => '/home/jorge/.cache/typescript/3.7/node_modules/@types/workbox-sw/index.d.ts'
[18:4:54.800] Adding entry into typings cache: 'workbox-webpack-plugin' => '/home/jorge/.cache/typescript/3.7/node_modules/@types/workbox-webpack-plugin/index.d.ts'
[18:4:54.800] Adding entry into typings cache: 'workbox-window' => '/home/jorge/.cache/typescript/3.7/node_modules/@types/workbox-window/index.d.ts'
[18:4:54.801] Adding entry into typings cache: 'wrap-ansi' => '/home/jorge/.cache/typescript/3.7/node_modules/@types/wrap-ansi/index.d.ts'
[18:4:54.801] Adding entry into typings cache: 'write' => '/home/jorge/.cache/typescript/3.7/node_modules/@types/write/index.d.ts'
[18:4:54.802] Adding entry into typings cache: 'write-file-atomic' => '/home/jorge/.cache/typescript/3.7/node_modules/@types/write-file-atomic/index.d.ts'
[18:4:54.802] Adding entry into typings cache: 'ws' => '/home/jorge/.cache/typescript/3.7/node_modules/@types/ws/index.d.ts'
[18:4:54.802] Adding entry into typings cache: 'xml2js' => '/home/jorge/.cache/typescript/3.7/node_modules/@types/xml2js/index.d.ts'
[18:4:54.803] Adding entry into typings cache: 'xregexp' => '/home/jorge/.cache/typescript/3.7/node_modules/@types/xregexp/index.d.ts'
[18:4:54.803] Adding entry into typings cache: 'xtend' => '/home/jorge/.cache/typescript/3.7/node_modules/@types/xtend/index.d.ts'
[18:4:54.803] Adding entry into typings cache: 'y18n' => '/home/jorge/.cache/typescript/3.7/node_modules/@types/y18n/index.d.ts'
[18:4:54.804] Adding entry into typings cache: 'yallist' => '/home/jorge/.cache/typescript/3.7/node_modules/@types/yallist/index.d.ts'
[18:4:54.804] Adding entry into typings cache: 'yaml' => '/home/jorge/.cache/typescript/3.7/node_modules/@types/yaml/index.d.ts'
[18:4:54.805] Adding entry into typings cache: 'yargs' => '/home/jorge/.cache/typescript/3.7/node_modules/@types/yargs/index.d.ts'
[18:4:54.805] Adding entry into typings cache: 'yargs-parser' => '/home/jorge/.cache/typescript/3.7/node_modules/@types/yargs-parser/index.d.ts'
[18:4:54.806] Adding entry into typings cache: 'yeast' => '/home/jorge/.cache/typescript/3.7/node_modules/@types/yeast/index.d.ts'
[18:4:54.806] Adding entry into typings cache: 'yup' => '/home/jorge/.cache/typescript/3.7/node_modules/@types/yup/index.d.ts'
[18:4:54.806] Finished processing cache location '/home/jorge/.cache/typescript/3.7'
[18:4:54.806] Process id: 45051
[18:4:54.806] NPM location: /usr/bin/npm (explicit '--npmLocation' not  provided)
[18:4:54.806] validateDefaultNpmLocation: false
[18:4:54.806] Npm config file: /home/jorge/.cache/typescript/3.7/package.json
[18:4:54.806] Updating types-registry npm package...
[18:4:54.806] Exec: /usr/bin/npm install --ignore-scripts types-registry@latest
[18:4:58.253]     Succeeded. stdout:
    + types-registry@0.1.517
    updated 1 package and audited 855 packages in 2.748s

6 packages are looking for funding
  run `npm fund` for details

found 3 low severity vulnerabilities
  run `npm audit fix` to fix them, or `npm audit` for details

[18:4:58.253] Updated types-registry npm package
